{"meta": {"format": 3, "version": "7.16.0", "timestamp": "2026-09-23T12:28:06.901643", "branch_coverage": false, "show_contexts": false}, "files": {"src/analytics/gex.py": {"executed_lines": [23, 29, 41, 81, 82, 84, 85, 86, 87, 88, 90, 91, 92, 93, 94, 96, 101, 102, 103, 104, 105, 106, 113, 116, 117, 120, 122, 127, 130, 134, 139, 145], "summary": {"covered_lines": 32, "num_statements": 34, "percent_covered": 94.11764705882354, "percent_covered_display": "94", "missing_lines": 2, "excluded_lines": 0, "percent_statements_covered": 94.11764705882354, "percent_statements_covered_display": "94"}, "missing_lines": [107, 108], "excluded_lines": [], "functions": {"compute_gex": {"executed_lines": [81, 82, 84, 85, 86, 87, 88, 90, 91, 92, 93, 94, 96, 101, 102, 103, 104, 105, 106, 113, 116, 117, 120, 122, 127, 130, 134, 139, 145], "summary": {"covered_lines": 29, "num_statements": 31, "percent_covered": 93.54838709677419, "percent_covered_display": "94", "missing_lines": 2, "excluded_lines": 0, "percent_statements_covered": 93.54838709677419, "percent_statements_covered_display": "94"}, "missing_lines": [107, 108], "excluded_lines": [], "start_line": 41}, "": {"executed_lines": [23, 29, 41], "summary": {"covered_lines": 3, "num_statements": 3, "percent_covered": 100.0, "percent_covered_display": "100", "missing_lines": 0, "excluded_lines": 0, "percent_statements_covered": 100.0, "percent_statements_covered_display": "100"}, "missing_lines": [], "excluded_lines": [], "start_line": 1}}, "classes": {"": {"executed_lines": [23, 29, 41, 81, 82, 84, 85, 86, 87, 88, 90, 91, 92, 93, 94, 96, 101, 102, 103, 104, 105, 106, 113, 116, 117, 120, 122, 127, 130, 134, 139, 145], "summary": {"covered_lines": 32, "num_statements": 34, "percent_covered": 94.11764705882354, "percent_covered_display": "94", "missing_lines": 2, "excluded_lines": 0, "percent_statements_covered": 94.11764705882354, "percent_statements_covered_display": "94"}, "missing_lines": [107, 108], "excluded_lines": [], "start_line": 1}}}, "src/analytics/greeks.py": {"executed_lines": [33, 35, 36, 37, 38, 39, 41, 42, 43, 45, 48, 54, 55, 62, 66, 67, 68, 69, 72, 83, 84, 85, 86, 87, 88, 89, 90, 93, 100, 101, 102, 103, 104, 105, 108, 123, 128, 130, 131, 133, 136, 140, 142, 143, 151, 188, 190, 191, 192, 195, 203, 204, 205, 207, 208, 209, 210, 213, 214, 217, 218, 221, 222, 223, 224, 226, 227, 228, 230, 233, 234, 237, 238, 240, 241, 244, 245, 247, 248, 250, 259, 289, 291, 292, 294, 296, 297, 298, 300, 301, 303, 304, 305, 307, 308, 311, 312, 313, 315, 316, 317, 318, 326, 333, 334, 337, 338, 339, 340, 343, 370, 371, 372, 374, 376, 377, 379, 380, 381, 382, 388, 389, 392, 393, 394, 397, 398, 399, 401, 402, 407, 408, 409, 411, 413], "summary": {"covered_lines": 135, "num_statements": 146, "percent_covered": 92.46575342465754, "percent_covered_display": "92", "missing_lines": 11, "excluded_lines": 0, "percent_statements_covered": 92.46575342465754, "percent_statements_covered_display": "92"}, "missing_lines": [124, 125, 126, 141, 194, 320, 321, 322, 323, 335, 405], "excluded_lines": [], "functions": {"_d1_d2": {"executed_lines": [66, 67, 68, 69], "summary": {"covered_lines": 4, "num_statements": 4, "percent_covered": 100.0, "percent_covered_display": "100", "missing_lines": 0, "excluded_lines": 0, "percent_statements_covered": 100.0, "percent_statements_covered_display": "100"}, "missing_lines": [], "excluded_lines": [], "start_line": 62}, "_safe_cdf": {"executed_lines": [83, 84, 85, 86, 87, 88, 89, 90], "summary": {"covered_lines": 8, "num_statements": 8, "percent_covered": 100.0, "percent_covered_display": "100", "missing_lines": 0, "excluded_lines": 0, "percent_statements_covered": 100.0, "percent_statements_covered_display": "100"}, "missing_lines": [], "excluded_lines": [], "start_line": 72}, "_safe_pdf": {"executed_lines": [100, 101, 102, 103, 104, 105], "summary": {"covered_lines": 6, "num_statements": 6, "percent_covered": 100.0, "percent_covered_display": "100", "missing_lines": 0, "excluded_lines": 0, "percent_statements_covered": 100.0, "percent_statements_covered_display": "100"}, "missing_lines": [], "excluded_lines": [], "start_line": 93}, "_bs_price": {"executed_lines": [123, 128, 130, 131, 133], "summary": {"covered_lines": 5, "num_statements": 8, "percent_covered": 62.5, "percent_covered_display": "62", "missing_lines": 3, "excluded_lines": 0, "percent_statements_covered": 62.5, "percent_statements_covered_display": "62"}, "missing_lines": [124, 125, 126], "excluded_lines": [], "start_line": 108}, "_bs_vega": {"executed_lines": [140, 142, 143], "summary": {"covered_lines": 3, "num_statements": 4, "percent_covered": 75.0, "percent_covered_display": "75", "missing_lines": 1, "excluded_lines": 0, "percent_statements_covered": 75.0, "percent_statements_covered_display": "75"}, "missing_lines": [141], "excluded_lines": [], "start_line": 136}, "compute_greeks_bs": {"executed_lines": [188, 190, 191, 192, 195, 203, 204, 205, 207, 208, 209, 210, 213, 214, 217, 218, 221, 222, 223, 224, 226, 227, 228, 230, 233, 234, 237, 238, 240, 241, 244, 245, 247, 248, 250], "summary": {"covered_lines": 35, "num_statements": 36, "percent_covered": 97.22222222222223, "percent_covered_display": "97", "missing_lines": 1, "excluded_lines": 0, "percent_statements_covered": 97.22222222222223, "percent_statements_covered_display": "97"}, "missing_lines": [194], "excluded_lines": [], "start_line": 151}, "solve_iv": {"executed_lines": [289, 291, 292, 294, 296, 297, 298, 300, 301, 303, 304, 305, 307, 308, 311, 312, 315, 316, 317, 318], "summary": {"covered_lines": 20, "num_statements": 24, "percent_covered": 83.33333333333333, "percent_covered_display": "83", "missing_lines": 4, "excluded_lines": 0, "percent_statements_covered": 83.33333333333333, "percent_statements_covered_display": "83"}, "missing_lines": [320, 321, 322, 323], "excluded_lines": [], "start_line": 259}, "solve_iv.objective": {"executed_lines": [313], "summary": {"covered_lines": 1, "num_statements": 1, "percent_covered": 100.0, "percent_covered_display": "100", "missing_lines": 0, "excluded_lines": 0, "percent_statements_covered": 100.0, "percent_statements_covered_display": "100"}, "missing_lines": [], "excluded_lines": [], "start_line": 312}, "_trading_days_until": {"executed_lines": [333, 334, 337, 338, 339, 340], "summary": {"covered_lines": 6, "num_statements": 7, "percent_covered": 85.71428571428571, "percent_covered_display": "86", "missing_lines": 1, "excluded_lines": 0, "percent_statements_covered": 85.71428571428571, "percent_statements_covered_display": "86"}, "missing_lines": [335], "excluded_lines": [], "start_line": 326}, "compute_chain_greeks": {"executed_lines": [370, 371, 372, 374, 376, 377, 379, 380, 381, 382, 388, 389, 392, 393, 394, 397, 398, 399, 401, 402, 407, 408, 409, 411, 413], "summary": {"covered_lines": 25, "num_statements": 26, "percent_covered": 96.15384615384616, "percent_covered_display": "96", "missing_lines": 1, "excluded_lines": 0, "percent_statements_covered": 96.15384615384616, "percent_statements_covered_display": "96"}, "missing_lines": [405], "excluded_lines": [], "start_line": 343}, "": {"executed_lines": [33, 35, 36, 37, 38, 39, 41, 42, 43, 45, 48, 54, 55, 62, 72, 93, 108, 136, 151, 259, 326, 343], "summary": {"covered_lines": 22, "num_statements": 22, "percent_covered": 100.0, "percent_covered_display": "100", "missing_lines": 0, "excluded_lines": 0, "percent_statements_covered": 100.0, "percent_statements_covered_display": "100"}, "missing_lines": [], "excluded_lines": [], "start_line": 1}}, "classes": {"": {"executed_lines": [33, 35, 36, 37, 38, 39, 41, 42, 43, 45, 48, 54, 55, 62, 66, 67, 68, 69, 72, 83, 84, 85, 86, 87, 88, 89, 90, 93, 100, 101, 102, 103, 104, 105, 108, 123, 128, 130, 131, 133, 136, 140, 142, 143, 151, 188, 190, 191, 192, 195, 203, 204, 205, 207, 208, 209, 210, 213, 214, 217, 218, 221, 222, 223, 224, 226, 227, 228, 230, 233, 234, 237, 238, 240, 241, 244, 245, 247, 248, 250, 259, 289, 291, 292, 294, 296, 297, 298, 300, 301, 303, 304, 305, 307, 308, 311, 312, 313, 315, 316, 317, 318, 326, 333, 334, 337, 338, 339, 340, 343, 370, 371, 372, 374, 376, 377, 379, 380, 381, 382, 388, 389, 392, 393, 394, 397, 398, 399, 401, 402, 407, 408, 409, 411, 413], "summary": {"covered_lines": 135, "num_statements": 146, "percent_covered": 92.46575342465754, "percent_covered_display": "92", "missing_lines": 11, "excluded_lines": 0, "percent_statements_covered": 92.46575342465754, "percent_statements_covered_display": "92"}, "missing_lines": [124, 125, 126, 141, 194, 320, 321, 322, 323, 335, 405], "excluded_lines": [], "start_line": 1}}}, "src/analytics/vol_surface.py": {"executed_lines": [32, 34, 35, 43, 67, 68, 71, 76, 84, 85, 87, 88, 89, 90, 93, 94, 102, 110, 112, 126, 146, 147, 148, 149, 150, 154, 162, 180, 181, 182, 189], "summary": {"covered_lines": 31, "num_statements": 31, "percent_covered": 100.0, "percent_covered_display": "100", "missing_lines": 0, "excluded_lines": 0, "percent_statements_covered": 100.0, "percent_statements_covered_display": "100"}, "missing_lines": [], "excluded_lines": [], "functions": {"fit_svi": {"executed_lines": [67, 68, 71, 76, 87, 93, 94, 102, 110, 112], "summary": {"covered_lines": 10, "num_statements": 10, "percent_covered": 100.0, "percent_covered_display": "100", "missing_lines": 0, "excluded_lines": 0, "percent_statements_covered": 100.0, "percent_statements_covered_display": "100"}, "missing_lines": [], "excluded_lines": [], "start_line": 43}, "fit_svi._svi_iv": {"executed_lines": [84, 85], "summary": {"covered_lines": 2, "num_statements": 2, "percent_covered": 100.0, "percent_covered_display": "100", "missing_lines": 0, "excluded_lines": 0, "percent_statements_covered": 100.0, "percent_statements_covered_display": "100"}, "missing_lines": [], "excluded_lines": [], "start_line": 76}, "fit_svi._objective": {"executed_lines": [88, 89, 90], "summary": {"covered_lines": 3, "num_statements": 3, "percent_covered": 100.0, "percent_covered_display": "100", "missing_lines": 0, "excluded_lines": 0, "percent_statements_covered": 100.0, "percent_statements_covered_display": "100"}, "missing_lines": [], "excluded_lines": [], "start_line": 87}, "build_iv_surface": {"executed_lines": [146, 147, 148, 149, 150, 154], "summary": {"covered_lines": 6, "num_statements": 6, "percent_covered": 100.0, "percent_covered_display": "100", "missing_lines": 0, "excluded_lines": 0, "percent_statements_covered": 100.0, "percent_statements_covered_display": "100"}, "missing_lines": [], "excluded_lines": [], "start_line": 126}, "compute_term_structure": {"executed_lines": [180, 181, 182, 189], "summary": {"covered_lines": 4, "num_statements": 4, "percent_covered": 100.0, "percent_covered_display": "100", "missing_lines": 0, "excluded_lines": 0, "percent_statements_covered": 100.0, "percent_statements_covered_display": "100"}, "missing_lines": [], "excluded_lines": [], "start_line": 162}, "": {"executed_lines": [32, 34, 35, 43, 126, 162], "summary": {"covered_lines": 6, "num_statements": 6, "percent_covered": 100.0, "percent_covered_display": "100", "missing_lines": 0, "excluded_lines": 0, "percent_statements_covered": 100.0, "percent_statements_covered_display": "100"}, "missing_lines": [], "excluded_lines": [], "start_line": 1}}, "classes": {"": {"executed_lines": [32, 34, 35, 43, 67, 68, 71, 76, 84, 85, 87, 88, 89, 90, 93, 94, 102, 110, 112, 126, 146, 147, 148, 149, 150, 154, 162, 180, 181, 182, 189], "summary": {"covered_lines": 31, "num_statements": 31, "percent_covered": 100.0, "percent_covered_display": "100", "missing_lines": 0, "excluded_lines": 0, "percent_statements_covered": 100.0, "percent_statements_covered_display": "100"}, "missing_lines": [], "excluded_lines": [], "start_line": 1}}}, "src/analytics/vpin.py": {"executed_lines": [23, 25, 28, 53, 54, 56, 59, 60, 61, 63, 64, 65, 66, 68, 69, 72, 73, 74, 75, 79, 80, 81, 82, 83, 85, 86, 88, 109, 110, 112, 113, 114, 116, 117, 118, 121, 122, 127, 136, 137, 138, 142, 143, 145, 148, 149, 150, 152], "summary": {"covered_lines": 48, "num_statements": 55, "percent_covered": 87.27272727272727, "percent_covered_display": "87", "missing_lines": 7, "excluded_lines": 0, "percent_statements_covered": 87.27272727272727, "percent_statements_covered_display": "87"}, "missing_lines": [77, 90, 95, 104, 105, 106, 107], "excluded_lines": [], "functions": {"compute_vpin": {"executed_lines": [53, 54, 56, 59, 60, 61, 63, 64, 65, 66, 68, 69, 72, 73, 74, 75, 79, 80, 81, 82, 83, 85, 86, 88, 109, 110, 112, 113, 114, 116, 117, 118, 121, 122, 127, 136, 137, 138, 142, 143, 145, 148, 149, 150, 152], "summary": {"covered_lines": 45, "num_statements": 52, "percent_covered": 86.53846153846153, "percent_covered_display": "87", "missing_lines": 7, "excluded_lines": 0, "percent_statements_covered": 86.53846153846153, "percent_statements_covered_display": "87"}, "missing_lines": [77, 90, 95, 104, 105, 106, 107], "excluded_lines": [], "start_line": 28}, "": {"executed_lines": [23, 25, 28], "summary": {"covered_lines": 3, "num_statements": 3, "percent_covered": 100.0, "percent_covered_display": "100", "missing_lines": 0, "excluded_lines": 0, "percent_statements_covered": 100.0, "percent_statements_covered_display": "100"}, "missing_lines": [], "excluded_lines": [], "start_line": 1}}, "classes": {"": {"executed_lines": [23, 25, 28, 53, 54, 56, 59, 60, 61, 63, 64, 65, 66, 68, 69, 72, 73, 74, 75, 79, 80, 81, 82, 83, 85, 86, 88, 109, 110, 112, 113, 114, 116, 117, 118, 121, 122, 127, 136, 137, 138, 142, 143, 145, 148, 149, 150, 152], "summary": {"covered_lines": 48, "num_statements": 55, "percent_covered": 87.27272727272727, "percent_covered_display": "87", "missing_lines": 7, "excluded_lines": 0, "percent_statements_covered": 87.27272727272727, "percent_statements_covered_display": "87"}, "missing_lines": [77, 90, 95, 104, 105, 106, 107], "excluded_lines": [], "start_line": 1}}}, "src/api/analytics.py": {"executed_lines": [16, 18, 19, 20, 22, 23, 24, 26, 27, 29, 31, 39, 45, 46, 48, 54, 55, 56, 58, 64, 67, 68, 69, 70, 73, 74, 82, 91, 92, 94, 96, 97, 101, 111, 112, 120, 123, 124, 125, 126, 127, 130, 133, 134, 137, 138, 146, 148, 150, 151, 152, 153, 161, 163, 177, 178, 186, 187, 196, 198], "summary": {"covered_lines": 60, "num_statements": 68, "percent_covered": 88.23529411764706, "percent_covered_display": "88", "missing_lines": 8, "excluded_lines": 0, "percent_statements_covered": 88.23529411764706, "percent_statements_covered_display": "88"}, "missing_lines": [83, 95, 99, 114, 158, 159, 180, 197], "excluded_lines": [], "functions": {"analytics_greeks": {"executed_lines": [48], "summary": {"covered_lines": 1, "num_statements": 1, "percent_covered": 100.0, "percent_covered_display": "100", "missing_lines": 0, "excluded_lines": 0, "percent_statements_covered": 100.0, "percent_statements_covered_display": "100"}, "missing_lines": [], "excluded_lines": [], "start_line": 46}, "analytics_gex": {"executed_lines": [58], "summary": {"covered_lines": 1, "num_statements": 1, "percent_covered": 100.0, "percent_covered_display": "100", "missing_lines": 0, "excluded_lines": 0, "percent_statements_covered": 100.0, "percent_statements_covered_display": "100"}, "missing_lines": [], "excluded_lines": [], "start_line": 56}, "analytics_vpin_post": {"executed_lines": [82, 91, 92, 94, 96, 97, 101], "summary": {"covered_lines": 7, "num_statements": 10, "percent_covered": 70.0, "percent_covered_display": "70", "missing_lines": 3, "excluded_lines": 0, "percent_statements_covered": 70.0, "percent_statements_covered_display": "70"}, "missing_lines": [83, 95, 99], "excluded_lines": [], "start_line": 74}, "analytics_vpin_get": {"executed_lines": [], "summary": {"covered_lines": 0, "num_statements": 1, "percent_covered": 0.0, "percent_covered_display": "0", "missing_lines": 1, "excluded_lines": 0, "percent_statements_covered": 0.0, "percent_statements_covered_display": "0"}, "missing_lines": [114], "excluded_lines": [], "start_line": 112}, "analytics_vol_surface_post": {"executed_lines": [146, 148, 150, 151, 152, 153, 161, 163], "summary": {"covered_lines": 8, "num_statements": 10, "percent_covered": 80.0, "percent_covered_display": "80", "missing_lines": 2, "excluded_lines": 0, "percent_statements_covered": 80.0, "percent_statements_covered_display": "80"}, "missing_lines": [158, 159], "excluded_lines": [], "start_line": 138}, "analytics_vol_surface_get": {"executed_lines": [], "summary": {"covered_lines": 0, "num_statements": 1, "percent_covered": 0.0, "percent_covered_display": "0", "missing_lines": 1, "excluded_lines": 0, "percent_statements_covered": 0.0, "percent_statements_covered_display": "0"}, "missing_lines": [180], "excluded_lines": [], "start_line": 178}, "features_quality": {"executed_lines": [196, 198], "summary": {"covered_lines": 2, "num_statements": 3, "percent_covered": 66.66666666666667, "percent_covered_display": "67", "missing_lines": 1, "excluded_lines": 0, "percent_statements_covered": 66.66666666666667, "percent_statements_covered_display": "67"}, "missing_lines": [197], "excluded_lines": [], "start_line": 187}, "": {"executed_lines": [16, 18, 19, 20, 22, 23, 24, 26, 27, 29, 31, 39, 45, 46, 54, 55, 56, 64, 67, 68, 69, 70, 73, 74, 111, 112, 120, 123, 124, 125, 126, 127, 130, 133, 134, 137, 138, 177, 178, 186, 187], "summary": {"covered_lines": 41, "num_statements": 41, "percent_covered": 100.0, "percent_covered_display": "100", "missing_lines": 0, "excluded_lines": 0, "percent_statements_covered": 100.0, "percent_statements_covered_display": "100"}, "missing_lines": [], "excluded_lines": [], "start_line": 1}}, "classes": {"VpinRequest": {"executed_lines": [], "summary": {"covered_lines": 0, "num_statements": 0, "percent_covered": 100.0, "percent_covered_display": "100", "missing_lines": 0, "excluded_lines": 0, "percent_statements_covered": 100.0, "percent_statements_covered_display": "100"}, "missing_lines": [], "excluded_lines": [], "start_line": 64}, "VolSurfaceSnapshotItem": {"executed_lines": [], "summary": {"covered_lines": 0, "num_statements": 0, "percent_covered": 100.0, "percent_covered_display": "100", "missing_lines": 0, "excluded_lines": 0, "percent_statements_covered": 100.0, "percent_statements_covered_display": "100"}, "missing_lines": [], "excluded_lines": [], "start_line": 120}, "VolSurfaceRequest": {"executed_lines": [], "summary": {"covered_lines": 0, "num_statements": 0, "percent_covered": 100.0, "percent_covered_display": "100", "missing_lines": 0, "excluded_lines": 0, "percent_statements_covered": 100.0, "percent_statements_covered_display": "100"}, "missing_lines": [], "excluded_lines": [], "start_line": 130}, "": {"executed_lines": [16, 18, 19, 20, 22, 23, 24, 26, 27, 29, 31, 39, 45, 46, 48, 54, 55, 56, 58, 64, 67, 68, 69, 70, 73, 74, 82, 91, 92, 94, 96, 97, 101, 111, 112, 120, 123, 124, 125, 126, 127, 130, 133, 134, 137, 138, 146, 148, 150, 151, 152, 153, 161, 163, 177, 178, 186, 187, 196, 198], "summary": {"covered_lines": 60, "num_statements": 68, "percent_covered": 88.23529411764706, "percent_covered_display": "88", "missing_lines": 8, "excluded_lines": 0, "percent_statements_covered": 88.23529411764706, "percent_statements_covered_display": "88"}, "missing_lines": [83, 95, 99, 114, 158, 159, 180, 197], "excluded_lines": [], "start_line": 1}}}, "src/api/explain.py": {"executed_lines": [16, 18, 19, 21, 22, 23, 24, 26, 28, 33, 36, 47, 95, 104], "summary": {"covered_lines": 14, "num_statements": 21, "percent_covered": 66.66666666666667, "percent_covered_display": "67", "missing_lines": 7, "excluded_lines": 0, "percent_statements_covered": 66.66666666666667, "percent_statements_covered_display": "67"}, "missing_lines": [71, 78, 86, 92, 114, 121, 128], "excluded_lines": [], "functions": {"explain_prediction": {"executed_lines": [], "summary": {"covered_lines": 0, "num_statements": 4, "percent_covered": 0.0, "percent_covered_display": "0", "missing_lines": 4, "excluded_lines": 0, "percent_statements_covered": 0.0, "percent_statements_covered_display": "0"}, "missing_lines": [71, 78, 86, 92], "excluded_lines": [], "start_line": 47}, "explain_heuristic_prediction": {"executed_lines": [], "summary": {"covered_lines": 0, "num_statements": 3, "percent_covered": 0.0, "percent_covered_display": "0", "missing_lines": 3, "excluded_lines": 0, "percent_statements_covered": 0.0, "percent_statements_covered_display": "0"}, "missing_lines": [114, 121, 128], "excluded_lines": [], "start_line": 104}, "": {"executed_lines": [16, 18, 19, 21, 22, 23, 24, 26, 28, 33, 36, 47, 95, 104], "summary": {"covered_lines": 14, "num_statements": 14, "percent_covered": 100.0, "percent_covered_display": "100", "missing_lines": 0, "excluded_lines": 0, "percent_statements_covered": 100.0, "percent_statements_covered_display": "100"}, "missing_lines": [], "excluded_lines": [], "start_line": 1}}, "classes": {"": {"executed_lines": [16, 18, 19, 21, 22, 23, 24, 26, 28, 33, 36, 47, 95, 104], "summary": {"covered_lines": 14, "num_statements": 21, "percent_covered": 66.66666666666667, "percent_covered_display": "67", "missing_lines": 7, "excluded_lines": 0, "percent_statements_covered": 66.66666666666667, "percent_statements_covered_display": "67"}, "missing_lines": [71, 78, 86, 92, 114, 121, 128], "excluded_lines": [], "start_line": 1}}}, "src/api/meta.py": {"executed_lines": [17, 19, 20, 22, 23, 25, 35, 36, 37, 44, 46, 47, 49, 64, 65, 67, 70, 71, 72, 73, 94, 102, 110, 117, 118, 153, 154, 156, 157, 158, 159, 165, 168, 169, 171, 172], "summary": {"covered_lines": 36, "num_statements": 50, "percent_covered": 72.0, "percent_covered_display": "72", "missing_lines": 14, "excluded_lines": 0, "percent_statements_covered": 72.0, "percent_statements_covered_display": "72"}, "missing_lines": [80, 81, 120, 121, 131, 132, 133, 135, 136, 137, 138, 139, 140, 142], "excluded_lines": [], "functions": {"meta_decide": {"executed_lines": [67, 70, 71, 72, 73, 94, 102, 110], "summary": {"covered_lines": 8, "num_statements": 10, "percent_covered": 80.0, "percent_covered_display": "80", "missing_lines": 2, "excluded_lines": 0, "percent_statements_covered": 80.0, "percent_statements_covered_display": "80"}, "missing_lines": [80, 81], "excluded_lines": [], "start_line": 65}, "meta_fit": {"executed_lines": [], "summary": {"covered_lines": 0, "num_statements": 12, "percent_covered": 0.0, "percent_covered_display": "0", "missing_lines": 12, "excluded_lines": 0, "percent_statements_covered": 0.0, "percent_statements_covered_display": "0"}, "missing_lines": [120, 121, 131, 132, 133, 135, 136, 137, 138, 139, 140, 142], "excluded_lines": [], "start_line": 118}, "models_status": {"executed_lines": [156, 157, 158, 159, 165], "summary": {"covered_lines": 5, "num_statements": 5, "percent_covered": 100.0, "percent_covered_display": "100", "missing_lines": 0, "excluded_lines": 0, "percent_statements_covered": 100.0, "percent_statements_covered_display": "100"}, "missing_lines": [], "excluded_lines": [], "start_line": 154}, "models_registry": {"executed_lines": [171, 172], "summary": {"covered_lines": 2, "num_statements": 2, "percent_covered": 100.0, "percent_covered_display": "100", "missing_lines": 0, "excluded_lines": 0, "percent_statements_covered": 100.0, "percent_statements_covered_display": "100"}, "missing_lines": [], "excluded_lines": [], "start_line": 169}, "": {"executed_lines": [17, 19, 20, 22, 23, 25, 35, 36, 37, 44, 46, 47, 49, 64, 65, 117, 118, 153, 154, 168, 169], "summary": {"covered_lines": 21, "num_statements": 21, "percent_covered": 100.0, "percent_covered_display": "100", "missing_lines": 0, "excluded_lines": 0, "percent_statements_covered": 100.0, "percent_statements_covered_display": "100"}, "missing_lines": [], "excluded_lines": [], "start_line": 1}}, "classes": {"": {"executed_lines": [17, 19, 20, 22, 23, 25, 35, 36, 37, 44, 46, 47, 49, 64, 65, 67, 70, 71, 72, 73, 94, 102, 110, 117, 118, 153, 154, 156, 157, 158, 159, 165, 168, 169, 171, 172], "summary": {"covered_lines": 36, "num_statements": 50, "percent_covered": 72.0, "percent_covered_display": "72", "missing_lines": 14, "excluded_lines": 0, "percent_statements_covered": 72.0, "percent_statements_covered_display": "72"}, "missing_lines": [80, 81, 120, 121, 131, 132, 133, 135, 136, 137, 138, 139, 140, 142], "excluded_lines": [], "start_line": 1}}}, "src/api/monitoring.py": {"executed_lines": [17, 19, 21, 23, 24, 26, 30, 31, 32, 38, 46, 47, 53, 63, 64, 70, 78, 79, 81, 84, 85], "summary": {"covered_lines": 21, "num_statements": 25, "percent_covered": 84.0, "percent_covered_display": "84", "missing_lines": 4, "excluded_lines": 0, "percent_statements_covered": 84.0, "percent_statements_covered_display": "84"}, "missing_lines": [40, 90, 91, 92], "excluded_lines": [], "functions": {"emit_drift_alert": {"executed_lines": [], "summary": {"covered_lines": 0, "num_statements": 1, "percent_covered": 0.0, "percent_covered_display": "0", "missing_lines": 1, "excluded_lines": 0, "percent_statements_covered": 0.0, "percent_statements_covered_display": "0"}, "missing_lines": [40], "excluded_lines": [], "start_line": 38}, "monitoring_drift": {"executed_lines": [53], "summary": {"covered_lines": 1, "num_statements": 1, "percent_covered": 100.0, "percent_covered_display": "100", "missing_lines": 0, "excluded_lines": 0, "percent_statements_covered": 100.0, "percent_statements_covered_display": "100"}, "missing_lines": [], "excluded_lines": [], "start_line": 47}, "monitoring_performance": {"executed_lines": [70], "summary": {"covered_lines": 1, "num_statements": 1, "percent_covered": 100.0, "percent_covered_display": "100", "missing_lines": 0, "excluded_lines": 0, "percent_statements_covered": 100.0, "percent_statements_covered_display": "100"}, "missing_lines": [], "excluded_lines": [], "start_line": 64}, "monitoring_alerts": {"executed_lines": [81], "summary": {"covered_lines": 1, "num_statements": 1, "percent_covered": 100.0, "percent_covered_display": "100", "missing_lines": 0, "excluded_lines": 0, "percent_statements_covered": 100.0, "percent_statements_covered_display": "100"}, "missing_lines": [], "excluded_lines": [], "start_line": 79}, "monitoring_performance_clear": {"executed_lines": [], "summary": {"covered_lines": 0, "num_statements": 3, "percent_covered": 0.0, "percent_covered_display": "0", "missing_lines": 3, "excluded_lines": 0, "percent_statements_covered": 0.0, "percent_statements_covered_display": "0"}, "missing_lines": [90, 91, 92], "excluded_lines": [], "start_line": 85}, "": {"executed_lines": [17, 19, 21, 23, 24, 26, 30, 31, 32, 38, 46, 47, 63, 64, 78, 79, 84, 85], "summary": {"covered_lines": 18, "num_statements": 18, "percent_covered": 100.0, "percent_covered_display": "100", "missing_lines": 0, "excluded_lines": 0, "percent_statements_covered": 100.0, "percent_statements_covered_display": "100"}, "missing_lines": [], "excluded_lines": [], "start_line": 1}}, "classes": {"": {"executed_lines": [17, 19, 21, 23, 24, 26, 30, 31, 32, 38, 46, 47, 53, 63, 64, 70, 78, 79, 81, 84, 85], "summary": {"covered_lines": 21, "num_statements": 25, "percent_covered": 84.0, "percent_covered_display": "84", "missing_lines": 4, "excluded_lines": 0, "percent_statements_covered": 84.0, "percent_statements_covered_display": "84"}, "missing_lines": [40, 90, 91, 92], "excluded_lines": [], "start_line": 1}}}, "src/api/predict.py": {"executed_lines": [19, 21, 22, 23, 24, 26, 27, 28, 29, 30, 31, 32, 33, 34, 35, 56, 57, 58, 59, 60, 61, 62, 63, 65, 67, 73, 74, 76, 79, 80, 92, 93, 99, 100, 106, 107, 112, 113, 115, 121, 122, 125, 126, 127, 128, 130, 131, 132, 143, 151, 152, 172, 173, 175, 176, 190, 191, 193, 194, 206, 207], "summary": {"covered_lines": 61, "num_statements": 84, "percent_covered": 72.61904761904762, "percent_covered_display": "73", "missing_lines": 23, "excluded_lines": 0, "percent_statements_covered": 72.61904761904762, "percent_statements_covered_display": "73"}, "missing_lines": [82, 83, 84, 95, 96, 102, 103, 109, 116, 123, 133, 134, 135, 136, 137, 138, 140, 141, 144, 165, 166, 209, 210], "excluded_lines": [], "functions": {"predict_regime": {"executed_lines": [76], "summary": {"covered_lines": 1, "num_statements": 1, "percent_covered": 100.0, "percent_covered_display": "100", "missing_lines": 0, "excluded_lines": 0, "percent_statements_covered": 100.0, "percent_statements_covered_display": "100"}, "missing_lines": [], "excluded_lines": [], "start_line": 74}, "predict_rankings": {"executed_lines": [], "summary": {"covered_lines": 0, "num_statements": 3, "percent_covered": 0.0, "percent_covered_display": "0", "missing_lines": 3, "excluded_lines": 0, "percent_statements_covered": 0.0, "percent_statements_covered_display": "0"}, "missing_lines": [82, 83, 84], "excluded_lines": [], "start_line": 80}, "predict_strategy": {"executed_lines": [], "summary": {"covered_lines": 0, "num_statements": 2, "percent_covered": 0.0, "percent_covered_display": "0", "missing_lines": 2, "excluded_lines": 0, "percent_statements_covered": 0.0, "percent_statements_covered_display": "0"}, "missing_lines": [95, 96], "excluded_lines": [], "start_line": 93}, "predict_risk": {"executed_lines": [], "summary": {"covered_lines": 0, "num_statements": 2, "percent_covered": 0.0, "percent_covered_display": "0", "missing_lines": 2, "excluded_lines": 0, "percent_statements_covered": 0.0, "percent_statements_covered_display": "0"}, "missing_lines": [102, 103], "excluded_lines": [], "start_line": 100}, "predict_portfolio": {"executed_lines": [], "summary": {"covered_lines": 0, "num_statements": 1, "percent_covered": 0.0, "percent_covered_display": "0", "missing_lines": 1, "excluded_lines": 0, "percent_statements_covered": 0.0, "percent_statements_covered_display": "0"}, "missing_lines": [109], "excluded_lines": [], "start_line": 107}, "predict_portfolio_v2": {"executed_lines": [115, 121, 122, 125, 126, 127, 128, 130, 131, 132, 143, 151, 152], "summary": {"covered_lines": 13, "num_statements": 26, "percent_covered": 50.0, "percent_covered_display": "50", "missing_lines": 13, "excluded_lines": 0, "percent_statements_covered": 50.0, "percent_statements_covered_display": "50"}, "missing_lines": [116, 123, 133, 134, 135, 136, 137, 138, 140, 141, 144, 165, 166], "excluded_lines": [], "start_line": 113}, "predict_price_regime": {"executed_lines": [175, 176], "summary": {"covered_lines": 2, "num_statements": 2, "percent_covered": 100.0, "percent_covered_display": "100", "missing_lines": 0, "excluded_lines": 0, "percent_statements_covered": 100.0, "percent_statements_covered_display": "100"}, "missing_lines": [], "excluded_lines": [], "start_line": 173}, "predict_iv_regime": {"executed_lines": [193, 194], "summary": {"covered_lines": 2, "num_statements": 2, "percent_covered": 100.0, "percent_covered_display": "100", "missing_lines": 0, "excluded_lines": 0, "percent_statements_covered": 100.0, "percent_statements_covered_display": "100"}, "missing_lines": [], "excluded_lines": [], "start_line": 191}, "predict_execution": {"executed_lines": [], "summary": {"covered_lines": 0, "num_statements": 2, "percent_covered": 0.0, "percent_covered_display": "0", "missing_lines": 2, "excluded_lines": 0, "percent_statements_covered": 0.0, "percent_statements_covered_display": "0"}, "missing_lines": [209, 210], "excluded_lines": [], "start_line": 207}, "": {"executed_lines": [19, 21, 22, 23, 24, 26, 27, 28, 29, 30, 31, 32, 33, 34, 35, 56, 57, 58, 59, 60, 61, 62, 63, 65, 67, 73, 74, 79, 80, 92, 93, 99, 100, 106, 107, 112, 113, 172, 173, 190, 191, 206, 207], "summary": {"covered_lines": 43, "num_statements": 43, "percent_covered": 100.0, "percent_covered_display": "100", "missing_lines": 0, "excluded_lines": 0, "percent_statements_covered": 100.0, "percent_statements_covered_display": "100"}, "missing_lines": [], "excluded_lines": [], "start_line": 1}}, "classes": {"": {"executed_lines": [19, 21, 22, 23, 24, 26, 27, 28, 29, 30, 31, 32, 33, 34, 35, 56, 57, 58, 59, 60, 61, 62, 63, 65, 67, 73, 74, 76, 79, 80, 92, 93, 99, 100, 106, 107, 112, 113, 115, 121, 122, 125, 126, 127, 128, 130, 131, 132, 143, 151, 152, 172, 173, 175, 176, 190, 191, 193, 194, 206, 207], "summary": {"covered_lines": 61, "num_statements": 84, "percent_covered": 72.61904761904762, "percent_covered_display": "73", "missing_lines": 23, "excluded_lines": 0, "percent_statements_covered": 72.61904761904762, "percent_statements_covered_display": "73"}, "missing_lines": [82, 83, 84, 95, 96, 102, 103, 109, 116, 123, 133, 134, 135, 136, 137, 138, 140, 141, 144, 165, 166, 209, 210], "excluded_lines": [], "start_line": 1}}}, "src/api/training.py": {"executed_lines": [15, 17, 18, 20, 22, 23, 25, 29, 32, 35, 36, 45, 46, 53, 54, 57, 58, 66, 67, 68, 72], "summary": {"covered_lines": 21, "num_statements": 21, "percent_covered": 100.0, "percent_covered_display": "100", "missing_lines": 0, "excluded_lines": 0, "percent_statements_covered": 100.0, "percent_statements_covered_display": "100"}, "missing_lines": [], "excluded_lines": [], "functions": {"training_run": {"executed_lines": [45, 46, 53, 54], "summary": {"covered_lines": 4, "num_statements": 4, "percent_covered": 100.0, "percent_covered_display": "100", "missing_lines": 0, "excluded_lines": 0, "percent_statements_covered": 100.0, "percent_statements_covered_display": "100"}, "missing_lines": [], "excluded_lines": [], "start_line": 36}, "training_status": {"executed_lines": [66, 67, 68, 72], "summary": {"covered_lines": 4, "num_statements": 4, "percent_covered": 100.0, "percent_covered_display": "100", "missing_lines": 0, "excluded_lines": 0, "percent_statements_covered": 100.0, "percent_statements_covered_display": "100"}, "missing_lines": [], "excluded_lines": [], "start_line": 58}, "": {"executed_lines": [15, 17, 18, 20, 22, 23, 25, 29, 32, 35, 36, 57, 58], "summary": {"covered_lines": 13, "num_statements": 13, "percent_covered": 100.0, "percent_covered_display": "100", "missing_lines": 0, "excluded_lines": 0, "percent_statements_covered": 100.0, "percent_statements_covered_display": "100"}, "missing_lines": [], "excluded_lines": [], "start_line": 1}}, "classes": {"": {"executed_lines": [15, 17, 18, 20, 22, 23, 25, 29, 32, 35, 36, 45, 46, 53, 54, 57, 58, 66, 67, 68, 72], "summary": {"covered_lines": 21, "num_statements": 21, "percent_covered": 100.0, "percent_covered_display": "100", "missing_lines": 0, "excluded_lines": 0, "percent_statements_covered": 100.0, "percent_statements_covered_display": "100"}, "missing_lines": [], "excluded_lines": [], "start_line": 1}}}, "src/audit/logger.py": {"executed_lines": [24, 26, 27, 28, 29, 30, 31, 32, 33, 34, 35, 37, 38, 40, 46, 50, 57, 69, 70, 72, 73, 74, 76, 80, 98, 99, 101, 102, 103, 104, 105, 107, 108, 114, 115, 122, 123, 125, 126, 127, 133, 140, 167, 174, 177, 178, 181, 182, 184, 185, 186, 187, 188, 189, 207, 250, 268, 270, 273, 274, 282, 305, 313, 316, 317, 324, 342, 349, 350, 358, 378, 386, 387], "summary": {"covered_lines": 73, "num_statements": 85, "percent_covered": 85.88235294117646, "percent_covered_display": "86", "missing_lines": 12, "excluded_lines": 0, "percent_statements_covered": 85.88235294117646, "percent_statements_covered_display": "86"}, "missing_lines": [109, 110, 116, 190, 191, 195, 196, 197, 203, 269, 271, 314], "excluded_lines": [], "functions": {"AuditLogger.__init__": {"executed_lines": [73, 74, 76], "summary": {"covered_lines": 3, "num_statements": 3, "percent_covered": 100.0, "percent_covered_display": "100", "missing_lines": 0, "excluded_lines": 0, "percent_statements_covered": 100.0, "percent_statements_covered_display": "100"}, "missing_lines": [], "excluded_lines": [], "start_line": 72}, "AuditLogger._check_append_only": {"executed_lines": [98, 99, 101, 102, 103, 104, 105, 107, 108, 114, 115, 122, 123, 125, 126, 127, 133], "summary": {"covered_lines": 17, "num_statements": 20, "percent_covered": 85.0, "percent_covered_display": "85", "missing_lines": 3, "excluded_lines": 0, "percent_statements_covered": 85.0, "percent_statements_covered_display": "85"}, "missing_lines": [109, 110, 116], "excluded_lines": [], "start_line": 80}, "AuditLogger._write_entry": {"executed_lines": [167, 174, 177, 178, 181, 182, 184, 185, 186, 187, 188, 189], "summary": {"covered_lines": 12, "num_statements": 18, "percent_covered": 66.66666666666667, "percent_covered_display": "67", "missing_lines": 6, "excluded_lines": 0, "percent_statements_covered": 66.66666666666667, "percent_statements_covered_display": "67"}, "missing_lines": [190, 191, 195, 196, 197, 203], "excluded_lines": [], "start_line": 140}, "AuditLogger.log_training_run": {"executed_lines": [250, 268, 270, 273, 274], "summary": {"covered_lines": 5, "num_statements": 7, "percent_covered": 71.42857142857143, "percent_covered_display": "71", "missing_lines": 2, "excluded_lines": 0, "percent_statements_covered": 71.42857142857143, "percent_statements_covered_display": "71"}, "missing_lines": [269, 271], "excluded_lines": [], "start_line": 207}, "AuditLogger.log_promotion_decision": {"executed_lines": [305, 313, 316, 317], "summary": {"covered_lines": 4, "num_statements": 5, "percent_covered": 80.0, "percent_covered_display": "80", "missing_lines": 1, "excluded_lines": 0, "percent_statements_covered": 80.0, "percent_statements_covered_display": "80"}, "missing_lines": [314], "excluded_lines": [], "start_line": 282}, "AuditLogger.log_online_update": {"executed_lines": [342, 349, 350], "summary": {"covered_lines": 3, "num_statements": 3, "percent_covered": 100.0, "percent_covered_display": "100", "missing_lines": 0, "excluded_lines": 0, "percent_statements_covered": 100.0, "percent_statements_covered_display": "100"}, "missing_lines": [], "excluded_lines": [], "start_line": 324}, "AuditLogger.log_online_update_rejected": {"executed_lines": [378, 386, 387], "summary": {"covered_lines": 3, "num_statements": 3, "percent_covered": 100.0, "percent_covered_display": "100", "missing_lines": 0, "excluded_lines": 0, "percent_statements_covered": 100.0, "percent_statements_covered_display": "100"}, "missing_lines": [], "excluded_lines": [], "start_line": 358}, "": {"executed_lines": [24, 26, 27, 28, 29, 30, 31, 32, 33, 34, 35, 37, 38, 40, 46, 50, 57, 69, 70, 72, 80, 140, 207, 282, 324, 358], "summary": {"covered_lines": 26, "num_statements": 26, "percent_covered": 100.0, "percent_covered_display": "100", "missing_lines": 0, "excluded_lines": 0, "percent_statements_covered": 100.0, "percent_statements_covered_display": "100"}, "missing_lines": [], "excluded_lines": [], "start_line": 1}}, "classes": {"AuditLogViolation": {"executed_lines": [], "summary": {"covered_lines": 0, "num_statements": 0, "percent_covered": 100.0, "percent_covered_display": "100", "missing_lines": 0, "excluded_lines": 0, "percent_statements_covered": 100.0, "percent_statements_covered_display": "100"}, "missing_lines": [], "excluded_lines": [], "start_line": 46}, "AuditLogWriteFailure": {"executed_lines": [], "summary": {"covered_lines": 0, "num_statements": 0, "percent_covered": 100.0, "percent_covered_display": "100", "missing_lines": 0, "excluded_lines": 0, "percent_statements_covered": 100.0, "percent_statements_covered_display": "100"}, "missing_lines": [], "excluded_lines": [], "start_line": 50}, "AuditLogger": {"executed_lines": [73, 74, 76, 98, 99, 101, 102, 103, 104, 105, 107, 108, 114, 115, 122, 123, 125, 126, 127, 133, 167, 174, 177, 178, 181, 182, 184, 185, 186, 187, 188, 189, 250, 268, 270, 273, 274, 305, 313, 316, 317, 342, 349, 350, 378, 386, 387], "summary": {"covered_lines": 47, "num_statements": 59, "percent_covered": 79.66101694915254, "percent_covered_display": "80", "missing_lines": 12, "excluded_lines": 0, "percent_statements_covered": 79.66101694915254, "percent_statements_covered_display": "80"}, "missing_lines": [109, 110, 116, 190, 191, 195, 196, 197, 203, 269, 271, 314], "excluded_lines": [], "start_line": 57}, "": {"executed_lines": [24, 26, 27, 28, 29, 30, 31, 32, 33, 34, 35, 37, 38, 40, 46, 50, 57, 69, 70, 72, 80, 140, 207, 282, 324, 358], "summary": {"covered_lines": 26, "num_statements": 26, "percent_covered": 100.0, "percent_covered_display": "100", "missing_lines": 0, "excluded_lines": 0, "percent_statements_covered": 100.0, "percent_statements_covered_display": "100"}, "missing_lines": [], "excluded_lines": [], "start_line": 1}}}, "src/cache/redis_cache.py": {"executed_lines": [29, 31, 32, 33, 34, 35, 37, 39, 40, 42, 46, 59, 75, 80, 81, 85, 91, 92, 93, 99, 101, 107, 108, 109, 110, 114, 124, 125, 126, 127, 128, 129, 131, 132, 133, 134, 136, 145, 146, 147, 148, 149, 150, 151, 153, 157, 162, 163, 164, 165, 166, 167, 168, 170, 175, 176, 177, 178, 179, 186, 197, 199, 204, 210, 212, 214, 219, 221, 223, 225, 227, 229, 231, 233, 235, 237, 239, 241, 243, 245, 247, 249, 251, 257, 279, 292, 293, 296, 297, 301, 313, 314, 315, 317, 320, 321, 322, 323, 324, 327, 328, 330, 340, 341, 343, 344, 345, 348, 349, 351, 353, 359, 360, 362, 364, 365, 367, 369, 370], "summary": {"covered_lines": 119, "num_statements": 125, "percent_covered": 95.2, "percent_covered_display": "95", "missing_lines": 6, "excluded_lines": 2, "percent_statements_covered": 95.2, "percent_statements_covered_display": "95"}, "missing_lines": [130, 154, 155, 180, 181, 182], "excluded_lines": [1, 60], "functions": {"RedisCache.__init__": {"executed_lines": [80, 81], "summary": {"covered_lines": 2, "num_statements": 2, "percent_covered": 100.0, "percent_covered_display": "100", "missing_lines": 0, "excluded_lines": 0, "percent_statements_covered": 100.0, "percent_statements_covered_display": "100"}, "missing_lines": [], "excluded_lines": [], "start_line": 75}, "RedisCache.connect": {"executed_lines": [91, 92, 93, 99], "summary": {"covered_lines": 4, "num_statements": 4, "percent_covered": 100.0, "percent_covered_display": "100", "missing_lines": 0, "excluded_lines": 0, "percent_statements_covered": 100.0, "percent_statements_covered_display": "100"}, "missing_lines": [], "excluded_lines": [], "start_line": 85}, "RedisCache.disconnect": {"executed_lines": [107, 108, 109, 110], "summary": {"covered_lines": 4, "num_statements": 4, "percent_covered": 100.0, "percent_covered_display": "100", "missing_lines": 0, "excluded_lines": 0, "percent_statements_covered": 100.0, "percent_statements_covered_display": "100"}, "missing_lines": [], "excluded_lines": [], "start_line": 101}, "RedisCache.get": {"executed_lines": [124, 125, 126, 127, 128, 129, 131, 132, 133, 134], "summary": {"covered_lines": 10, "num_statements": 11, "percent_covered": 90.9090909090909, "percent_covered_display": "91", "missing_lines": 1, "excluded_lines": 0, "percent_statements_covered": 90.9090909090909, "percent_statements_covered_display": "91"}, "missing_lines": [130], "excluded_lines": [], "start_line": 114}, "RedisCache.set": {"executed_lines": [145, 146, 147, 148, 149, 150, 151, 153], "summary": {"covered_lines": 8, "num_statements": 10, "percent_covered": 80.0, "percent_covered_display": "80", "missing_lines": 2, "excluded_lines": 0, "percent_statements_covered": 80.0, "percent_statements_covered_display": "80"}, "missing_lines": [154, 155], "excluded_lines": [], "start_line": 136}, "RedisCache.delete": {"executed_lines": [162, 163, 164, 165, 166, 167, 168], "summary": {"covered_lines": 7, "num_statements": 7, "percent_covered": 100.0, "percent_covered_display": "100", "missing_lines": 0, "excluded_lines": 0, "percent_statements_covered": 100.0, "percent_statements_covered_display": "100"}, "missing_lines": [], "excluded_lines": [], "start_line": 157}, "RedisCache.exists": {"executed_lines": [175, 176, 177, 178, 179], "summary": {"covered_lines": 5, "num_statements": 8, "percent_covered": 62.5, "percent_covered_display": "62", "missing_lines": 3, "excluded_lines": 0, "percent_statements_covered": 62.5, "percent_statements_covered_display": "62"}, "missing_lines": [180, 181, 182], "excluded_lines": [], "start_line": 170}, "RedisCache.get_feature": {"executed_lines": [197], "summary": {"covered_lines": 1, "num_statements": 1, "percent_covered": 100.0, "percent_covered_display": "100", "missing_lines": 0, "excluded_lines": 0, "percent_statements_covered": 100.0, "percent_statements_covered_display": "100"}, "missing_lines": [], "excluded_lines": [], "start_line": 186}, "RedisCache.set_feature": {"executed_lines": [204], "summary": {"covered_lines": 1, "num_statements": 1, "percent_covered": 100.0, "percent_covered_display": "100", "missing_lines": 0, "excluded_lines": 0, "percent_statements_covered": 100.0, "percent_statements_covered_display": "100"}, "missing_lines": [], "excluded_lines": [], "start_line": 199}, "RedisCache.get_news": {"executed_lines": [212], "summary": {"covered_lines": 1, "num_statements": 1, "percent_covered": 100.0, "percent_covered_display": "100", "missing_lines": 0, "excluded_lines": 0, "percent_statements_covered": 100.0, "percent_statements_covered_display": "100"}, "missing_lines": [], "excluded_lines": [], "start_line": 210}, "RedisCache.set_news": {"executed_lines": [219], "summary": {"covered_lines": 1, "num_statements": 1, "percent_covered": 100.0, "percent_covered_display": "100", "missing_lines": 0, "excluded_lines": 0, "percent_statements_covered": 100.0, "percent_statements_covered_display": "100"}, "missing_lines": [], "excluded_lines": [], "start_line": 214}, "RedisCache.get_llm_news": {"executed_lines": [223], "summary": {"covered_lines": 1, "num_statements": 1, "percent_covered": 100.0, "percent_covered_display": "100", "missing_lines": 0, "excluded_lines": 0, "percent_statements_covered": 100.0, "percent_statements_covered_display": "100"}, "missing_lines": [], "excluded_lines": [], "start_line": 221}, "RedisCache.set_llm_news": {"executed_lines": [227], "summary": {"covered_lines": 1, "num_statements": 1, "percent_covered": 100.0, "percent_covered_display": "100", "missing_lines": 0, "excluded_lines": 0, "percent_statements_covered": 100.0, "percent_statements_covered_display": "100"}, "missing_lines": [], "excluded_lines": [], "start_line": 225}, "RedisCache.get_signal": {"executed_lines": [231], "summary": {"covered_lines": 1, "num_statements": 1, "percent_covered": 100.0, "percent_covered_display": "100", "missing_lines": 0, "excluded_lines": 0, "percent_statements_covered": 100.0, "percent_statements_covered_display": "100"}, "missing_lines": [], "excluded_lines": [], "start_line": 229}, "RedisCache.set_signal": {"executed_lines": [235], "summary": {"covered_lines": 1, "num_statements": 1, "percent_covered": 100.0, "percent_covered_display": "100", "missing_lines": 0, "excluded_lines": 0, "percent_statements_covered": 100.0, "percent_statements_covered_display": "100"}, "missing_lines": [], "excluded_lines": [], "start_line": 233}, "RedisCache.get_model_status": {"executed_lines": [239], "summary": {"covered_lines": 1, "num_statements": 1, "percent_covered": 100.0, "percent_covered_display": "100", "missing_lines": 0, "excluded_lines": 0, "percent_statements_covered": 100.0, "percent_statements_covered_display": "100"}, "missing_lines": [], "excluded_lines": [], "start_line": 237}, "RedisCache.set_model_status": {"executed_lines": [243], "summary": {"covered_lines": 1, "num_statements": 1, "percent_covered": 100.0, "percent_covered_display": "100", "missing_lines": 0, "excluded_lines": 0, "percent_statements_covered": 100.0, "percent_statements_covered_display": "100"}, "missing_lines": [], "excluded_lines": [], "start_line": 241}, "RedisCache.get_drift_latest": {"executed_lines": [247], "summary": {"covered_lines": 1, "num_statements": 1, "percent_covered": 100.0, "percent_covered_display": "100", "missing_lines": 0, "excluded_lines": 0, "percent_statements_covered": 100.0, "percent_statements_covered_display": "100"}, "missing_lines": [], "excluded_lines": [], "start_line": 245}, "RedisCache.set_drift_latest": {"executed_lines": [251], "summary": {"covered_lines": 1, "num_statements": 1, "percent_covered": 100.0, "percent_covered_display": "100", "missing_lines": 0, "excluded_lines": 0, "percent_statements_covered": 100.0, "percent_statements_covered_display": "100"}, "missing_lines": [], "excluded_lines": [], "start_line": 249}, "LRUCache.__init__": {"executed_lines": [292, 293, 296, 297], "summary": {"covered_lines": 4, "num_statements": 4, "percent_covered": 100.0, "percent_covered_display": "100", "missing_lines": 0, "excluded_lines": 0, "percent_statements_covered": 100.0, "percent_statements_covered_display": "100"}, "missing_lines": [], "excluded_lines": [], "start_line": 279}, "LRUCache.get": {"executed_lines": [313, 314, 315, 317, 320, 321, 322, 323, 324, 327, 328], "summary": {"covered_lines": 11, "num_statements": 11, "percent_covered": 100.0, "percent_covered_display": "100", "missing_lines": 0, "excluded_lines": 0, "percent_statements_covered": 100.0, "percent_statements_covered_display": "100"}, "missing_lines": [], "excluded_lines": [], "start_line": 301}, "LRUCache.set": {"executed_lines": [340, 341, 343, 344, 345, 348, 349, 351], "summary": {"covered_lines": 8, "num_statements": 8, "percent_covered": 100.0, "percent_covered_display": "100", "missing_lines": 0, "excluded_lines": 0, "percent_statements_covered": 100.0, "percent_statements_covered_display": "100"}, "missing_lines": [], "excluded_lines": [], "start_line": 330}, "LRUCache.delete": {"executed_lines": [359, 360], "summary": {"covered_lines": 2, "num_statements": 2, "percent_covered": 100.0, "percent_covered_display": "100", "missing_lines": 0, "excluded_lines": 0, "percent_statements_covered": 100.0, "percent_statements_covered_display": "100"}, "missing_lines": [], "excluded_lines": [], "start_line": 353}, "LRUCache.clear": {"executed_lines": [364, 365], "summary": {"covered_lines": 2, "num_statements": 2, "percent_covered": 100.0, "percent_covered_display": "100", "missing_lines": 0, "excluded_lines": 0, "percent_statements_covered": 100.0, "percent_statements_covered_display": "100"}, "missing_lines": [], "excluded_lines": [], "start_line": 362}, "LRUCache.__len__": {"executed_lines": [369, 370], "summary": {"covered_lines": 2, "num_statements": 2, "percent_covered": 100.0, "percent_covered_display": "100", "missing_lines": 0, "excluded_lines": 0, "percent_statements_covered": 100.0, "percent_statements_covered_display": "100"}, "missing_lines": [], "excluded_lines": [], "start_line": 367}, "": {"executed_lines": [29, 31, 32, 33, 34, 35, 37, 39, 40, 42, 46, 59, 75, 85, 101, 114, 136, 157, 170, 186, 199, 210, 214, 221, 225, 229, 233, 237, 241, 245, 249, 257, 279, 301, 330, 353, 362, 367], "summary": {"covered_lines": 38, "num_statements": 38, "percent_covered": 100.0, "percent_covered_display": "100", "missing_lines": 0, "excluded_lines": 2, "percent_statements_covered": 100.0, "percent_statements_covered_display": "100"}, "missing_lines": [], "excluded_lines": [1, 60], "start_line": 1}}, "classes": {"RedisCache": {"executed_lines": [80, 81, 91, 92, 93, 99, 107, 108, 109, 110, 124, 125, 126, 127, 128, 129, 131, 132, 133, 134, 145, 146, 147, 148, 149, 150, 151, 153, 162, 163, 164, 165, 166, 167, 168, 175, 176, 177, 178, 179, 197, 204, 212, 219, 223, 227, 231, 235, 239, 243, 247, 251], "summary": {"covered_lines": 52, "num_statements": 58, "percent_covered": 89.65517241379311, "percent_covered_display": "90", "missing_lines": 6, "excluded_lines": 0, "percent_statements_covered": 89.65517241379311, "percent_statements_covered_display": "90"}, "missing_lines": [130, 154, 155, 180, 181, 182], "excluded_lines": [], "start_line": 59}, "LRUCache": {"executed_lines": [292, 293, 296, 297, 313, 314, 315, 317, 320, 321, 322, 323, 324, 327, 328, 340, 341, 343, 344, 345, 348, 349, 351, 359, 360, 364, 365, 369, 370], "summary": {"covered_lines": 29, "num_statements": 29, "percent_covered": 100.0, "percent_covered_display": "100", "missing_lines": 0, "excluded_lines": 0, "percent_statements_covered": 100.0, "percent_statements_covered_display": "100"}, "missing_lines": [], "excluded_lines": [], "start_line": 257}, "": {"executed_lines": [29, 31, 32, 33, 34, 35, 37, 39, 40, 42, 46, 59, 75, 85, 101, 114, 136, 157, 170, 186, 199, 210, 214, 221, 225, 229, 233, 237, 241, 245, 249, 257, 279, 301, 330, 353, 362, 367], "summary": {"covered_lines": 38, "num_statements": 38, "percent_covered": 100.0, "percent_covered_display": "100", "missing_lines": 0, "excluded_lines": 2, "percent_statements_covered": 100.0, "percent_statements_covered_display": "100"}, "missing_lines": [], "excluded_lines": [1, 60], "start_line": 1}}}, "src/clients/data_service.py": {"executed_lines": [19, 21, 22, 24, 26, 27, 29, 34, 45, 52, 56, 60, 69, 80, 85, 86, 87, 90, 91, 92, 93, 97, 99, 105, 107, 108, 109, 113, 119, 120, 121, 123, 125, 126, 128, 130, 131, 132, 133, 141, 164, 165, 166, 167, 170, 171, 172, 175, 176, 177, 179, 180, 183, 189, 195, 196, 197, 199, 200, 201, 202, 203, 210, 221, 222, 226, 227, 231, 232, 233, 234, 235, 238, 239, 240, 243, 244, 245, 250, 251, 252, 259, 264, 265, 266, 267, 268, 272, 273, 275, 286, 287, 291, 292, 296, 297, 298, 299, 300, 303, 304, 305, 315, 316, 323, 328, 329, 336, 337, 341, 365, 367, 368, 369, 370, 377, 414, 416, 417, 422, 427, 429, 431, 432, 434, 435, 442, 443, 444, 447, 472, 474, 478, 481, 482, 487, 489, 501, 503, 515, 517, 542, 546, 549, 550, 551, 554, 576, 577, 580, 582], "summary": {"covered_lines": 151, "num_statements": 164, "percent_covered": 92.07317073170732, "percent_covered_display": "92", "missing_lines": 13, "excluded_lines": 1, "percent_statements_covered": 92.07317073170732, "percent_statements_covered_display": "92"}, "missing_lines": [308, 309, 310, 330, 331, 332, 375, 428, 430, 445, 479, 552, 578], "excluded_lines": [70], "functions": {"DataServiceClient.__init__": {"executed_lines": [85, 86, 87, 90, 91, 92, 93], "summary": {"covered_lines": 7, "num_statements": 7, "percent_covered": 100.0, "percent_covered_display": "100", "missing_lines": 0, "excluded_lines": 0, "percent_statements_covered": 100.0, "percent_statements_covered_display": "100"}, "missing_lines": [], "excluded_lines": [], "start_line": 80}, "DataServiceClient.connect": {"executed_lines": [99], "summary": {"covered_lines": 1, "num_statements": 1, "percent_covered": 100.0, "percent_covered_display": "100", "missing_lines": 0, "excluded_lines": 0, "percent_statements_covered": 100.0, "percent_statements_covered_display": "100"}, "missing_lines": [], "excluded_lines": [], "start_line": 97}, "DataServiceClient.disconnect": {"executed_lines": [107, 108, 109], "summary": {"covered_lines": 3, "num_statements": 3, "percent_covered": 100.0, "percent_covered_display": "100", "missing_lines": 0, "excluded_lines": 0, "percent_statements_covered": 100.0, "percent_statements_covered_display": "100"}, "missing_lines": [], "excluded_lines": [], "start_line": 105}, "DataServiceClient._is_circuit_open": {"executed_lines": [119, 120, 121], "summary": {"covered_lines": 3, "num_statements": 3, "percent_covered": 100.0, "percent_covered_display": "100", "missing_lines": 0, "excluded_lines": 0, "percent_statements_covered": 100.0, "percent_statements_covered_display": "100"}, "missing_lines": [], "excluded_lines": [], "start_line": 113}, "DataServiceClient._record_success": {"executed_lines": [125, 126], "summary": {"covered_lines": 2, "num_statements": 2, "percent_covered": 100.0, "percent_covered_display": "100", "missing_lines": 0, "excluded_lines": 0, "percent_statements_covered": 100.0, "percent_statements_covered_display": "100"}, "missing_lines": [], "excluded_lines": [], "start_line": 123}, "DataServiceClient._record_failure": {"executed_lines": [130, 131, 132, 133], "summary": {"covered_lines": 4, "num_statements": 4, "percent_covered": 100.0, "percent_covered_display": "100", "missing_lines": 0, "excluded_lines": 0, "percent_statements_covered": 100.0, "percent_statements_covered_display": "100"}, "missing_lines": [], "excluded_lines": [], "start_line": 128}, "DataServiceClient._check_quality_gates": {"executed_lines": [164, 165, 166, 167, 170, 171, 172, 175, 176, 177, 179, 180, 183, 189, 195, 196, 197, 199, 200, 201, 202, 203], "summary": {"covered_lines": 22, "num_statements": 22, "percent_covered": 100.0, "percent_covered_display": "100", "missing_lines": 0, "excluded_lines": 0, "percent_statements_covered": 100.0, "percent_statements_covered_display": "100"}, "missing_lines": [], "excluded_lines": [], "start_line": 141}, "DataServiceClient._get": {"executed_lines": [221, 222, 226, 227, 231, 232, 233, 234, 235, 238, 239, 240, 243, 244, 245, 250, 251, 252, 259, 264, 265, 266, 267, 268, 272, 273], "summary": {"covered_lines": 26, "num_statements": 26, "percent_covered": 100.0, "percent_covered_display": "100", "missing_lines": 0, "excluded_lines": 0, "percent_statements_covered": 100.0, "percent_statements_covered_display": "100"}, "missing_lines": [], "excluded_lines": [], "start_line": 210}, "DataServiceClient._post": {"executed_lines": [286, 287, 291, 292, 296, 297, 298, 299, 300, 303, 304, 305, 315, 316, 323, 328, 329, 336, 337], "summary": {"covered_lines": 19, "num_statements": 25, "percent_covered": 76.0, "percent_covered_display": "76", "missing_lines": 6, "excluded_lines": 0, "percent_statements_covered": 76.0, "percent_statements_covered_display": "76"}, "missing_lines": [308, 309, 310, 330, 331, 332], "excluded_lines": [], "start_line": 275}, "DataServiceClient.get_live_quote": {"executed_lines": [365, 367, 368, 369, 370], "summary": {"covered_lines": 5, "num_statements": 6, "percent_covered": 83.33333333333333, "percent_covered_display": "83", "missing_lines": 1, "excluded_lines": 0, "percent_statements_covered": 83.33333333333333, "percent_statements_covered_display": "83"}, "missing_lines": [375], "excluded_lines": [], "start_line": 341}, "DataServiceClient.get_historical_ohlcv": {"executed_lines": [414, 416, 417, 422, 427, 429, 431, 432, 434, 435, 442, 443, 444], "summary": {"covered_lines": 13, "num_statements": 16, "percent_covered": 81.25, "percent_covered_display": "81", "missing_lines": 3, "excluded_lines": 0, "percent_statements_covered": 81.25, "percent_statements_covered_display": "81"}, "missing_lines": [428, 430, 445], "excluded_lines": [], "start_line": 377}, "DataServiceClient.get_option_chain": {"executed_lines": [472, 474, 478, 481, 482, 487], "summary": {"covered_lines": 6, "num_statements": 7, "percent_covered": 85.71428571428571, "percent_covered_display": "86", "missing_lines": 1, "excluded_lines": 0, "percent_statements_covered": 85.71428571428571, "percent_statements_covered_display": "86"}, "missing_lines": [479], "excluded_lines": [], "start_line": 447}, "DataServiceClient.get_market_status": {"executed_lines": [501], "summary": {"covered_lines": 1, "num_statements": 1, "percent_covered": 100.0, "percent_covered_display": "100", "missing_lines": 0, "excluded_lines": 0, "percent_statements_covered": 100.0, "percent_statements_covered_display": "100"}, "missing_lines": [], "excluded_lines": [], "start_line": 489}, "DataServiceClient.get_fno_universe": {"executed_lines": [515], "summary": {"covered_lines": 1, "num_statements": 1, "percent_covered": 100.0, "percent_covered_display": "100", "missing_lines": 0, "excluded_lines": 0, "percent_statements_covered": 100.0, "percent_statements_covered_display": "100"}, "missing_lines": [], "excluded_lines": [], "start_line": 503}, "DataServiceClient.get_crypto_klines": {"executed_lines": [542, 546, 549, 550, 551], "summary": {"covered_lines": 5, "num_statements": 6, "percent_covered": 83.33333333333333, "percent_covered_display": "83", "missing_lines": 1, "excluded_lines": 0, "percent_statements_covered": 83.33333333333333, "percent_statements_covered_display": "83"}, "missing_lines": [552], "excluded_lines": [], "start_line": 517}, "DataServiceClient.evaluate_data_quality": {"executed_lines": [576, 577, 580, 582], "summary": {"covered_lines": 4, "num_statements": 5, "percent_covered": 80.0, "percent_covered_display": "80", "missing_lines": 1, "excluded_lines": 0, "percent_statements_covered": 80.0, "percent_statements_covered_display": "80"}, "missing_lines": [578], "excluded_lines": [], "start_line": 554}, "": {"executed_lines": [19, 21, 22, 24, 26, 27, 29, 34, 45, 52, 56, 60, 69, 80, 97, 105, 113, 123, 128, 141, 210, 275, 341, 377, 447, 489, 503, 517, 554], "summary": {"covered_lines": 29, "num_statements": 29, "percent_covered": 100.0, "percent_covered_display": "100", "missing_lines": 0, "excluded_lines": 1, "percent_statements_covered": 100.0, "percent_statements_covered_display": "100"}, "missing_lines": [], "excluded_lines": [70], "start_line": 1}}, "classes": {"DataServiceAuthError": {"executed_lines": [], "summary": {"covered_lines": 0, "num_statements": 0, "percent_covered": 100.0, "percent_covered_display": "100", "missing_lines": 0, "excluded_lines": 0, "percent_statements_covered": 100.0, "percent_statements_covered_display": "100"}, "missing_lines": [], "excluded_lines": [], "start_line": 45}, "SignalEngineNotAllowedError": {"executed_lines": [], "summary": {"covered_lines": 0, "num_statements": 0, "percent_covered": 100.0, "percent_covered_display": "100", "missing_lines": 0, "excluded_lines": 0, "percent_statements_covered": 100.0, "percent_statements_covered_display": "100"}, "missing_lines": [], "excluded_lines": [], "start_line": 52}, "LowDataConfidenceError": {"executed_lines": [], "summary": {"covered_lines": 0, "num_statements": 0, "percent_covered": 100.0, "percent_covered_display": "100", "missing_lines": 0, "excluded_lines": 0, "percent_statements_covered": 100.0, "percent_statements_covered_display": "100"}, "missing_lines": [], "excluded_lines": [], "start_line": 56}, "DataServiceUnavailableError": {"executed_lines": [], "summary": {"covered_lines": 0, "num_statements": 0, "percent_covered": 100.0, "percent_covered_display": "100", "missing_lines": 0, "excluded_lines": 0, "percent_statements_covered": 100.0, "percent_statements_covered_display": "100"}, "missing_lines": [], "excluded_lines": [], "start_line": 60}, "DataServiceClient": {"executed_lines": [85, 86, 87, 90, 91, 92, 93, 99, 107, 108, 109, 119, 120, 121, 125, 126, 130, 131, 132, 133, 164, 165, 166, 167, 170, 171, 172, 175, 176, 177, 179, 180, 183, 189, 195, 196, 197, 199, 200, 201, 202, 203, 221, 222, 226, 227, 231, 232, 233, 234, 235, 238, 239, 240, 243, 244, 245, 250, 251, 252, 259, 264, 265, 266, 267, 268, 272, 273, 286, 287, 291, 292, 296, 297, 298, 299, 300, 303, 304, 305, 315, 316, 323, 328, 329, 336, 337, 365, 367, 368, 369, 370, 414, 416, 417, 422, 427, 429, 431, 432, 434, 435, 442, 443, 444, 472, 474, 478, 481, 482, 487, 501, 515, 542, 546, 549, 550, 551, 576, 577, 580, 582], "summary": {"covered_lines": 122, "num_statements": 135, "percent_covered": 90.37037037037037, "percent_covered_display": "90", "missing_lines": 13, "excluded_lines": 0, "percent_statements_covered": 90.37037037037037, "percent_statements_covered_display": "90"}, "missing_lines": [308, 309, 310, 330, 331, 332, 375, 428, 430, 445, 479, 552, 578], "excluded_lines": [], "start_line": 69}, "": {"executed_lines": [19, 21, 22, 24, 26, 27, 29, 34, 45, 52, 56, 60, 69, 80, 97, 105, 113, 123, 128, 141, 210, 275, 341, 377, 447, 489, 503, 517, 554], "summary": {"covered_lines": 29, "num_statements": 29, "percent_covered": 100.0, "percent_covered_display": "100", "missing_lines": 0, "excluded_lines": 1, "percent_statements_covered": 100.0, "percent_statements_covered_display": "100"}, "missing_lines": [], "excluded_lines": [70], "start_line": 1}}}, "src/clients/grpc_client.py": {"executed_lines": [24, 26, 27, 28, 30, 31, 33, 41, 50, 66, 83, 114, 124, 223, 277, 278], "summary": {"covered_lines": 16, "num_statements": 71, "percent_covered": 22.535211267605632, "percent_covered_display": "23", "missing_lines": 55, "excluded_lines": 2, "percent_statements_covered": 22.535211267605632, "percent_statements_covered_display": "23"}, "missing_lines": [69, 75, 76, 77, 78, 79, 91, 92, 93, 95, 96, 107, 108, 109, 110, 111, 112, 116, 117, 118, 119, 120, 159, 160, 164, 165, 169, 171, 178, 180, 181, 182, 186, 187, 201, 202, 203, 205, 206, 212, 213, 218, 219, 221, 241, 242, 244, 245, 247, 248, 252, 267, 268, 273, 280], "excluded_lines": [1, 51], "functions": {"GRPCMarketDataClient.__init__": {"executed_lines": [], "summary": {"covered_lines": 0, "num_statements": 6, "percent_covered": 0.0, "percent_covered_display": "0", "missing_lines": 6, "excluded_lines": 0, "percent_statements_covered": 0.0, "percent_statements_covered_display": "0"}, "missing_lines": [69, 75, 76, 77, 78, 79], "excluded_lines": [], "start_line": 66}, "GRPCMarketDataClient.connect": {"executed_lines": [], "summary": {"covered_lines": 0, "num_statements": 11, "percent_covered": 0.0, "percent_covered_display": "0", "missing_lines": 11, "excluded_lines": 0, "percent_statements_covered": 0.0, "percent_statements_covered_display": "0"}, "missing_lines": [91, 92, 93, 95, 96, 107, 108, 109, 110, 111, 112], "excluded_lines": [], "start_line": 83}, "GRPCMarketDataClient.disconnect": {"executed_lines": [], "summary": {"covered_lines": 0, "num_statements": 5, "percent_covered": 0.0, "percent_covered_display": "0", "missing_lines": 5, "excluded_lines": 0, "percent_statements_covered": 0.0, "percent_statements_covered_display": "0"}, "missing_lines": [116, 117, 118, 119, 120], "excluded_lines": [], "start_line": 114}, "GRPCMarketDataClient.stream_ticks": {"executed_lines": [], "summary": {"covered_lines": 0, "num_statements": 22, "percent_covered": 0.0, "percent_covered_display": "0", "missing_lines": 22, "excluded_lines": 0, "percent_statements_covered": 0.0, "percent_statements_covered_display": "0"}, "missing_lines": [159, 160, 164, 165, 169, 171, 178, 180, 181, 182, 186, 187, 201, 202, 203, 205, 206, 212, 213, 218, 219, 221], "excluded_lines": [], "start_line": 124}, "GRPCMarketDataClient.get_feature_snapshot": {"executed_lines": [], "summary": {"covered_lines": 0, "num_statements": 10, "percent_covered": 0.0, "percent_covered_display": "0", "missing_lines": 10, "excluded_lines": 0, "percent_statements_covered": 0.0, "percent_statements_covered_display": "0"}, "missing_lines": [241, 242, 244, 245, 247, 248, 252, 267, 268, 273], "excluded_lines": [], "start_line": 223}, "GRPCMarketDataClient.is_available": {"executed_lines": [], "summary": {"covered_lines": 0, "num_statements": 1, "percent_covered": 0.0, "percent_covered_display": "0", "missing_lines": 1, "excluded_lines": 0, "percent_statements_covered": 0.0, "percent_statements_covered_display": "0"}, "missing_lines": [280], "excluded_lines": [], "start_line": 278}, "": {"executed_lines": [24, 26, 27, 28, 30, 31, 33, 41, 50, 66, 83, 114, 124, 223, 277, 278], "summary": {"covered_lines": 16, "num_statements": 16, "percent_covered": 100.0, "percent_covered_display": "100", "missing_lines": 0, "excluded_lines": 2, "percent_statements_covered": 100.0, "percent_statements_covered_display": "100"}, "missing_lines": [], "excluded_lines": [1, 51], "start_line": 1}}, "classes": {"GRPCStreamError": {"executed_lines": [], "summary": {"covered_lines": 0, "num_statements": 0, "percent_covered": 100.0, "percent_covered_display": "100", "missing_lines": 0, "excluded_lines": 0, "percent_statements_covered": 100.0, "percent_statements_covered_display": "100"}, "missing_lines": [], "excluded_lines": [], "start_line": 41}, "GRPCMarketDataClient": {"executed_lines": [], "summary": {"covered_lines": 0, "num_statements": 55, "percent_covered": 0.0, "percent_covered_display": "0", "missing_lines": 55, "excluded_lines": 0, "percent_statements_covered": 0.0, "percent_statements_covered_display": "0"}, "missing_lines": [69, 75, 76, 77, 78, 79, 91, 92, 93, 95, 96, 107, 108, 109, 110, 111, 112, 116, 117, 118, 119, 120, 159, 160, 164, 165, 169, 171, 178, 180, 181, 182, 186, 187, 201, 202, 203, 205, 206, 212, 213, 218, 219, 221, 241, 242, 244, 245, 247, 248, 252, 267, 268, 273, 280], "excluded_lines": [], "start_line": 50}, "": {"executed_lines": [24, 26, 27, 28, 30, 31, 33, 41, 50, 66, 83, 114, 124, 223, 277, 278], "summary": {"covered_lines": 16, "num_statements": 16, "percent_covered": 100.0, "percent_covered_display": "100", "missing_lines": 0, "excluded_lines": 2, "percent_statements_covered": 100.0, "percent_statements_covered_display": "100"}, "missing_lines": [], "excluded_lines": [1, 51], "start_line": 1}}}, "src/clients/market_data_pb2.py": {"executed_lines": [7, 8, 9, 10, 11, 12, 22, 27, 29, 30, 31, 32], "summary": {"covered_lines": 12, "num_statements": 26, "percent_covered": 46.15384615384615, "percent_covered_display": "46", "missing_lines": 14, "excluded_lines": 0, "percent_statements_covered": 46.15384615384615, "percent_statements_covered_display": "46"}, "missing_lines": [33, 34, 35, 36, 37, 38, 39, 40, 41, 42, 43, 44, 45, 46], "excluded_lines": [], "functions": {"": {"executed_lines": [7, 8, 9, 10, 11, 12, 22, 27, 29, 30, 31, 32], "summary": {"covered_lines": 12, "num_statements": 26, "percent_covered": 46.15384615384615, "percent_covered_display": "46", "missing_lines": 14, "excluded_lines": 0, "percent_statements_covered": 46.15384615384615, "percent_statements_covered_display": "46"}, "missing_lines": [33, 34, 35, 36, 37, 38, 39, 40, 41, 42, 43, 44, 45, 46], "excluded_lines": [], "start_line": 1}}, "classes": {"": {"executed_lines": [7, 8, 9, 10, 11, 12, 22, 27, 29, 30, 31, 32], "summary": {"covered_lines": 12, "num_statements": 26, "percent_covered": 46.15384615384615, "percent_covered_display": "46", "missing_lines": 14, "excluded_lines": 0, "percent_statements_covered": 46.15384615384615, "percent_statements_covered_display": "46"}, "missing_lines": [33, 34, 35, 36, 37, 38, 39, 40, 41, 42, 43, 44, 45, 46], "excluded_lines": [], "start_line": 1}}}, "src/clients/market_data_pb2_grpc.py": {"executed_lines": [3, 4, 6, 7, 11, 12, 13, 15, 16, 17, 21, 31, 38, 56, 63, 72, 82, 102, 109, 110, 136, 137], "summary": {"covered_lines": 22, "num_statements": 41, "percent_covered": 53.65853658536585, "percent_covered_display": "54", "missing_lines": 19, "excluded_lines": 0, "percent_statements_covered": 53.65853658536585, "percent_statements_covered_display": "54"}, "missing_lines": [8, 9, 18, 19, 22, 44, 49, 68, 69, 70, 77, 78, 79, 83, 95, 97, 98, 120, 147], "excluded_lines": [], "functions": {"MarketDataFeederStub.__init__": {"executed_lines": [], "summary": {"covered_lines": 0, "num_statements": 2, "percent_covered": 0.0, "percent_covered_display": "0", "missing_lines": 2, "excluded_lines": 0, "percent_statements_covered": 0.0, "percent_statements_covered_display": "0"}, "missing_lines": [44, 49], "excluded_lines": [], "start_line": 38}, "MarketDataFeederServicer.StreamTicks": {"executed_lines": [], "summary": {"covered_lines": 0, "num_statements": 3, "percent_covered": 0.0, "percent_covered_display": "0", "missing_lines": 3, "excluded_lines": 0, "percent_statements_covered": 0.0, "percent_statements_covered_display": "0"}, "missing_lines": [68, 69, 70], "excluded_lines": [], "start_line": 63}, "MarketDataFeederServicer.GetFeatureSnapshot": {"executed_lines": [], "summary": {"covered_lines": 0, "num_statements": 3, "percent_covered": 0.0, "percent_covered_display": "0", "missing_lines": 3, "excluded_lines": 0, "percent_statements_covered": 0.0, "percent_statements_covered_display": "0"}, "missing_lines": [77, 78, 79], "excluded_lines": [], "start_line": 72}, "add_MarketDataFeederServicer_to_server": {"executed_lines": [], "summary": {"covered_lines": 0, "num_statements": 4, "percent_covered": 0.0, "percent_covered_display": "0", "missing_lines": 4, "excluded_lines": 0, "percent_statements_covered": 0.0, "percent_statements_covered_display": "0"}, "missing_lines": [83, 95, 97, 98], "excluded_lines": [], "start_line": 82}, "MarketDataFeeder.StreamTicks": {"executed_lines": [], "summary": {"covered_lines": 0, "num_statements": 1, "percent_covered": 0.0, "percent_covered_display": "0", "missing_lines": 1, "excluded_lines": 0, "percent_statements_covered": 0.0, "percent_statements_covered_display": "0"}, "missing_lines": [120], "excluded_lines": [], "start_line": 110}, "MarketDataFeeder.GetFeatureSnapshot": {"executed_lines": [], "summary": {"covered_lines": 0, "num_statements": 1, "percent_covered": 0.0, "percent_covered_display": "0", "missing_lines": 1, "excluded_lines": 0, "percent_statements_covered": 0.0, "percent_statements_covered_display": "0"}, "missing_lines": [147], "excluded_lines": [], "start_line": 137}, "": {"executed_lines": [3, 4, 6, 7, 11, 12, 13, 15, 16, 17, 21, 31, 38, 56, 63, 72, 82, 102, 109, 110, 136, 137], "summary": {"covered_lines": 22, "num_statements": 27, "percent_covered": 81.48148148148148, "percent_covered_display": "81", "missing_lines": 5, "excluded_lines": 0, "percent_statements_covered": 81.48148148148148, "percent_statements_covered_display": "81"}, "missing_lines": [8, 9, 18, 19, 22], "excluded_lines": [], "start_line": 1}}, "classes": {"MarketDataFeederStub": {"executed_lines": [], "summary": {"covered_lines": 0, "num_statements": 2, "percent_covered": 0.0, "percent_covered_display": "0", "missing_lines": 2, "excluded_lines": 0, "percent_statements_covered": 0.0, "percent_statements_covered_display": "0"}, "missing_lines": [44, 49], "excluded_lines": [], "start_line": 31}, "MarketDataFeederServicer": {"executed_lines": [], "summary": {"covered_lines": 0, "num_statements": 6, "percent_covered": 0.0, "percent_covered_display": "0", "missing_lines": 6, "excluded_lines": 0, "percent_statements_covered": 0.0, "percent_statements_covered_display": "0"}, "missing_lines": [68, 69, 70, 77, 78, 79], "excluded_lines": [], "start_line": 56}, "MarketDataFeeder": {"executed_lines": [], "summary": {"covered_lines": 0, "num_statements": 2, "percent_covered": 0.0, "percent_covered_display": "0", "missing_lines": 2, "excluded_lines": 0, "percent_statements_covered": 0.0, "percent_statements_covered_display": "0"}, "missing_lines": [120, 147], "excluded_lines": [], "start_line": 102}, "": {"executed_lines": [3, 4, 6, 7, 11, 12, 13, 15, 16, 17, 21, 31, 38, 56, 63, 72, 82, 102, 109, 110, 136, 137], "summary": {"covered_lines": 22, "num_statements": 31, "percent_covered": 70.96774193548387, "percent_covered_display": "71", "missing_lines": 9, "excluded_lines": 0, "percent_statements_covered": 70.96774193548387, "percent_statements_covered_display": "71"}, "missing_lines": [8, 9, 18, 19, 22, 83, 95, 97, 98], "excluded_lines": [], "start_line": 1}}}, "src/clients/sentinel_pulse.py": {"executed_lines": [38, 40, 41, 43, 45, 46, 47, 49, 53, 59, 68, 71, 88, 93, 94, 95, 96, 103, 105, 110, 112, 114, 115, 116, 117, 121, 135, 136, 137, 140, 141, 142, 143, 144, 145, 147, 151, 173, 174, 175, 178, 181, 182, 185, 186, 191, 194, 195, 197, 206, 208, 217, 219, 245, 246, 249, 253, 257, 258, 263, 265, 267, 300, 304, 306, 308, 310, 312, 315, 316, 320, 321, 322, 323, 325, 326, 328, 334, 335, 337, 363, 364, 365, 366, 368, 370, 373, 377, 397, 398, 399, 401, 403, 404, 405, 407, 408, 410, 412, 417, 419, 420, 425, 427, 428, 434, 435, 436, 438, 439, 440, 445, 447, 449, 450, 457, 458, 459], "summary": {"covered_lines": 118, "num_statements": 131, "percent_covered": 90.07633587786259, "percent_covered_display": "90", "missing_lines": 13, "excluded_lines": 0, "percent_statements_covered": 90.07633587786259, "percent_statements_covered_display": "90"}, "missing_lines": [247, 254, 305, 307, 309, 311, 313, 317, 324, 367, 369, 371, 461], "excluded_lines": [], "functions": {"SentinelPulseClient.__init__": {"executed_lines": [93, 94, 95, 96], "summary": {"covered_lines": 4, "num_statements": 4, "percent_covered": 100.0, "percent_covered_display": "100", "missing_lines": 0, "excluded_lines": 0, "percent_statements_covered": 100.0, "percent_statements_covered_display": "100"}, "missing_lines": [], "excluded_lines": [], "start_line": 88}, "SentinelPulseClient.connect": {"executed_lines": [105, 110], "summary": {"covered_lines": 2, "num_statements": 2, "percent_covered": 100.0, "percent_covered_display": "100", "missing_lines": 0, "excluded_lines": 0, "percent_statements_covered": 100.0, "percent_statements_covered_display": "100"}, "missing_lines": [], "excluded_lines": [], "start_line": 103}, "SentinelPulseClient.disconnect": {"executed_lines": [114, 115, 116, 117], "summary": {"covered_lines": 4, "num_statements": 4, "percent_covered": 100.0, "percent_covered_display": "100", "missing_lines": 0, "excluded_lines": 0, "percent_statements_covered": 100.0, "percent_statements_covered_display": "100"}, "missing_lines": [], "excluded_lines": [], "start_line": 112}, "SentinelPulseClient._validate_news_context": {"executed_lines": [135, 136, 137, 140, 141, 142, 143, 144, 145, 147], "summary": {"covered_lines": 10, "num_statements": 10, "percent_covered": 100.0, "percent_covered_display": "100", "missing_lines": 0, "excluded_lines": 0, "percent_statements_covered": 100.0, "percent_statements_covered_display": "100"}, "missing_lines": [], "excluded_lines": [], "start_line": 121}, "SentinelPulseClient.fetch_news_context": {"executed_lines": [173, 174, 175, 178, 181, 182, 185, 186, 191, 194, 195], "summary": {"covered_lines": 11, "num_statements": 11, "percent_covered": 100.0, "percent_covered_display": "100", "missing_lines": 0, "excluded_lines": 0, "percent_statements_covered": 100.0, "percent_statements_covered_display": "100"}, "missing_lines": [], "excluded_lines": [], "start_line": 151}, "SentinelPulseClient.fetch_market_regime": {"executed_lines": [206], "summary": {"covered_lines": 1, "num_statements": 1, "percent_covered": 100.0, "percent_covered_display": "100", "missing_lines": 0, "excluded_lines": 0, "percent_statements_covered": 100.0, "percent_statements_covered_display": "100"}, "missing_lines": [], "excluded_lines": [], "start_line": 197}, "SentinelPulseClient.fetch_market_context": {"executed_lines": [217], "summary": {"covered_lines": 1, "num_statements": 1, "percent_covered": 100.0, "percent_covered_display": "100", "missing_lines": 0, "excluded_lines": 0, "percent_statements_covered": 100.0, "percent_statements_covered_display": "100"}, "missing_lines": [], "excluded_lines": [], "start_line": 208}, "SentinelPulseClient.fetch_pit_features": {"executed_lines": [245, 246, 249, 253, 257, 258, 263, 265], "summary": {"covered_lines": 8, "num_statements": 10, "percent_covered": 80.0, "percent_covered_display": "80", "missing_lines": 2, "excluded_lines": 0, "percent_statements_covered": 80.0, "percent_statements_covered_display": "80"}, "missing_lines": [247, 254], "excluded_lines": [], "start_line": 219}, "SentinelPulseClient.fetch_training_samples": {"executed_lines": [300, 304, 306, 308, 310, 312, 315, 316, 320, 321, 322, 323, 325, 326, 328, 334, 335], "summary": {"covered_lines": 17, "num_statements": 24, "percent_covered": 70.83333333333333, "percent_covered_display": "71", "missing_lines": 7, "excluded_lines": 0, "percent_statements_covered": 70.83333333333333, "percent_statements_covered_display": "71"}, "missing_lines": [305, 307, 309, 311, 313, 317, 324], "excluded_lines": [], "start_line": 267}, "SentinelPulseClient.fetch_historical_reactions": {"executed_lines": [363, 364, 365, 366, 368, 370, 373], "summary": {"covered_lines": 7, "num_statements": 10, "percent_covered": 70.0, "percent_covered_display": "70", "missing_lines": 3, "excluded_lines": 0, "percent_statements_covered": 70.0, "percent_statements_covered_display": "70"}, "missing_lines": [367, 369, 371], "excluded_lines": [], "start_line": 337}, "SentinelPulseClient._fetch_with_retry": {"executed_lines": [397, 398, 399, 401, 403, 404, 405, 407, 408, 410, 412, 417, 419, 420, 425, 427, 428, 434, 435, 436, 438, 439, 440, 445, 447, 449, 450, 457, 458, 459], "summary": {"covered_lines": 30, "num_statements": 31, "percent_covered": 96.7741935483871, "percent_covered_display": "97", "missing_lines": 1, "excluded_lines": 0, "percent_statements_covered": 96.7741935483871, "percent_statements_covered_display": "97"}, "missing_lines": [461], "excluded_lines": [], "start_line": 377}, "": {"executed_lines": [38, 40, 41, 43, 45, 46, 47, 49, 53, 59, 68, 71, 88, 103, 112, 121, 151, 197, 208, 219, 267, 337, 377], "summary": {"covered_lines": 23, "num_statements": 23, "percent_covered": 100.0, "percent_covered_display
[...]
flowTracker.__init__": {"executed_lines": [40, 41, 43, 44, 45], "summary": {"covered_lines": 5, "num_statements": 7, "percent_covered": 71.42857142857143, "percent_covered_display": "71", "missing_lines": 2, "excluded_lines": 0, "percent_statements_covered": 71.42857142857143, "percent_statements_covered_display": "71"}, "missing_lines": [46, 47], "excluded_lines": [], "start_line": 39}, "MLflowTracker.log_training_result": {"executed_lines": [59, 60, 61, 63, 64, 65, 67, 69, 70, 73, 74, 75, 76, 79, 80, 83, 84, 85, 86, 88, 95, 97, 98, 99], "summary": {"covered_lines": 24, "num_statements": 24, "percent_covered": 100.0, "percent_covered_display": "100", "missing_lines": 0, "excluded_lines": 0, "percent_statements_covered": 100.0, "percent_statements_covered_display": "100"}, "missing_lines": [], "excluded_lines": [], "start_line": 49}, "": {"executed_lines": [10, 12, 14, 15, 16, 18, 20, 21, 22, 24, 25, 28, 39, 49], "summary": {"covered_lines": 14, "num_statements": 15, "percent_covered": 93.33333333333333, "percent_covered_display": "93", "missing_lines": 1, "excluded_lines": 0, "percent_statements_covered": 93.33333333333333, "percent_statements_covered_display": "93"}, "missing_lines": [23], "excluded_lines": [], "start_line": 1}}, "classes": {"MLflowTracker": {"executed_lines": [40, 41, 43, 44, 45, 59, 60, 61, 63, 64, 65, 67, 69, 70, 73, 74, 75, 76, 79, 80, 83, 84, 85, 86, 88, 95, 97, 98, 99], "summary": {"covered_lines": 29, "num_statements": 31, "percent_covered": 93.54838709677419, "percent_covered_display": "94", "missing_lines": 2, "excluded_lines": 0, "percent_statements_covered": 93.54838709677419, "percent_statements_covered_display": "94"}, "missing_lines": [46, 47], "excluded_lines": [], "start_line": 28}, "": {"executed_lines": [10, 12, 14, 15, 16, 18, 20, 21, 22, 24, 25, 28, 39, 49], "summary": {"covered_lines": 14, "num_statements": 15, "percent_covered": 93.33333333333333, "percent_covered_display": "93", "missing_lines": 1, "excluded_lines": 0, "percent_statements_covered": 93.33333333333333, "percent_statements_covered_display": "93"}, "missing_lines": [23], "excluded_lines": [], "start_line": 1}}}, "src/training/online_learner.py": {"executed_lines": [17, 19, 20, 21, 23, 24, 26, 28, 31, 52, 60, 61, 62, 67, 68, 69, 73, 90, 93, 98, 99, 101, 102, 103, 106, 109, 111, 114, 117, 121, 128, 130, 132, 133, 138, 140, 141, 150, 181, 182, 188, 190, 191, 195, 197, 200, 202, 203, 206, 207, 210, 211, 213, 215, 223, 225, 229, 230, 232, 233, 235, 236, 237, 239, 241, 242, 246, 247, 249, 250, 255, 257, 272, 273, 274, 276, 277, 279, 280, 282, 283, 285, 286, 295, 296, 297, 307, 310, 321, 322, 323, 334, 336, 337, 342], "summary": {"covered_lines": 95, "num_statements": 102, "percent_covered": 93.13725490196079, "percent_covered_display": "93", "missing_lines": 7, "excluded_lines": 1, "percent_statements_covered": 93.13725490196079, "percent_statements_covered_display": "93"}, "missing_lines": [104, 105, 115, 304, 305, 331, 332], "excluded_lines": [32], "functions": {"OnlineLearner.__init__": {"executed_lines": [60, 61, 62, 67, 68, 69], "summary": {"covered_lines": 6, "num_statements": 6, "percent_covered": 100.0, "percent_covered_display": "100", "missing_lines": 0, "excluded_lines": 0, "percent_statements_covered": 100.0, "percent_statements_covered_display": "100"}, "missing_lines": [], "excluded_lines": [], "start_line": 52}, "OnlineLearner.generate_next_version": {"executed_lines": [90, 93, 98, 99, 101, 102, 103, 106, 109, 111, 114, 117], "summary": {"covered_lines": 12, "num_statements": 15, "percent_covered": 80.0, "percent_covered_display": "80", "missing_lines": 3, "excluded_lines": 0, "percent_statements_covered": 80.0, "percent_statements_covered_display": "80"}, "missing_lines": [104, 105, 115], "excluded_lines": [], "start_line": 73}, "OnlineLearner.requires_full_retrain": {"executed_lines": [128], "summary": {"covered_lines": 1, "num_statements": 1, "percent_covered": 100.0, "percent_covered_display": "100", "missing_lines": 0, "excluded_lines": 0, "percent_statements_covered": 100.0, "percent_statements_covered_display": "100"}, "missing_lines": [], "excluded_lines": [], "start_line": 121}, "OnlineLearner.reset_consecutive_updates": {"executed_lines": [132, 133], "summary": {"covered_lines": 2, "num_statements": 2, "percent_covered": 100.0, "percent_covered_display": "100", "missing_lines": 0, "excluded_lines": 0, "percent_statements_covered": 100.0, "percent_statements_covered_display": "100"}, "missing_lines": [], "excluded_lines": [], "start_line": 130}, "OnlineLearner.increment_consecutive_updates": {"executed_lines": [140, 141], "summary": {"covered_lines": 2, "num_statements": 2, "percent_covered": 100.0, "percent_covered_display": "100", "missing_lines": 0, "excluded_lines": 0, "percent_statements_covered": 100.0, "percent_statements_covered_display": "100"}, "missing_lines": [], "excluded_lines": [], "start_line": 138}, "OnlineLearner.update": {"executed_lines": [181, 182, 188, 190, 191, 195, 197, 200, 202, 203, 206, 207, 210, 211, 213, 215, 223], "summary": {"covered_lines": 17, "num_statements": 17, "percent_covered": 100.0, "percent_covered_display": "100", "missing_lines": 0, "excluded_lines": 0, "percent_statements_covered": 100.0, "percent_statements_covered_display": "100"}, "missing_lines": [], "excluded_lines": [], "start_line": 150}, "OnlineLearner._apply_incremental_update": {"executed_lines": [229, 230, 232, 233, 235, 236, 237, 239, 241, 242, 246, 247, 249, 250, 255], "summary": {"covered_lines": 15, "num_statements": 15, "percent_covered": 100.0, "percent_covered_display": "100", "missing_lines": 0, "excluded_lines": 0, "percent_statements_covered": 100.0, "percent_statements_covered_display": "100"}, "missing_lines": [], "excluded_lines": [], "start_line": 225}, "OnlineLearner._validate_update": {"executed_lines": [272, 273, 274, 276, 277, 279, 280, 282, 283, 285, 286, 295, 296, 297, 307, 310, 321, 322, 323, 334, 336, 337, 342], "summary": {"covered_lines": 23, "num_statements": 27, "percent_covered": 85.18518518518519, "percent_covered_display": "85", "missing_lines": 4, "excluded_lines": 0, "percent_statements_covered": 85.18518518518519, "percent_statements_covered_display": "85"}, "missing_lines": [304, 305, 331, 332], "excluded_lines": [], "start_line": 257}, "": {"executed_lines": [17, 19, 20, 21, 23, 24, 26, 28, 31, 52, 73, 121, 130, 138, 150, 225, 257], "summary": {"covered_lines": 17, "num_statements": 17, "percent_covered": 100.0, "percent_covered_display": "100", "missing_lines": 0, "excluded_lines": 1, "percent_statements_covered": 100.0, "percent_statements_covered_display": "100"}, "missing_lines": [], "excluded_lines": [32], "start_line": 1}}, "classes": {"OnlineLearner": {"executed_lines": [60, 61, 62, 67, 68, 69, 90, 93, 98, 99, 101, 102, 103, 106, 109, 111, 114, 117, 128, 132, 133, 140, 141, 181, 182, 188, 190, 191, 195, 197, 200, 202, 203, 206, 207, 210, 211, 213, 215, 223, 229, 230, 232, 233, 235, 236, 237, 239, 241, 242, 246, 247, 249, 250, 255, 272, 273, 274, 276, 277, 279, 280, 282, 283, 285, 286, 295, 296, 297, 307, 310, 321, 322, 323, 334, 336, 337, 342], "summary": {"covered_lines": 78, "num_statements": 85, "percent_covered": 91.76470588235294, "percent_covered_display": "92", "missing_lines": 7, "excluded_lines": 0, "percent_statements_covered": 91.76470588235294, "percent_statements_covered_display": "92"}, "missing_lines": [104, 105, 115, 304, 305, 331, 332], "excluded_lines": [], "start_line": 31}, "": {"executed_lines": [17, 19, 20, 21, 23, 24, 26, 28, 31, 52, 73, 121, 130, 138, 150, 225, 257], "summary": {"covered_lines": 17, "num_statements": 17, "percent_covered": 100.0, "percent_covered_display": "100", "missing_lines": 0, "excluded_lines": 1, "percent_statements_covered": 100.0, "percent_statements_covered_display": "100"}, "missing_lines": [], "excluded_lines": [32], "start_line": 1}}}, "src/training/pipeline.py": {"executed_lines": [13, 15, 16, 17, 18, 20, 21, 22, 24, 25, 26, 27, 28, 29, 31, 34, 35, 38, 48, 52, 55, 56, 57, 58, 59, 60, 61, 62, 63, 64, 65, 66, 67, 68, 69, 70, 71, 72, 73, 76, 102, 109, 110, 111, 112, 113, 117, 167, 168, 173, 174, 175, 178, 182, 184, 193, 198, 207, 210, 218, 219, 220, 221, 222, 225, 228, 229, 231, 234, 236, 247, 249, 251, 253, 254, 266, 267, 268, 272, 283, 284, 286, 287, 296, 298, 339, 353, 358, 359, 361, 364, 365, 366, 369, 370, 371, 375, 376, 377, 378, 383, 385, 394, 396, 397, 404, 405, 408, 409, 410, 411, 412, 414, 415, 423, 424, 425, 426, 428, 441, 442, 443, 444, 445, 451, 454, 455, 456, 457, 458, 463, 466, 467, 468, 469, 470, 476, 479, 480, 481, 483, 485, 486], "summary": {"covered_lines": 143, "num_statements": 161, "percent_covered": 88.81987577639751, "percent_covered_display": "89", "missing_lines": 18, "excluded_lines": 0, "percent_statements_covered": 88.81987577639751, "percent_statements_covered_display": "89"}, "missing_lines": [308, 310, 315, 316, 317, 318, 319, 320, 321, 322, 323, 324, 326, 327, 331, 337, 508, 509], "excluded_lines": [], "functions": {"TrainingResult.__init__": {"executed_lines": [56, 57, 58, 59, 60, 61, 62, 63, 64, 65, 66, 67, 68, 69, 70, 71, 72, 73], "summary": {"covered_lines": 18, "num_statements": 18, "percent_covered": 100.0, "percent_covered_display": "100", "missing_lines": 0, "excluded_lines": 0, "percent_statements_covered": 100.0, "percent_statements_covered_display": "100"}, "missing_lines": [], "excluded_lines": [], "start_line": 55}, "TrainingPipeline.__init__": {"executed_lines": [109, 110, 111, 112, 113], "summary": {"covered_lines": 5, "num_statements": 5, "percent_covered": 100.0, "percent_covered_display": "100", "missing_lines": 0, "excluded_lines": 0, "percent_statements_covered": 100.0, "percent_statements_covered_display": "100"}, "missing_lines": [], "excluded_lines": [], "start_line": 102}, "TrainingPipeline.run_training": {"executed_lines": [167, 168, 173, 174, 175, 178, 182, 184, 193, 198, 207, 210, 218, 219, 220, 221, 222, 225, 228, 229, 231, 234, 236, 247], "summary": {"covered_lines": 24, "num_statements": 24, "percent_covered": 100.0, "percent_covered_display": "100", "missing_lines": 0, "excluded_lines": 0, "percent_statements_covered": 100.0, "percent_statements_covered_display": "100"}, "missing_lines": [], "excluded_lines": [], "start_line": 117}, "TrainingPipeline.get_status": {"executed_lines": [251], "summary": {"covered_lines": 1, "num_statements": 1, "percent_covered": 100.0, "percent_covered_display": "100", "missing_lines": 0, "excluded_lines": 0, "percent_statements_covered": 100.0, "percent_statements_covered_display": "100"}, "missing_lines": [], "excluded_lines": [], "start_line": 249}, "TrainingPipeline.validate_lifecycle_transition": {"executed_lines": [266, 267, 268], "summary": {"covered_lines": 3, "num_statements": 3, "percent_covered": 100.0, "percent_covered_display": "100", "missing_lines": 0, "excluded_lines": 0, "percent_statements_covered": 100.0, "percent_statements_covered_display": "100"}, "missing_lines": [], "excluded_lines": [], "start_line": 254}, "TrainingPipeline._resolve_hyperparameters": {"executed_lines": [283, 284, 286, 287, 296], "summary": {"covered_lines": 5, "num_statements": 5, "percent_covered": 100.0, "percent_covered_display": "100", "missing_lines": 0, "excluded_lines": 0, "percent_statements_covered": 100.0, "percent_statements_covered_display": "100"}, "missing_lines": [], "excluded_lines": [], "start_line": 272}, "TrainingPipeline._run_hpo": {"executed_lines": [], "summary": {"covered_lines": 0, "num_statements": 7, "percent_covered": 0.0, "percent_covered_display": "0", "missing_lines": 7, "excluded_lines": 0, "percent_statements_covered": 0.0, "percent_statements_covered_display": "0"}, "missing_lines": [308, 310, 315, 326, 327, 331, 337], "excluded_lines": [], "start_line": 298}, "TrainingPipeline._run_hpo.objective": {"executed_lines": [], "summary": {"covered_lines": 0, "num_statements": 9, "percent_covered": 0.0, "percent_covered_display": "0", "missing_lines": 9, "excluded_lines": 0, "percent_statements_covered": 0.0, "percent_statements_covered_display": "0"}, "missing_lines": [316, 317, 318, 319, 320, 321, 322, 323, 324], "excluded_lines": [], "start_line": 315}, "TrainingPipeline._evaluate_folds": {"executed_lines": [353, 358, 359, 361, 364, 365, 366, 369, 370, 371, 375, 376, 377, 378, 383, 385, 394], "summary": {"covered_lines": 17, "num_statements": 17, "percent_covered": 100.0, "percent_covered_display": "100", "missing_lines": 0, "excluded_lines": 0, "percent_statements_covered": 100.0, "percent_statements_covered_display": "100"}, "missing_lines": [], "excluded_lines": [], "start_line": 339}, "TrainingPipeline._compute_max_drawdown": {"executed_lines": [404, 405, 408, 409, 410, 411, 412], "summary": {"covered_lines": 7, "num_statements": 7, "percent_covered": 100.0, "percent_covered_display": "100", "missing_lines": 0, "excluded_lines": 0, "percent_statements_covered": 100.0, "percent_statements_covered_display": "100"}, "missing_lines": [], "excluded_lines": [], "start_line": 397}, "TrainingPipeline._compute_pbo": {"executed_lines": [423, 424, 425, 426], "summary": {"covered_lines": 4, "num_statements": 4, "percent_covered": 100.0, "percent_covered_display": "100", "missing_lines": 0, "excluded_lines": 0, "percent_statements_covered": 100.0, "percent_statements_covered_display": "100"}, "missing_lines": [], "excluded_lines": [], "start_line": 415}, "TrainingPipeline._apply_gates": {"executed_lines": [441, 442, 443, 444, 445, 451, 454, 455, 456, 457, 458, 463, 466, 467, 468, 469, 470, 476, 479, 480, 481], "summary": {"covered_lines": 21, "num_statements": 21, "percent_covered": 100.0, "percent_covered_display": "100", "missing_lines": 0, "excluded_lines": 0, "percent_statements_covered": 100.0, "percent_statements_covered_display": "100"}, "missing_lines": [], "excluded_lines": [], "start_line": 428}, "TrainingPipeline._write_audit_entry": {"executed_lines": [485, 486], "summary": {"covered_lines": 2, "num_statements": 4, "percent_covered": 50.0, "percent_covered_display": "50", "missing_lines": 2, "excluded_lines": 0, "percent_statements_covered": 50.0, "percent_statements_covered_display": "50"}, "missing_lines": [508, 509], "excluded_lines": [], "start_line": 483}, "": {"executed_lines": [13, 15, 16, 17, 18, 20, 21, 22, 24, 25, 26, 27, 28, 29, 31, 34, 35, 38, 48, 52, 55, 76, 102, 117, 249, 253, 254, 272, 298, 339, 396, 397, 414, 415, 428, 483], "summary": {"covered_lines": 36, "num_statements": 36, "percent_covered": 100.0, "percent_covered_display": "100", "missing_lines": 0, "excluded_lines": 0, "percent_statements_covered": 100.0, "percent_statements_covered_display": "100"}, "missing_lines": [], "excluded_lines": [], "start_line": 1}}, "classes": {"TrainingAbortedError": {"executed_lines": [], "summary": {"covered_lines": 0, "num_statements": 0, "percent_covered": 100.0, "percent_covered_display": "100", "missing_lines": 0, "excluded_lines": 0, "percent_statements_covered": 100.0, "percent_statements_covered_display": "100"}, "missing_lines": [], "excluded_lines": [], "start_line": 48}, "TrainingResult": {"executed_lines": [56, 57, 58, 59, 60, 61, 62, 63, 64, 65, 66, 67, 68, 69, 70, 71, 72, 73], "summary": {"covered_lines": 18, "num_statements": 18, "percent_covered": 100.0, "percent_covered_display": "100", "missing_lines": 0, "excluded_lines": 0, "percent_statements_covered": 100.0, "percent_statements_covered_display": "100"}, "missing_lines": [], "excluded_lines": [], "start_line": 52}, "TrainingPipeline": {"executed_lines": [109, 110, 111, 112, 113, 167, 168, 173, 174, 175, 178, 182, 184, 193, 198, 207, 210, 218, 219, 220, 221, 222, 225, 228, 229, 231, 234, 236, 247, 251, 266, 267, 268, 283, 284, 286, 287, 296, 353, 358, 359, 361, 364, 365, 366, 369, 370, 371, 375, 376, 377, 378, 383, 385, 394, 404, 405, 408, 409, 410, 411, 412, 423, 424, 425, 426, 441, 442, 443, 444, 445, 451, 454, 455, 456, 457, 458, 463, 466, 467, 468, 469, 470, 476, 479, 480, 481, 485, 486], "summary": {"covered_lines": 89, "num_statements": 107, "percent_covered": 83.17757009345794, "percent_covered_display": "83", "missing_lines": 18, "excluded_lines": 0, "percent_statements_covered": 83.17757009345794, "percent_statements_covered_display": "83"}, "missing_lines": [308, 310, 315, 316, 317, 318, 319, 320, 321, 322, 323, 324, 326, 327, 331, 337, 508, 509], "excluded_lines": [], "start_line": 76}, "": {"executed_lines": [13, 15, 16, 17, 18, 20, 21, 22, 24, 25, 26, 27, 28, 29, 31, 34, 35, 38, 48, 52, 55, 76, 102, 117, 249, 253, 254, 272, 298, 339, 396, 397, 414, 415, 428, 483], "summary": {"covered_lines": 36, "num_statements": 36, "percent_covered": 100.0, "percent_covered_display": "100", "missing_lines": 0, "excluded_lines": 0, "percent_statements_covered": 100.0, "percent_statements_covered_display": "100"}, "missing_lines": [], "excluded_lines": [], "start_line": 1}}}, "src/training/purged_kfold.py": {"executed_lines": [28, 30, 31, 33, 34, 36, 38, 40, 43, 66, 72, 73, 77, 80, 81, 82, 84, 104, 107, 108, 111, 112, 113, 115, 118, 119, 120, 123, 124, 125, 127, 128, 132, 133, 134, 137, 138, 139, 141, 146, 147, 148, 153, 154, 156, 168, 178], "summary": {"covered_lines": 47, "num_statements": 51, "percent_covered": 92.15686274509804, "percent_covered_display": "92", "missing_lines": 4, "excluded_lines": 0, "percent_statements_covered": 92.15686274509804, "percent_statements_covered_display": "92"}, "missing_lines": [78, 150, 159, 166], "excluded_lines": [], "functions": {"PurgedKFoldSplitter.__init__": {"executed_lines": [72, 73, 77, 80, 81, 82], "summary": {"covered_lines": 6, "num_statements": 7, "percent_covered": 85.71428571428571, "percent_covered_display": "86", "missing_lines": 1, "excluded_lines": 0, "percent_statements_covered": 85.71428571428571, "percent_statements_covered_display": "86"}, "missing_lines": [78], "excluded_lines": [], "start_line": 66}, "PurgedKFoldSplitter.split": {"executed_lines": [104, 107, 108, 111, 112, 113, 115, 118, 119, 120, 123, 124, 125, 127, 128, 132, 133, 134, 137, 138, 139, 141, 146, 147, 148, 153, 154, 156, 168, 178], "summary": {"covered_lines": 30, "num_statements": 33, "percent_covered": 90.9090909090909, "percent_covered_display": "91", "missing_lines": 3, "excluded_lines": 0, "percent_statements_covered": 90.9090909090909, "percent_statements_covered_display": "91"}, "missing_lines": [150, 159, 166], "excluded_lines": [], "start_line": 84}, "": {"executed_lines": [28, 30, 31, 33, 34, 36, 38, 40, 43, 66, 84], "summary": {"covered_lines": 11, "num_statements": 11, "percent_covered": 100.0, "percent_covered_display": "100", "missing_lines": 0, "excluded_lines": 0, "percent_statements_covered": 100.0, "percent_statements_covered_display": "100"}, "missing_lines": [], "excluded_lines": [], "start_line": 1}}, "classes": {"PurgedKFoldSplitter": {"executed_lines": [72, 73, 77, 80, 81, 82, 104, 107, 108, 111, 112, 113, 115, 118, 119, 120, 123, 124, 125, 127, 128, 132, 133, 134, 137, 138, 139, 141, 146, 147, 148, 153, 154, 156, 168, 178], "summary": {"covered_lines": 36, "num_statements": 40, "percent_covered": 90.0, "percent_covered_display": "90", "missing_lines": 4, "excluded_lines": 0, "percent_statements_covered": 90.0, "percent_statements_covered_display": "90"}, "missing_lines": [78, 150, 159, 166], "excluded_lines": [], "start_line": 43}, "": {"executed_lines": [28, 30, 31, 33, 34, 36, 38, 40, 43, 66, 84], "summary": {"covered_lines": 11, "num_statements": 11, "percent_covered": 100.0, "percent_covered_display": "100", "missing_lines": 0, "excluded_lines": 0, "percent_statements_covered": 100.0, "percent_statements_covered_display": "100"}, "missing_lines": [], "excluded_lines": [], "start_line": 1}}}}, "totals": {"covered_lines": 3876, "num_statements": 4482, "percent_covered": 86.47925033467202, "percent_covered_display": "86", "missing_lines": 606, "excluded_lines": 11, "percent_statements_covered": 86.47925033467202, "percent_statements_covered_display": "86"}}