{"meta": {"format": 3, "version": "7.16.0", "timestamp": "2026-09-26T18:40:03.458537", "branch_coverage": false, "show_contexts": false}, "files": {"src/analytics/cross_sectional.py": {"executed_lines": [38, 40, 41, 42, 44, 45, 47, 48, 50, 52, 60, 61, 64, 65, 66, 67, 68, 71, 87, 88, 91, 92, 94, 95, 96, 98, 99, 102, 104, 105, 106, 107, 108, 109, 110, 111, 113, 116, 117, 118, 122, 123, 124, 127, 128, 133, 134, 135, 136, 137, 138, 139, 140, 141, 142, 143, 146, 149, 150, 152, 153, 155, 162, 163, 164, 165, 166, 167, 168, 169, 170, 171, 173, 181, 182, 183, 184, 185, 186, 187, 188, 189, 190, 191, 192, 193, 194, 195, 198, 199, 200, 201, 202, 203, 204, 205, 206, 210, 211, 212, 213, 214, 215, 218, 219, 220, 223, 224, 225, 226, 227, 228, 229, 230, 231, 232, 234, 239, 248, 257, 258, 259, 260, 261, 262, 264, 292, 293, 296, 297, 298, 299, 302, 303, 304, 308, 309, 311, 312, 314, 315, 316, 317, 319, 320, 321, 322, 326, 327, 328, 331, 332, 333, 334, 335, 338, 339, 341, 343, 344, 346, 349, 353, 354, 356, 357, 359, 376, 377, 378, 380, 398, 402, 403, 405, 410, 411, 412, 413, 415, 416, 417, 418, 419, 420, 424, 425, 428, 429, 430, 431, 432, 433, 434, 435, 436, 438, 439, 442, 443, 444, 445, 448, 449, 450, 451, 453, 454, 456, 459, 460, 479, 480, 486, 490, 491, 496, 499, 500, 501, 502, 503, 505, 508, 509, 510, 511, 512, 513, 516, 517, 522, 527, 528, 529, 530, 533, 534, 535, 537, 538, 539, 540, 541, 544, 545, 546, 552, 553, 555, 556, 557, 565, 567, 569, 570, 571, 572, 575, 576, 579, 584, 585], "summary": {"covered_lines": 263, "num_statements": 278, "percent_covered": 94.60431654676259, "percent_covered_display": "95", "missing_lines": 15, "excluded_lines": 0, "percent_statements_covered": 94.60431654676259, "percent_statements_covered_display": "95"}, "missing_lines": [93, 114, 235, 236, 300, 306, 323, 329, 336, 347, 350, 351, 421, 497, 568], "excluded_lines": [], "functions": {"build_cross_sectional_panel": {"executed_lines": [87, 88, 91, 92, 94, 95, 96, 98, 99, 102, 104, 105, 106, 107, 108, 109, 110, 111, 113, 116, 117, 118, 122, 123, 124, 127, 128, 133, 134, 135, 136, 137, 138, 139, 140, 141, 142, 143, 146, 149, 150, 152, 153, 155, 162, 163, 164, 165, 166, 167, 168, 169, 170, 171, 173], "summary": {"covered_lines": 55, "num_statements": 57, "percent_covered": 96.49122807017544, "percent_covered_display": "96", "missing_lines": 2, "excluded_lines": 0, "percent_statements_covered": 96.49122807017544, "percent_statements_covered_display": "96"}, "missing_lines": [93, 114], "excluded_lines": [], "start_line": 71}, "CrossSectionalResult.to_dict": {"executed_lines": [], "summary": {"covered_lines": 0, "num_statements": 2, "percent_covered": 0.0, "percent_covered_display": "0", "missing_lines": 2, "excluded_lines": 0, "percent_statements_covered": 0.0, "percent_statements_covered_display": "0"}, "missing_lines": [235, 236], "excluded_lines": [], "start_line": 234}, "CrossSectionalValidator.__init__": {"executed_lines": [257, 258, 259, 260, 261, 262], "summary": {"covered_lines": 6, "num_statements": 6, "percent_covered": 100.0, "percent_covered_display": "100", "missing_lines": 0, "excluded_lines": 0, "percent_statements_covered": 100.0, "percent_statements_covered_display": "100"}, "missing_lines": [], "excluded_lines": [], "start_line": 248}, "CrossSectionalValidator.evaluate": {"executed_lines": [292, 293, 296, 297, 298, 299, 302, 303, 304, 308, 309, 311, 312, 314, 315, 316, 317, 319, 320, 321, 322, 326, 327, 328, 331, 332, 333, 334, 335, 338, 339, 341, 343, 344, 346, 349, 353, 354, 356, 357, 359, 376, 377, 378, 380, 398, 402, 403], "summary": {"covered_lines": 48, "num_statements": 56, "percent_covered": 85.71428571428571, "percent_covered_display": "86", "missing_lines": 8, "excluded_lines": 0, "percent_statements_covered": 85.71428571428571, "percent_statements_covered_display": "86"}, "missing_lines": [300, 306, 323, 329, 336, 347, 350, 351], "excluded_lines": [], "start_line": 264}, "CrossSectionalValidator._score_window_by_ts": {"executed_lines": [410, 411, 412, 413, 415, 416, 417, 418, 419, 420, 424, 425, 428, 429, 430, 431, 432, 433, 434, 435, 436, 438, 439, 442, 443, 444, 445, 448, 449, 450, 451, 453, 454, 456, 459, 460, 479, 480], "summary": {"covered_lines": 38, "num_statements": 39, "percent_covered": 97.43589743589743, "percent_covered_display": "97", "missing_lines": 1, "excluded_lines": 0, "percent_statements_covered": 97.43589743589743, "percent_statements_covered_display": "97"}, "missing_lines": [421], "excluded_lines": [], "start_line": 405}, "CrossSectionalValidator._aggregate": {"executed_lines": [490, 491, 496, 499, 500, 501, 502, 503, 505, 508, 509, 510, 511, 512, 513, 516, 517, 522, 527, 528, 529, 530, 533, 534, 535, 537, 538, 539, 540, 541, 544, 545, 546, 552, 553, 555, 556, 557], "summary": {"covered_lines": 38, "num_statements": 39, "percent_covered": 97.43589743589743, "percent_covered_display": "97", "missing_lines": 1, "excluded_lines": 0, "percent_statements_covered": 97.43589743589743, "percent_statements_covered_display": "97"}, "missing_lines": [497], "excluded_lines": [], "start_line": 486}, "_turnover": {"executed_lines": [567, 569, 570, 571, 572], "summary": {"covered_lines": 5, "num_statements": 6, "percent_covered": 83.33333333333333, "percent_covered_display": "83", "missing_lines": 1, "excluded_lines": 0, "percent_statements_covered": 83.33333333333333, "percent_statements_covered_display": "83"}, "missing_lines": [568], "excluded_lines": [], "start_line": 565}, "_safe_mean": {"executed_lines": [576], "summary": {"covered_lines": 1, "num_statements": 1, "percent_covered": 100.0, "percent_covered_display": "100", "missing_lines": 0, "excluded_lines": 0, "percent_statements_covered": 100.0, "percent_statements_covered_display": "100"}, "missing_lines": [], "excluded_lines": [], "start_line": 575}, "_is_classifier": {"executed_lines": [584, 585], "summary": {"covered_lines": 2, "num_statements": 2, "percent_covered": 100.0, "percent_covered_display": "100", "missing_lines": 0, "excluded_lines": 0, "percent_statements_covered": 100.0, "percent_statements_covered_display": "100"}, "missing_lines": [], "excluded_lines": [], "start_line": 579}, "": {"executed_lines": [38, 40, 41, 42, 44, 45, 47, 48, 50, 52, 60, 61, 64, 65, 66, 67, 68, 71, 181, 182, 183, 184, 185, 186, 187, 188, 189, 190, 191, 192, 193, 194, 195, 198, 199, 200, 201, 202, 203, 204, 205, 206, 210, 211, 212, 213, 214, 215, 218, 219, 220, 223, 224, 225, 226, 227, 228, 229, 230, 231, 232, 234, 239, 248, 264, 405, 486, 565, 575, 579], "summary": {"covered_lines": 70, "num_statements": 70, "percent_covered": 100.0, "percent_covered_display": "100", "missing_lines": 0, "excluded_lines": 0, "percent_statements_covered": 100.0, "percent_statements_covered_display": "100"}, "missing_lines": [], "excluded_lines": [], "start_line": 1}}, "classes": {"PanelConfig": {"executed_lines": [], "summary": {"covered_lines": 0, "num_statements": 0, "percent_covered": 100.0, "percent_covered_display": "100", "missing_lines": 0, "excluded_lines": 0, "percent_statements_covered": 100.0, "percent_statements_covered_display": "100"}, "missing_lines": [], "excluded_lines": [], "start_line": 61}, "WindowIC": {"executed_lines": [], "summary": {"covered_lines": 0, "num_statements": 0, "percent_covered": 100.0, "percent_covered_display": "100", "missing_lines": 0, "excluded_lines": 0, "percent_statements_covered": 100.0, "percent_statements_covered_display": "100"}, "missing_lines": [], "excluded_lines": [], "start_line": 182}, "CrossSectionalResult": {"executed_lines": [], "summary": {"covered_lines": 0, "num_statements": 2, "percent_covered": 0.0, "percent_covered_display": "0", "missing_lines": 2, "excluded_lines": 0, "percent_statements_covered": 0.0, "percent_statements_covered_display": "0"}, "missing_lines": [235, 236], "excluded_lines": [], "start_line": 199}, "CrossSectionalValidator": {"executed_lines": [257, 258, 259, 260, 261, 262, 292, 293, 296, 297, 298, 299, 302, 303, 304, 308, 309, 311, 312, 314, 315, 316, 317, 319, 320, 321, 322, 326, 327, 328, 331, 332, 333, 334, 335, 338, 339, 341, 343, 344, 346, 349, 353, 354, 356, 357, 359, 376, 377, 378, 380, 398, 402, 403, 410, 411, 412, 413, 415, 416, 417, 418, 419, 420, 424, 425, 428, 429, 430, 431, 432, 433, 434, 435, 436, 438, 439, 442, 443, 444, 445, 448, 449, 450, 451, 453, 454, 456, 459, 460, 479, 480, 490, 491, 496, 499, 500, 501, 502, 503, 505, 508, 509, 510, 511, 512, 513, 516, 517, 522, 527, 528, 529, 530, 533, 534, 535, 537, 538, 539, 540, 541, 544, 545, 546, 552, 553, 555, 556, 557], "summary": {"covered_lines": 130, "num_statements": 140, "percent_covered": 92.85714285714286, "percent_covered_display": "93", "missing_lines": 10, "excluded_lines": 0, "percent_statements_covered": 92.85714285714286, "percent_statements_covered_display": "93"}, "missing_lines": [300, 306, 323, 329, 336, 347, 350, 351, 421, 497], "excluded_lines": [], "start_line": 239}, "": {"executed_lines": [38, 40, 41, 42, 44, 45, 47, 48, 50, 52, 60, 61, 64, 65, 66, 67, 68, 71, 87, 88, 91, 92, 94, 95, 96, 98, 99, 102, 104, 105, 106, 107, 108, 109, 110, 111, 113, 116, 117, 118, 122, 123, 124, 127, 128, 133, 134, 135, 136, 137, 138, 139, 140, 141, 142, 143, 146, 149, 150, 152, 153, 155, 162, 163, 164, 165, 166, 167, 168, 169, 170, 171, 173, 181, 182, 183, 184, 185, 186, 187, 188, 189, 190, 191, 192, 193, 194, 195, 198, 199, 200, 201, 202, 203, 204, 205, 206, 210, 211, 212, 213, 214, 215, 218, 219, 220, 223, 224, 225, 226, 227, 228, 229, 230, 231, 232, 234, 239, 248, 264, 405, 486, 565, 567, 569, 570, 571, 572, 575, 576, 579, 584, 585], "summary": {"covered_lines": 133, "num_statements": 136, "percent_covered": 97.79411764705883, "percent_covered_display": "98", "missing_lines": 3, "excluded_lines": 0, "percent_statements_covered": 97.79411764705883, "percent_statements_covered_display": "98"}, "missing_lines": [93, 114, 568], "excluded_lines": [], "start_line": 1}}}, "src/analytics/cross_sectional_backtest.py": {"executed_lines": [23, 25, 26, 27, 29, 30, 31, 33, 41, 42, 47, 48, 49, 50, 51, 52, 53, 55, 56, 61, 63, 71, 84, 85, 86, 87, 90, 91, 92, 93, 94, 95, 96, 97, 98, 102, 110, 117, 119, 120, 121, 122, 123, 124, 125, 126, 127, 128, 129, 131, 132, 133, 134, 135, 143, 144, 145, 146, 147, 148, 149, 150, 151, 152, 153, 154, 155, 156, 157, 158, 159, 160, 161, 162, 163, 164, 165, 167, 172, 209, 210, 213, 214, 215, 217, 218, 221, 223, 224, 225, 226, 227, 228, 229, 231, 234, 235, 236, 237, 240, 241, 245, 246, 247, 248, 250, 262, 263, 265, 266, 268, 269, 270, 271, 272, 273, 275, 276, 277, 278, 279, 280, 282, 283, 284, 285, 288, 289, 291, 292, 293, 294, 295, 306, 308, 309, 310, 312, 313, 315, 317, 340, 341, 343, 344, 345, 348, 349, 351, 352, 353, 354], "summary": {"covered_lines": 152, "num_statements": 170, "percent_covered": 89.41176470588235, "percent_covered_display": "89", "missing_lines": 18, "excluded_lines": 0, "percent_statements_covered": 89.41176470588235, "percent_statements_covered_display": "89"}, "missing_lines": [130, 168, 169, 238, 242, 243, 252, 253, 254, 255, 256, 257, 258, 259, 267, 314, 342, 350], "excluded_lines": [], "functions": {"CostModel.per_side_bps": {"executed_lines": [56], "summary": {"covered_lines": 1, "num_statements": 1, "percent_covered": 100.0, "percent_covered_display": "100", "missing_lines": 0, "excluded_lines": 0, "percent_statements_covered": 100.0, "percent_statements_covered_display": "100"}, "missing_lines": [], "excluded_lines": [], "start_line": 55}, "CostModel.round_trip_bps": {"executed_lines": [63], "summary": {"covered_lines": 1, "num_statements": 1, "percent_covered": 100.0, "percent_covered_display": "100", "missing_lines": 0, "excluded_lines": 0, "percent_statements_covered": 100.0, "percent_statements_covered_display": "100"}, "missing_lines": [], "excluded_lines": [], "start_line": 61}, "ic_decay_curve": {"executed_lines": [84, 85, 86, 87, 90, 91, 92, 93, 94, 95, 96, 97, 98, 102], "summary": {"covered_lines": 14, "num_statements": 14, "percent_covered": 100.0, "percent_covered_display": "100", "missing_lines": 0, "excluded_lines": 0, "percent_statements_covered": 100.0, "percent_statements_covered_display": "100"}, "missing_lines": [], "excluded_lines": [], "start_line": 71}, "signal_persistence": {"executed_lines": [117, 119, 120, 121, 122, 123, 124, 125, 126, 127, 128, 129, 131, 132, 133, 134, 135], "summary": {"covered_lines": 17, "num_statements": 18, "percent_covered": 94.44444444444444, "percent_covered_display": "94", "missing_lines": 1, "excluded_lines": 0, "percent_statements_covered": 94.44444444444444, "percent_statements_covered_display": "94"}, "missing_lines": [130], "excluded_lines": [], "start_line": 110}, "BacktestResult.to_dict": {"executed_lines": [], "summary": {"covered_lines": 0, "num_statements": 2, "percent_covered": 0.0, "percent_covered_display": "0", "missing_lines": 2, "excluded_lines": 0, "percent_statements_covered": 0.0, "percent_statements_covered_display": "0"}, "missing_lines": [168, 169], "excluded_lines": [], "start_line": 167}, "backtest_next_open": {"executed_lines": [209, 210, 213, 214, 215, 217, 218, 221, 223, 224, 225, 226, 227, 228, 229, 231, 234, 235, 236, 237, 240, 241, 245, 246, 247, 248, 250, 262, 263, 265, 275, 276, 277, 278, 279, 280, 282, 283, 284, 285, 288, 289, 291, 292, 293, 294, 295, 306, 308, 309, 310, 312, 317], "summary": {"covered_lines": 53, "num_statements": 64, "percent_covered": 82.8125, "percent_covered_display": "83", "missing_lines": 11, "excluded_lines": 0, "percent_statements_covered": 82.8125, "percent_statements_covered_display": "83"}, "missing_lines": [238, 242, 243, 252, 253, 254, 255, 256, 257, 258, 259], "excluded_lines": [], "start_line": 172}, "backtest_next_open.leg_ret": {"executed_lines": [266, 268, 269, 270, 271, 272, 273], "summary": {"covered_lines": 7, "num_statements": 8, "percent_covered": 87.5, "percent_covered_display": "88", "missing_lines": 1, "excluded_lines": 0, "percent_statements_covered": 87.5, "percent_statements_covered_display": "88"}, "missing_lines": [267], "excluded_lines": [], "start_line": 265}, "backtest_next_open._sharpe": {"executed_lines": [313, 315], "summary": {"covered_lines": 2, "num_statements": 3, "percent_covered": 66.66666666666667, "percent_covered_display": "67", "missing_lines": 1, "excluded_lines": 0, "percent_statements_covered": 66.66666666666667, "percent_statements_covered_display": "67"}, "missing_lines": [314], "excluded_lines": [], "start_line": 312}, "_turnover": {"executed_lines": [341, 343, 344, 345], "summary": {"covered_lines": 4, "num_statements": 5, "percent_covered": 80.0, "percent_covered_display": "80", "missing_lines": 1, "excluded_lines": 0, "percent_statements_covered": 80.0, "percent_statements_covered_display": "80"}, "missing_lines": [342], "excluded_lines": [], "start_line": 340}, "_max_drawdown": {"executed_lines": [349, 351, 352, 353, 354], "summary": {"covered_lines": 5, "num_statements": 6, "percent_covered": 83.33333333333333, "percent_covered_display": "83", "missing_lines": 1, "excluded_lines": 0, "percent_statements_covered": 83.33333333333333, "percent_statements_covered_display": "83"}, "missing_lines": [350], "excluded_lines": [], "start_line": 348}, "": {"executed_lines": [23, 25, 26, 27, 29, 30, 31, 33, 41, 42, 47, 48, 49, 50, 51, 52, 53, 55, 61, 71, 110, 143, 144, 145, 146, 147, 148, 149, 150, 151, 152, 153, 154, 155, 156, 157, 158, 159, 160, 161, 162, 163, 164, 165, 167, 172, 340, 348], "summary": {"covered_lines": 48, "num_statements": 48, "percent_covered": 100.0, "percent_covered_display": "100", "missing_lines": 0, "excluded_lines": 0, "percent_statements_covered": 100.0, "percent_statements_covered_display": "100"}, "missing_lines": [], "excluded_lines": [], "start_line": 1}}, "classes": {"CostModel": {"executed_lines": [56, 63], "summary": {"covered_lines": 2, "num_statements": 2, "percent_covered": 100.0, "percent_covered_display": "100", "missing_lines": 0, "excluded_lines": 0, "percent_statements_covered": 100.0, "percent_statements_covered_display": "100"}, "missing_lines": [], "excluded_lines": [], "start_line": 42}, "BacktestResult": {"executed_lines": [], "summary": {"covered_lines": 0, "num_statements": 2, "percent_covered": 0.0, "percent_covered_display": "0", "missing_lines": 2, "excluded_lines": 0, "percent_statements_covered": 0.0, "percent_statements_covered_display": "0"}, "missing_lines": [168, 169], "excluded_lines": [], "start_line": 144}, "": {"executed_lines": [23, 25, 26, 27, 29, 30, 31, 33, 41, 42, 47, 48, 49, 50, 51, 52, 53, 55, 61, 71, 84, 85, 86, 87, 90, 91, 92, 93, 94, 95, 96, 97, 98, 102, 110, 117, 119, 120, 121, 122, 123, 124, 125, 126, 127, 128, 129, 131, 132, 133, 134, 135, 143, 144, 145, 146, 147, 148, 149, 150, 151, 152, 153, 154, 155, 156, 157, 158, 159, 160, 161, 162, 163, 164, 165, 167, 172, 209, 210, 213, 214, 215, 217, 218, 221, 223, 224, 225, 226, 227, 228, 229, 231, 234, 235, 236, 237, 240, 241, 245, 246, 247, 248, 250, 262, 263, 265, 266, 268, 269, 270, 271, 272, 273, 275, 276, 277, 278, 279, 280, 282, 283, 284, 285, 288, 289, 291, 292, 293, 294, 295, 306, 308, 309, 310, 312, 313, 315, 317, 340, 341, 343, 344, 345, 348, 349, 351, 352, 353, 354], "summary": {"covered_lines": 150, "num_statements": 166, "percent_covered": 90.36144578313252, "percent_covered_display": "90", "missing_lines": 16, "excluded_lines": 0, "percent_statements_covered": 90.36144578313252, "percent_statements_covered_display": "90"}, "missing_lines": [130, 238, 242, 243, 252, 253, 254, 255, 256, 257, 258, 259, 267, 314, 342, 350], "excluded_lines": [], "start_line": 1}}}, "src/analytics/forward_paper.py": {"executed_lines": [29, 31, 32, 33, 34, 35, 36, 37, 38, 40, 41, 44, 45, 46, 53, 54, 57, 58, 59, 60, 61, 62, 63, 64, 66, 67, 68, 69, 70, 71, 72, 73, 75, 76, 77, 78, 79, 80, 81, 84, 87, 88, 89, 91, 92, 93, 95, 96, 97, 98, 99, 100, 101, 103, 104, 107, 110, 111, 119, 120, 121, 123, 148, 149, 150, 151, 152, 176, 177, 179, 187, 188, 189, 190, 191, 192, 193, 195, 196, 197, 199, 201, 202, 203, 204, 205, 207, 208, 222, 223, 224, 225, 226, 227], "summary": {"covered_lines": 94, "num_statements": 100, "percent_covered": 94.0, "percent_covered_display": "94", "missing_lines": 6, "excluded_lines": 0, "percent_statements_covered": 94.0, "percent_statements_covered_display": "94"}, "missing_lines": [49, 50, 102, 105, 106, 194], "excluded_lines": [], "functions": {"_git_sha": {"executed_lines": [45, 46], "summary": {"covered_lines": 2, "num_statements": 4, "percent_covered": 50.0, "percent_covered_display": "50", "missing_lines": 2, "excluded_lines": 0, "percent_statements_covered": 50.0, "percent_statements_covered_display": "50"}, "missing_lines": [49, 50], "excluded_lines": [], "start_line": 44}, "ForwardPaperStore.__init__": {"executed_lines": [88, 89], "summary": {"covered_lines": 2, "num_statements": 2, "percent_covered": 100.0, "percent_covered_display": "100", "missing_lines": 0, "excluded_lines": 0, "percent_statements_covered": 100.0, "percent_statements_covered_display": "100"}, "missing_lines": [], "excluded_lines": [], "start_line": 87}, "ForwardPaperStore.append": {"executed_lines": [92, 93], "summary": {"covered_lines": 2, "num_statements": 2, "percent_covered": 100.0, "percent_covered_display": "100", "missing_lines": 0, "excluded_lines": 0, "percent_statements_covered": 100.0, "percent_statements_covered_display": "100"}, "missing_lines": [], "excluded_lines": [], "start_line": 91}, "ForwardPaperStore.all_signals": {"executed_lines": [96, 97, 98, 99, 100, 101, 103, 104, 107], "summary": {"covered_lines": 9, "num_statements": 12, "percent_covered": 75.0, "percent_covered_display": "75", "missing_lines": 3, "excluded_lines": 0, "percent_statements_covered": 75.0, "percent_statements_covered_display": "75"}, "missing_lines": [102, 105, 106], "excluded_lines": [], "start_line": 95}, "ForwardPaperRunner.record_signal": {"executed_lines": [148, 149, 150, 151, 152, 176, 177], "summary": {"covered_lines": 7, "num_statements": 7, "percent_covered": 100.0, "percent_covered_display": "100", "missing_lines": 0, "excluded_lines": 0, "percent_statements_covered": 100.0, "percent_statements_covered_display": "100"}, "missing_lines": [], "excluded_lines": [], "start_line": 123}, "ForwardPaperRunner.resolve_due": {"executed_lines": [187, 188, 189, 190, 191, 192, 193, 195, 196, 197], "summary": {"covered_lines": 10, "num_statements": 11, "percent_covered": 90.9090909090909, "percent_covered_display": "91", "missing_lines": 1, "excluded_lines": 0, "percent_statements_covered": 90.9090909090909, "percent_statements_covered_display": "91"}, "missing_lines": [194], "excluded_lines": [], "start_line": 179}, "ForwardPaperRunner.status": {"executed_lines": [201, 202, 203, 204, 205, 207, 208], "summary": {"covered_lines": 7, "num_statements": 7, "percent_covered": 100.0, "percent_covered_display": "100", "missing_lines": 0, "excluded_lines": 0, "percent_statements_covered": 100.0, "percent_statements_covered_display": "100"}, "missing_lines": [], "excluded_lines": [], "start_line": 199}, "_hash_features": {"executed_lines": [223, 224, 225, 226, 227], "summary": {"covered_lines": 5, "num_statements": 5, "percent_covered": 100.0, "percent_covered_display": "100", "missing_lines": 0, "excluded_lines": 0, "percent_statements_covered": 100.0, "percent_statements_covered_display": "100"}, "missing_lines": [], "excluded_lines": [], "start_line": 222}, "": {"executed_lines": [29, 31, 32, 33, 34, 35, 36, 37, 38, 40, 41, 44, 53, 54, 57, 58, 59, 60, 61, 62, 63, 64, 66, 67, 68, 69, 70, 71, 72, 73, 75, 76, 77, 78, 79, 80, 81, 84, 87, 91, 95, 110, 111, 119, 120, 121, 123, 179, 199, 222], "summary": {"covered_lines": 50, "num_statements": 50, "percent_covered": 100.0, "percent_covered_display": "100", "missing_lines": 0, "excluded_lines": 0, "percent_statements_covered": 100.0, "percent_statements_covered_display": "100"}, "missing_lines": [], "excluded_lines": [], "start_line": 1}}, "classes": {"ForwardSignal": {"executed_lines": [], "summary": {"covered_lines": 0, "num_statements": 0, "percent_covered": 100.0, "percent_covered_display": "100", "missing_lines": 0, "excluded_lines": 0, "percent_statements_covered": 100.0, "percent_statements_covered_display": "100"}, "missing_lines": [], "excluded_lines": [], "start_line": 54}, "ForwardPaperStore": {"executed_lines": [88, 89, 92, 93, 96, 97, 98, 99, 100, 101, 103, 104, 107], "summary": {"covered_lines": 13, "num_statements": 16, "percent_covered": 81.25, "percent_covered_display": "81", "missing_lines": 3, "excluded_lines": 0, "percent_statements_covered": 81.25, "percent_statements_covered_display": "81"}, "missing_lines": [102, 105, 106], "excluded_lines": [], "start_line": 84}, "ForwardPaperRunner": {"executed_lines": [148, 149, 150, 151, 152, 176, 177, 187, 188, 189, 190, 191, 192, 193, 195, 196, 197, 201, 202, 203, 204, 205, 207, 208], "summary": {"covered_lines": 24, "num_statements": 25, "percent_covered": 96.0, "percent_covered_display": "96", "missing_lines": 1, "excluded_lines": 0, "percent_statements_covered": 96.0, "percent_statements_covered_display": "96"}, "missing_lines": [194], "excluded_lines": [], "start_line": 111}, "": {"executed_lines": [29, 31, 32, 33, 34, 35, 36, 37, 38, 40, 41, 44, 45, 46, 53, 54, 57, 58, 59, 60, 61, 62, 63, 64, 66, 67, 68, 69, 70, 71, 72, 73, 75, 76, 77, 78, 79, 80, 81, 84, 87, 91, 95, 110, 111, 119, 120, 121, 123, 179, 199, 222, 223, 224, 225, 226, 227], "summary": {"covered_lines": 57, "num_statements": 59, "percent_covered": 96.61016949152543, "percent_covered_display": "97", "missing_lines": 2, "excluded_lines": 0, "percent_statements_covered": 96.61016949152543, "percent_statements_covered_display": "97"}, "missing_lines": [49, 50], "excluded_lines": [], "start_line": 1}}}, "src/analytics/gex.py": {"executed_lines": [23, 29, 41, 81, 82, 84, 85, 86, 87, 88, 90, 91, 92, 93, 94, 96, 101, 102, 103, 104, 105, 106, 107, 108, 113, 116, 117, 120, 122, 127, 130, 134, 139, 145], "summary": {"covered_lines": 34, "num_statements": 34, "percent_covered": 100.0, "percent_covered_display": "100", "missing_lines": 0, "excluded_lines": 0, "percent_statements_covered": 100.0, "percent_statements_covered_display": "100"}, "missing_lines": [], "excluded_lines": [], "functions": {"compute_gex": {"executed_lines": [81, 82, 84, 85, 86, 87, 88, 90, 91, 92, 93, 94, 96, 101, 102, 103, 104, 105, 106, 107, 108, 113, 116, 117, 120, 122, 127, 130, 134, 139, 145], "summary": {"covered_lines": 31, "num_statements": 31, "percent_covered": 100.0, "percent_covered_display": "100", "missing_lines": 0, "excluded_lines": 0, "percent_statements_covered": 100.0, "percent_statements_covered_display": "100"}, "missing_lines": [], "excluded_lines": [], "start_line": 41}, "": {"executed_lines": [23, 29, 41], "summary": {"covered_lines": 3, "num_statements": 3, "percent_covered": 100.0, "percent_covered_display": "100", "missing_lines": 0, "excluded_lines": 0, "percent_statements_covered": 100.0, "percent_statements_covered_display": "100"}, "missing_lines": [], "excluded_lines": [], "start_line": 1}}, "classes": {"": {"executed_lines": [23, 29, 41, 81, 82, 84, 85, 86, 87, 88, 90, 91, 92, 93, 94, 96, 101, 102, 103, 104, 105, 106, 107, 108, 113, 116, 117, 120, 122, 127, 130, 134, 139, 145], "summary": {"covered_lines": 34, "num_statements": 34, "percent_covered": 100.0, "percent_covered_display": "100", "missing_lines": 0, "excluded_lines": 0, "percent_statements_covered": 100.0, "percent_statements_covered_display": "100"}, "missing_lines": [], "excluded_lines": [], "start_line": 1}}}, "src/analytics/greeks.py": {"executed_lines": [33, 35, 36, 37, 38, 39, 41, 42, 43, 45, 48, 54, 55, 62, 66, 67, 68, 69, 72, 83, 84, 85, 86, 87, 88, 89, 90, 93, 100, 101, 102, 103, 104, 105, 108, 123, 128, 130, 131, 133, 136, 140, 142, 143, 151, 188, 190, 191, 192, 195, 203, 204, 205, 207, 208, 209, 210, 213, 214, 217, 218, 221, 222, 223, 224, 226, 227, 228, 230, 233, 234, 237, 238, 240, 241, 244, 245, 247, 248, 250, 259, 289, 291, 292, 294, 296, 297, 298, 300, 301, 303, 304, 305, 307, 308, 311, 312, 313, 315, 316, 317, 318, 326, 333, 334, 337, 338, 339, 340, 343, 370, 371, 372, 374, 376, 377, 379, 380, 381, 382, 388, 389, 392, 393, 394, 397, 398, 399, 401, 402, 407, 408, 409, 411, 413], "summary": {"covered_lines": 135, "num_statements": 146, "percent_covered": 92.46575342465754, "percent_covered_display": "92", "missing_lines": 11, "excluded_lines": 0, "percent_statements_covered": 92.46575342465754, "percent_statements_covered_display": "92"}, "missing_lines": [124, 125, 126, 141, 194, 320, 321, 322, 323, 335, 405], "excluded_lines": [], "functions": {"_d1_d2": {"executed_lines": [66, 67, 68, 69], "summary": {"covered_lines": 4, "num_statements": 4, "percent_covered": 100.0, "percent_covered_display": "100", "missing_lines": 0, "excluded_lines": 0, "percent_statements_covered": 100.0, "percent_statements_covered_display": "100"}, "missing_lines": [], "excluded_lines": [], "start_line": 62}, "_safe_cdf": {"executed_lines": [83, 84, 85, 86, 87, 88, 89, 90], "summary": {"covered_lines": 8, "num_statements": 8, "percent_covered": 100.0, "percent_covered_display": "100", "missing_lines": 0, "excluded_lines": 0, "percent_statements_covered": 100.0, "percent_statements_covered_display": "100"}, "missing_lines": [], "excluded_lines": [], "start_line": 72}, "_safe_pdf": {"executed_lines": [100, 101, 102, 103, 104, 105], "summary": {"covered_lines": 6, "num_statements": 6, "percent_covered": 100.0, "percent_covered_display": "100", "missing_lines": 0, "excluded_lines": 0, "percent_statements_covered": 100.0, "percent_statements_covered_display": "100"}, "missing_lines": [], "excluded_lines": [], "start_line": 93}, "_bs_price": {"executed_lines": [123, 128, 130, 131, 133], "summary": {"covered_lines": 5, "num_statements": 8, "percent_covered": 62.5, "percent_covered_display": "62", "missing_lines": 3, "excluded_lines": 0, "percent_statements_covered": 62.5, "percent_statements_covered_display": "62"}, "missing_lines": [124, 125, 126], "excluded_lines": [], "start_line": 108}, "_bs_vega": {"executed_lines": [140, 142, 143], "summary": {"covered_lines": 3, "num_statements": 4, "percent_covered": 75.0, "percent_covered_display": "75", "missing_lines": 1, "excluded_lines": 0, "percent_statements_covered": 75.0, "percent_statements_covered_display": "75"}, "missing_lines": [141], "excluded_lines": [], "start_line": 136}, "compute_greeks_bs": {"executed_lines": [188, 190, 191, 192, 195, 203, 204, 205, 207, 208, 209, 210, 213, 214, 217, 218, 221, 222, 223, 224, 226, 227, 228, 230, 233, 234, 237, 238, 240, 241, 244, 245, 247, 248, 250], "summary": {"covered_lines": 35, "num_statements": 36, "percent_covered": 97.22222222222223, "percent_covered_display": "97", "missing_lines": 1, "excluded_lines": 0, "percent_statements_covered": 97.22222222222223, "percent_statements_covered_display": "97"}, "missing_lines": [194], "excluded_lines": [], "start_line": 151}, "solve_iv": {"executed_lines": [289, 291, 292, 294, 296, 297, 298, 300, 301, 303, 304, 305, 307, 308, 311, 312, 315, 316, 317, 318], "summary": {"covered_lines": 20, "num_statements": 24, "percent_covered": 83.33333333333333, "percent_covered_display": "83", "missing_lines": 4, "excluded_lines": 0, "percent_statements_covered": 83.33333333333333, "percent_statements_covered_display": "83"}, "missing_lines": [320, 321, 322, 323], "excluded_lines": [], "start_line": 259}, "solve_iv.objective": {"executed_lines": [313], "summary": {"covered_lines": 1, "num_statements": 1, "percent_covered": 100.0, "percent_covered_display": "100", "missing_lines": 0, "excluded_lines": 0, "percent_statements_covered": 100.0, "percent_statements_covered_display": "100"}, "missing_lines": [], "excluded_lines": [], "start_line": 312}, "_trading_days_until": {"executed_lines": [333, 334, 337, 338, 339, 340], "summary": {"covered_lines": 6, "num_statements": 7, "percent_covered": 85.71428571428571, "percent_covered_display": "86", "missing_lines": 1, "excluded_lines": 0, "percent_statements_covered": 85.71428571428571, "percent_statements_covered_display": "86"}, "missing_lines": [335], "excluded_lines": [], "start_line": 326}, "compute_chain_greeks": {"executed_lines": [370, 371, 372, 374, 376, 377, 379, 380, 381, 382, 388, 389, 392, 393, 394, 397, 398, 399, 401, 402, 407, 408, 409, 411, 413], "summary": {"covered_lines": 25, "num_statements": 26, "percent_covered": 96.15384615384616, "percent_covered_display": "96", "missing_lines": 1, "excluded_lines": 0, "percent_statements_covered": 96.15384615384616, "percent_statements_covered_display": "96"}, "missing_lines": [405], "excluded_lines": [], "start_line": 343}, "": {"executed_lines": [33, 35, 36, 37, 38, 39, 41, 42, 43, 45, 48, 54, 55, 62, 72, 93, 108, 136, 151, 259, 326, 343], "summary": {"covered_lines": 22, "num_statements": 22, "percent_covered": 100.0, "percent_covered_display": "100", "missing_lines": 0, "excluded_lines": 0, "percent_statements_covered": 100.0, "percent_statements_covered_display": "100"}, "missing_lines": [], "excluded_lines": [], "start_line": 1}}, "classes": {"": {"executed_lines": [33, 35, 36, 37, 38, 39, 41, 42, 43, 45, 48, 54, 55, 62, 66, 67, 68, 69, 72, 83, 84, 85, 86, 87, 88, 89, 90, 93, 100, 101, 102, 103, 104, 105, 108, 123, 128, 130, 131, 133, 136, 140, 142, 143, 151, 188, 190, 191, 192, 195, 203, 204, 205, 207, 208, 209, 210, 213, 214, 217, 218, 221, 222, 223, 224, 226, 227, 228, 230, 233, 234, 237, 238, 240, 241, 244, 245, 247, 248, 250, 259, 289, 291, 292, 294, 296, 297, 298, 300, 301, 303, 304, 305, 307, 308, 311, 312, 313, 315, 316, 317, 318, 326, 333, 334, 337, 338, 339, 340, 343, 370, 371, 372, 374, 376, 377, 379, 380, 381, 382, 388, 389, 392, 393, 394, 397, 398, 399, 401, 402, 407, 408, 409, 411, 413], "summary": {"covered_lines": 135, "num_statements": 146, "percent_covered": 92.46575342465754, "percent_covered_display": "92", "missing_lines": 11, "excluded_lines": 0, "percent_statements_covered": 92.46575342465754, "percent_statements_covered_display": "92"}, "missing_lines": [124, 125, 126, 141, 194, 320, 321, 322, 323, 335, 405], "excluded_lines": [], "start_line": 1}}}, "src/analytics/independent_metrics.py": {"executed_lines": [24, 26, 27, 28, 31, 33, 34, 35, 36, 37, 38, 39, 40, 41, 42, 43, 44, 45, 48, 49, 50, 52, 53, 54, 55, 56, 57, 58, 59, 62, 64, 66, 69, 71, 73, 74, 75, 78, 80, 81, 83, 86, 87, 88, 89, 90, 91, 92, 93, 94, 95, 96, 97, 99, 111, 123, 124, 125, 131, 132, 133, 134, 135, 136, 137, 138, 139, 141, 142, 143, 144, 145, 146, 147, 148, 149, 150, 151, 152, 153, 154, 156, 157, 158, 159, 160, 161, 162, 165, 172, 173, 174, 175, 176, 177, 178, 179, 180, 182, 186, 193, 194, 195, 196, 197, 198, 199, 200, 201, 202, 203, 210, 212, 213, 215, 216, 217, 219, 222, 223, 225, 228, 231, 234, 235, 236, 237], "summary": {"covered_lines": 127, "num_statements": 139, "percent_covered": 91.36690647482014, "percent_covered_display": "91", "missing_lines": 12, "excluded_lines": 0, "percent_statements_covered": 91.36690647482014, "percent_statements_covered_display": "91"}, "missing_lines": [51, 65, 72, 82, 100, 126, 163, 183, 214, 218, 224, 232], "excluded_lines": [], "functions": {"_rankdata": {"executed_lines": [33, 34, 35, 36, 37, 38, 39, 40, 41, 42, 43, 44, 45], "summary": {"covered_lines": 13, "num_statements": 13, "percent_covered": 100.0, "percent_covered_display": "100", "missing_lines": 0, "excluded_lines": 0, "percent_statements_covered": 100.0, "percent_statements_covered_display": "100"}, "missing_lines": [], "excluded_lines": [], "start_line": 31}, "_pearson": {"executed_lines": [49, 50, 52, 53, 54, 55, 56, 57, 58, 59], "summary": {"covered_lines": 10, "num_statements": 11, "percent_covered": 90.9090909090909, "percent_covered_display": "91", "missing_lines": 1, "excluded_lines": 0, "percent_statements_covered": 90.9090909090909, "percent_statements_covered_display": "91"}, "missing_lines": [51], "excluded_lines": [], "start_line": 48}, "pearson_ic": {"executed_lines": [64, 66], "summary": {"covered_lines": 2, "num_statements": 3, "percent_covered": 66.66666666666667, "percent_covered_display": "67", "missing_lines": 1, "excluded_lines": 0, "percent_statements_covered": 66.66666666666667, "percent_statements_covered_display": "67"}, "missing_lines": [65], "excluded_lines": [], "start_line": 62}, "rank_ic": {"executed_lines": [71, 73, 74, 75], "summary": {"covered_lines": 4, "num_statements": 5, "percent_covered": 80.0, "percent_covered_display": "80", "missing_lines": 1, "excluded_lines": 0, "percent_statements_covered": 80.0, "percent_statements_covered_display": "80"}, "missing_lines": [72], "excluded_lines": [], "start_line": 69}, "brier_score": {"executed_lines": [80, 81, 83], "summary": {"covered_lines": 3, "num_statements": 4, "percent_covered": 75.0, "percent_covered_display": "75", "missing_lines": 1, "excluded_lines": 0, "percent_statements_covered": 75.0, "percent_statements_covered_display": "75"}, "missing_lines": [82], "excluded_lines": [], "start_line": 78}, "CalibrationResult.to_dict": {"executed_lines": [], "summary": {"covered_lines": 0, "num_statements": 1, "percent_covered": 0.0, "percent_covered_display": "0", "missing_lines": 1, "excluded_lines": 0, "percent_statements_covered": 0.0, "percent_statements_covered_display": "0"}, "missing_lines": [100], "excluded_lines": [], "start_line": 99}, "expected_calibration_error": {"executed_lines": [123, 124, 125, 131, 132, 133, 134, 135, 136, 137, 138, 139, 141, 142, 143, 144, 145, 146, 147, 148, 149, 150, 151, 152, 153, 154, 156, 157, 158, 159, 160, 161, 162, 165], "summary": {"covered_lines": 34, "num_statements": 36, "percent_covered": 94.44444444444444, "percent_covered_display": "94", "missing_lines": 2, "excluded_lines": 0, "percent_statements_covered": 94.44444444444444, "percent_statements_covered_display": "94"}, "missing_lines": [126, 163], "excluded_lines": [], "start_line": 111}, "NetConsistencyResult.to_dict": {"executed_lines": [], "summary": {"covered_lines": 0, "num_statements": 1, "percent_covered": 0.0, "percent_covered_display": "0", "missing_lines": 1, "excluded_lines": 0, "percent_statements_covered": 0.0, "percent_statements_covered_display": "0"}, "missing_lines": [183], "excluded_lines": [], "start_line": 182}, "net_consistency": {"executed_lines": [193, 194, 195, 196, 197, 198, 199, 200, 201, 202, 203], "summary": {"covered_lines": 11, "num_statements": 11, "percent_covered": 100.0, "percent_covered_display": "100", "missing_lines": 0, "excluded_lines": 0, "percent_statements_covered": 100.0, "percent_statements_covered_display": "100"}, "missing_lines": [], "excluded_lines": [], "start_line": 186}, "sharpe": {"executed_lines": [212, 213, 215, 216, 217, 219], "summary": {"covered_lines": 6, "num_statements": 8, "percent_covered": 75.0, "percent_covered_display": "75", "missing_lines": 2, "excluded_lines": 0, "percent_statements_covered": 75.0, "percent_statements_covered_display": "75"}, "missing_lines": [214, 218], "excluded_lines": [], "start_line": 210}, "win_rate": {"executed_lines": [223, 225], "summary": {"covered_lines": 2, "num_statements": 3, "percent_covered": 66.66666666666667, "percent_covered_display": "67", "missing_lines": 1, "excluded_lines": 0, "percent_statements_covered": 66.66666666666667, "percent_statements_covered_display": "67"}, "missing_lines": [224], "excluded_lines": [], "start_line": 222}, "compare": {"executed_lines": [231, 234, 235, 236, 237], "summary": {"covered_lines": 5, "num_statements": 6, "percent_covered": 83.33333333333333, "percent_covered_display": "83", "missing_lines": 1, "excluded_lines": 0, "percent_statements_covered": 83.33333333333333, "percent_statements_covered_display": "83"}, "missing_lines": [232], "excluded_lines": [], "start_line": 228}, "": {"executed_lines": [24, 26, 27, 28, 31, 48, 62, 69, 78, 86, 87, 88, 89, 90, 91, 92, 93, 94, 95, 96, 97, 99, 111, 172, 173, 174, 175, 176, 177, 178, 179, 180, 182, 186, 210, 222, 228], "summary": {"covered_lines": 37, "num_statements": 37, "percent_covered": 100.0, "percent_covered_display": "100", "missing_lines": 0, "excluded_lines": 0, "percent_statements_covered": 100.0, "percent_statements_covered_display": "100"}, "missing_lines": [], "excluded_lines": [], "start_line": 1}}, "classes": {"CalibrationResult": {"executed_lines": [], "summary": {"covered_lines": 0, "num_statements": 1, "percent_covered": 0.0, "percent_covered_display": "0", "missing_lines": 1, "excluded_lines": 0, "percent_statements_covered": 0.0, "percent_statements_covered_display": "0"}, "missing_lines": [100], "excluded_lines": [], "start_line": 87}, "NetConsistencyResult": {"executed_lines": [], "summary": {"covered_lines": 0, "num_statements": 1, "percent_covered": 0.0, "percent_covered_display": "0", "missing_lines": 1, "excluded_lines": 0, "percent_statements_covered": 0.0, "percent_statements_covered_display": "0"}, "missing_lines": [183], "excluded_lines": [], "start_line": 173}, "": {"executed_lines": [24, 26, 27, 28, 31, 33, 34, 35, 36, 37, 38, 39, 40, 41, 42, 43, 44, 45, 48, 49, 50, 52, 53, 54, 55, 56, 57, 58, 59, 62, 64, 66, 69, 71, 73, 74, 75, 78, 80, 81, 83, 86, 87, 88, 89, 90, 91, 92, 93, 94, 95, 96, 97, 99, 111, 123, 124, 125, 131, 132, 133, 134, 135, 136, 137, 138, 139, 141, 142, 143, 144, 145, 146, 147, 148, 149, 150, 151, 152, 153, 154, 156, 157, 158, 159, 160, 161, 162, 165, 172, 173, 174, 175, 176, 177, 178, 179, 180, 182, 186, 193, 194, 195, 196, 197, 198, 199, 200, 201, 202, 203, 210, 212, 213, 215, 216, 217, 219, 222, 223, 225, 228, 231, 234, 235, 236, 237], "summary": {"covered_lines": 127, "num_statements": 137, "percent_covered": 92.7007299270073, "percent_covered_display": "93", "missing_lines": 10, "excluded_lines": 0, "percent_statements_covered": 92.7007299270073, "percent_statements_covered_display": "93"}, "missing_lines": [51, 65, 72, 82, 126, 163, 214, 218, 224, 232], "excluded_lines": [], "start_line": 1}}}, "src/analytics/vol_surface.py": {"executed_lines": [32, 34, 35, 43, 67, 68, 71, 76, 84, 85, 87, 88, 89, 90, 93, 94, 102, 110, 112, 126, 146, 147, 148, 149, 150, 154, 162, 180, 181, 182, 189], "summary": {"covered_lines": 31, "num_statements": 31, "percent_covered": 100.0, "percent_covered_display": "100", "missing_lines": 0, "excluded_lines": 0, "percent_statements_covered": 100.0, "percent_statements_covered_display": "100"}, "missing_lines": [], "excluded_lines": [], "functions": {"fit_svi": {"executed_lines": [67, 68, 71, 76, 87, 93, 94, 102, 110, 112], "summary": {"covered_lines": 10, "num_statements": 10, "percent_covered": 100.0, "percent_covered_display": "100", "missing_lines": 0, "excluded_lines": 0, "percent_statements_covered": 100.0, "percent_statements_covered_display": "100"}, "missing_lines": [], "excluded_lines": [], "start_line": 43}, "fit_svi._svi_iv": {"executed_lines": [84, 85], "summary": {"covered_lines": 2, "num_statements": 2, "percent_covered": 100.0, "percent_covered_display": "100", "missing_lines": 0, "excluded_lines": 0, "percent_statements_covered": 100.0, "percent_statements_covered_display": "100"}, "missing_lines": [], "excluded_lines": [], "start_line": 76}, "fit_svi._objective": {"executed_lines": [88, 89, 90], "summary": {"covered_lines": 3, "num_statements": 3, "percent_covered": 100.0, "percent_covered_display": "100", "missing_lines": 0, "excluded_lines": 0, "percent_statements_covered": 100.0, "percent_statements_covered_display": "100"}, "missing_lines": [], "excluded_lines": [], "start_line": 87}, "build_iv_surface": {"executed_lines": [146, 147, 148, 149, 150, 154], "summary": {"covered_lines": 6, "num_statements": 6, "percent_covered": 100.0, "percent_covered_display": "100", "missing_lines": 0, "excluded_lines": 0, "percent_statements_covered": 100.0, "percent_statements_covered_display": "100"}, "missing_lines": [], "excluded_lines": [], "start_line": 126}, "compute_term_structure": {"executed_lines": [180, 181, 182, 189], "summary": {"covered_lines": 4, "num_statements": 4, "percent_covered": 100.0, "percent_covered_display": "100", "missing_lines": 0, "excluded_lines": 0, "percent_statements_covered": 100.0, "percent_statements_covered_display": "100"}, "missing_lines": [], "excluded_lines": [], "start_line": 162}, "": {"executed_lines": [32, 34, 35, 43, 126, 162], "summary": {"covered_lines": 6, "num_statements": 6, "percent_covered": 100.0, "percent_covered_display": "100", "missing_lines": 0, "excluded_lines": 0, "percent_statements_covered": 100.0, "percent_statements_covered_display": "100"}, "missing_lines": [], "excluded_lines": [], "start_line": 1}}, "classes": {"": {"executed_lines": [32, 34, 35, 43, 67, 68, 71, 76, 84, 85, 87, 88, 89, 90, 93, 94, 102, 110, 112, 126, 146, 147, 148, 149, 150, 154, 162, 180, 181, 182, 189], "summary": {"covered_lines": 31, "num_statements": 31, "percent_covered": 100.0, "percent_covered_display": "100", "missing_lines": 0, "excluded_lines": 0, "percent_statements_covered": 100.0, "percent_statements_covered_display": "100"}, "missing_lines": [], "excluded_lines": [], "start_line": 1}}}, "src/analytics/vpin.py": {"executed_lines": [30, 32, 34, 38, 41, 66, 67, 70, 71, 72, 73, 75, 76, 77, 78, 81, 82, 83, 84, 86, 87, 90, 91, 94, 96, 97, 100, 101, 104, 105, 109, 110, 115, 116, 118, 119, 121, 122, 123, 125, 128, 130, 131, 134, 135, 136, 137, 138, 140, 141, 142, 143, 144, 145, 146, 147, 150, 151, 152, 153, 156, 157, 158, 161, 162, 173], "summary": {"covered_lines": 66, "num_statements": 67, "percent_covered": 98.50746268656717, "percent_covered_display": "99", "missing_lines": 1, "excluded_lines": 0, "percent_statements_covered": 98.50746268656717, "percent_statements_covered_display": "99"}, "missing_lines": [126], "excluded_lines": [], "functions": {"compute_vpin": {"executed_lines": [66, 67, 70, 71, 72, 73, 75, 76, 77, 78, 81, 82, 83, 84, 86, 87, 90, 91, 94, 96, 97, 100, 101, 104, 105, 109, 110, 115, 116, 118, 119, 121, 122, 123, 125, 128, 130, 131, 134, 135, 136, 137, 138, 140, 141, 142, 143, 144, 145, 146, 147, 150, 151, 152, 153, 156, 157, 158, 161, 162, 173], "summary": {"covered_lines": 61, "num_statements": 62, "percent_covered": 98.38709677419355, "percent_covered_display": "98", "missing_lines": 1, "excluded_lines": 0, "percent_statements_covered": 98.38709677419355, "percent_statements_covered_display": "98"}, "missing_lines": [126], "excluded_lines": [], "start_line": 41}, "": {"executed_lines": [30, 32, 34, 38, 41], "summary": {"covered_lines": 5, "num_statements": 5, "percent_covered": 100.0, "percent_covered_display": "100", "missing_lines": 0, "excluded_lines": 0, "percent_statements_covered": 100.0, "percent_statements_covered_display": "100"}, "missing_lines": [], "excluded_lines": [], "start_line": 1}}, "classes": {"": {"executed_lines": [30, 32, 34, 38, 41, 66, 67, 70, 71, 72, 73, 75, 76, 77, 78, 81, 82, 83, 84, 86, 87, 90, 91, 94, 96, 97, 100, 101, 104, 105, 109, 110, 115, 116, 118, 119, 121, 122, 123, 125, 128, 130, 131, 134, 135, 136, 137, 138, 140, 141, 142, 143, 144, 145, 146, 147, 150, 151, 152, 153, 156, 157, 158, 161, 162, 173], "summary": {"covered_lines": 66, "num_statements": 67, "percent_covered": 98.50746268656717, "percent_covered_display": "99", "missing_lines": 1, "excluded_lines": 0, "percent_statements_covered": 98.50746268656717, "percent_statements_covered_display": "99"}, "missing_lines": [126], "excluded_lines": [], "start_line": 1}}}, "src/api/analytics.py": {"executed_lines": [16, 18, 19, 20, 22, 23, 24, 26, 27, 29, 31, 39, 45, 46, 48, 54, 55, 56, 58, 67, 70, 72, 73, 74, 75, 78, 79, 87, 96, 97, 99, 100, 106, 116, 117, 125, 128, 129, 130, 131, 132, 135, 138, 139, 142, 143, 151, 153, 155, 156, 157, 158, 166, 168, 182, 183, 191, 192, 201, 203], "summary": {"covered_lines": 60, "num_statements": 69, "percent_covered": 86.95652173913044, "percent_covered_display": "87", "missing_lines": 9, "excluded_lines": 0, "percent_statements_covered": 86.95652173913044, "percent_statements_covered_display": "87"}, "missing_lines": [88, 101, 102, 104, 119, 163, 164, 185, 202], "excluded_lines": [], "functions": {"analytics_greeks": {"executed_lines": [48], "summary": {"covered_lines": 1, "num_statements": 1, "percent_covered": 100.0, "percent_covered_display": "100", "missing_lines": 0, "excluded_lines": 0, "percent_statements_covered": 100.0, "percent_statements_covered_display": "100"}, "missing_lines": [], "excluded_lines": [], "start_line": 46}, "analytics_gex": {"executed_lines": [58], "summary": {"covered_lines": 1, "num_statements": 1, "percent_covered": 100.0, "percent_covered_display": "100", "missing_lines": 0, "excluded_lines": 0, "percent_statements_covered": 100.0, "percent_statements_covered_display": "100"}, "missing_lines": [], "excluded_lines": [], "start_line": 56}, "analytics_vpin_post": {"executed_lines": [87, 96, 97, 99, 100, 106], "summary": {"covered_lines": 6, "num_statements": 10, "percent_covered": 60.0, "percent_covered_display": "60", "missing_lines": 4, "excluded_lines": 0, "percent_statements_covered": 60.0, "percent_statements_covered_display": "60"}, "missing_lines": [88, 101, 102, 104], "excluded_lines": [], "start_line": 79}, "analytics_vpin_get": {"executed_lines": [], "summary": {"covered_lines": 0, "num_statements": 1, "percent_covered": 0.0, "percent_covered_display": "0", "missing_lines": 1, "excluded_lines": 0, "percent_statements_covered": 0.0, "percent_statements_covered_display": "0"}, "missing_lines": [119], "excluded_lines": [], "start_line": 117}, "analytics_vol_surface_post": {"executed_lines": [151, 153, 155, 156, 157, 158, 166, 168], "summary": {"covered_lines": 8, "num_statements": 10, "percent_covered": 80.0, "percent_covered_display": "80", "missing_lines": 2, "excluded_lines": 0, "percent_statements_covered": 80.0, "percent_statements_covered_display": "80"}, "missing_lines": [163, 164], "excluded_lines": [], "start_line": 143}, "analytics_vol_surface_get": {"executed_lines": [], "summary": {"covered_lines": 0, "num_statements": 1, "percent_covered": 0.0, "percent_covered_display": "0", "missing_lines": 1, "excluded_lines": 0, "percent_statements_covered": 0.0, "percent_statements_covered_display": "0"}, "missing_lines": [185], "excluded_lines": [], "start_line": 183}, "features_quality": {"executed_lines": [201, 203], "summary": {"covered_lines": 2, "num_statements": 3, "percent_covered": 66.66666666666667, "percent_covered_display": "67", "missing_lines": 1, "excluded_lines": 0, "percent_statements_covered": 66.66666666666667, "percent_statements_covered_display": "67"}, "missing_lines": [202], "excluded_lines": [], "start_line": 192}, "": {"executed_lines": [16, 18, 19, 20, 22, 23, 24, 26, 27, 29, 31, 39, 45, 46, 54, 55, 56, 67, 70, 72, 73, 74, 75, 78, 79, 116, 117, 125, 128, 129, 130, 131, 132, 135, 138, 139, 142, 143, 182, 183, 191, 192], "summary": {"covered_lines": 42, "num_statements": 42, "percent_covered": 100.0, "percent_covered_display": "100", "missing_lines": 0, "excluded_lines": 0, "percent_statements_covered": 100.0, "percent_statements_covered_display": "100"}, "missing_lines": [], "excluded_lines": [], "start_line": 1}}, "classes": {"VpinRequest": {"executed_lines": [], "summary": {"covered_lines": 0, "num_statements": 0, "percent_covered": 100.0, "percent_covered_display": "100", "missing_lines": 0, "excluded_lines": 0, "percent_statements_covered": 100.0, "percent_statements_covered_display": "100"}, "missing_lines": [], "excluded_lines": [], "start_line": 67}, "VolSurfaceSnapshotItem": {"executed_lines": [], "summary": {"covered_lines": 0, "num_statements": 0, "percent_covered": 100.0, "percent_covered_display": "100", "missing_lines": 0, "excluded_lines": 0, "percent_statements_covered": 100.0, "percent_statements_covered_display": "100"}, "missing_lines": [], "excluded_lines": [], "start_line": 125}, "VolSurfaceRequest": {"executed_lines": [], "summary": {"covered_lines": 0, "num_statements": 0, "percent_covered": 100.0, "percent_covered_display": "100", "missing_lines": 0, "excluded_lines": 0, "percent_statements_covered": 100.0, "percent_statements_covered_display": "100"}, "missing_lines": [], "excluded_lines": [], "start_line": 135}, "": {"executed_lines": [16, 18, 19, 20, 22, 23, 24, 26, 27, 29, 31, 39, 45, 46, 48, 54, 55, 56, 58, 67, 70, 72, 73, 74, 75, 78, 79, 87, 96, 97, 99, 100, 106, 116, 117, 125, 128, 129, 130, 131, 132, 135, 138, 139, 142, 143, 151, 153, 155, 156, 157, 158, 166, 168, 182, 183, 191, 192, 201, 203], "summary": {"covered_lines": 60, "num_statements": 69, "percent_covered": 86.95652173913044, "percent_covered_display": "87", "missing_lines": 9, "excluded_lines": 0, "percent_statements_covered": 86.95652173913044, "percent_statements_covered_display": "87"}, "missing_lines": [88, 101, 102, 104, 119, 163, 164, 185, 202], "excluded_lines": [], "start_line": 1}}}, "src/api/explain.py": {"executed_lines": [16, 18, 19, 21, 22, 23, 24, 26, 28, 33, 36, 47, 95, 104], "summary": {"covered_lines": 14, "num_statements": 21, "percent_covered": 66.66666666666667, "percent_covered_display": "67", "missing_lines": 7, "excluded_lines": 0, "percent_statements_covered": 66.66666666666667, "percent_statements_covered_display": "67"}, "missing_lines": [71, 78, 86, 92, 114, 121, 128], "excluded_lines": [], "functions": {"explain_prediction": {"executed_lines": [], "summary": {"covered_lines": 0, "num_statements": 4, "percent_covered": 0.0, "percent_covered_display": "0", "missing_lines": 4, "excluded_lines": 0, "percent_statements_covered": 0.0, "percent_statements_covered_display": "0"}, "missing_lines": [71, 78, 86, 92], "excluded_lines": [], "start_line": 47}, "explain_heuristic_prediction": {"executed_lines": [], "summary": {"covered_lines": 0, "num_statements": 3, "percent_covered": 0.0, "percent_covered_display": "0", "missing_lines": 3, "excluded_lines": 0, "percent_statements_covered": 0.0, "percent_statements_covered_display": "0"}, "missing_lines": [114, 121, 128], "excluded_lines": [], "start_line": 104}, "": {"executed_lines": [16, 18, 19, 21, 22, 23, 24, 26, 28, 33, 36, 47, 95, 104], "summary": {"covered_lines": 14, "num_statements": 14, "percent_covered": 100.0, "percent_covered_display": "100", "missing_lines": 0, "excluded_lines": 0, "percent_statements_covered": 100.0, "percent_statements_covered_display": "100"}, "missing_lines": [], "excluded_lines": [], "start_line": 1}}, "classes": {"": {"executed_lines": [16, 18, 19, 21, 22, 23, 24, 26, 28, 33, 36, 47, 95, 104], "summary": {"covered_lines": 14, "num_statements": 21, "percent_covered": 66.66666666666667, "percent_covered_display": "67", "missing_lines": 7, "excluded_lines": 0, "percent_statements_covered": 66.66666666666667, "percent_statements_covered_display": "67"}, "missing_lines": [71, 78, 86, 92, 114, 121, 128], "excluded_lines": [], "start_line": 1}}}, "src/api/meta.py": {"executed_lines": [17, 19, 20, 22, 23, 25, 35, 36, 37, 44, 46, 47, 49, 64, 65, 67, 70, 71, 72, 73, 94, 102, 110, 117, 118, 153, 154, 156, 157, 158, 159, 165, 168, 169, 171, 172], "summary": {"covered_lines": 36, "num_statements": 50, "percent_covered": 72.0, "percent_covered_display": "72", "missing_lines": 14, "excluded_lines": 0, "percent_statements_covered": 72.0, "percent_statements_covered_display": "72"}, "missing_lines": [80, 81, 120, 121, 131, 132, 133, 135, 136, 137, 138, 139, 140, 142], "excluded_lines": [], "functions": {"meta_decide": {"executed_lines": [67, 70, 71, 72, 73, 94, 102, 110], "summary": {"covered_lines": 8, "num_statements": 10, "percent_covered": 80.0, "percent_covered_display": "80", "missing_lines": 2, "excluded_lines": 0, "percent_statements_covered": 80.0, "percent_statements_covered_display": "80"}, "missing_lines": [80, 81], "excluded_lines": [], "start_line": 65}, "meta_fit": {"executed_lines": [], "summary": {"covered_lines": 0, "num_statements": 12, "percent_covered": 0.0, "percent_covered_display": "0", "missing_lines": 12, "excluded_lines": 0, "percent_statements_covered": 0.0, "percent_statements_covered_display": "0"}, "missing_lines": [120, 121, 131, 132, 133, 135, 136, 137, 138, 139, 140, 142], "excluded_lines": [], "start_line": 118}, "models_status": {"executed_lines": [156, 157, 158, 159, 165], "summary": {"covered_lines": 5, "num_statements": 5, "percent_covered": 100.0, "percent_covered_display": "100", "missing_lines": 0, "excluded_lines": 0, "percent_statements_covered": 100.0, "percent_statements_covered_display": "100"}, "missing_lines": [], "excluded_lines": [], "start_line": 154}, "models_registry": {"executed_lines": [171, 172], "summary": {"covered_lines": 2, "num_statements": 2, "percent_covered": 100.0, "percent_covered_display": "100", "missing_lines": 0, "excluded_lines": 0, "percent_statements_covered": 100.0, "percent_statements_covered_display": "100"}, "missing_lines": [], "excluded_lines": [], "start_line": 169}, "": {"executed_lines": [17, 19, 20, 22, 23, 25, 35, 36, 37, 44, 46, 47, 49, 64, 65, 117, 118, 153, 154, 168, 169], "summary": {"covered_lines": 21, "num_statements": 21, "percent_covered": 100.0, "percent_covered_display": "100", "missing_lines": 0, "excluded_lines": 0, "percent_statements_covered": 100.0, "percent_statements_covered_display": "100"}, "missing_lines": [], "excluded_lines": [], "start_line": 1}}, "classes": {"": {"executed_lines": [17, 19, 20, 22, 23, 25, 35, 36, 37, 44, 46, 47, 49, 64, 65, 67, 70, 71, 72, 73, 94, 102, 110, 117, 118, 153, 154, 156, 157, 158, 159, 165, 168, 169, 171, 172], "summary": {"covered_lines": 36, "num_statements": 50, "percent_covered": 72.0, "percent_covered_display": "72", "missing_lines": 14, "excluded_lines": 0, "percent_statements_covered": 72.0, "percent_statements_covered_display": "72"}, "missing_lines": [80, 81, 120, 121, 131, 132, 133, 135, 136, 137, 138, 139, 140, 142], "excluded_lines": [], "start_line": 1}}}, "src/api/monitoring.py": {"executed_lines": [17, 19, 21, 23, 24, 26, 30, 31, 32, 38, 46, 47, 53, 63, 64, 70, 78, 79, 81, 84, 85], "summary": {"covered_lines": 21, "num_statements": 25, "percent_covered": 84.0, "percent_covered_display": "84", "missing_lines": 4, "excluded_lines": 0, "percent_statements_covered": 84.0, "percent_statements_covered_display": "84"}, "missing_lines": [40, 90, 91, 92], "excluded_lines": [], "functions": {"emit_drift_alert": {"executed_lines": [], "summary": {"covered_lines": 0, "num_statements": 1, "percent_covered": 0.0, "percent_covered_display": "0", "missing_lines": 1, "excluded_lines": 0, "percent_statements_covered": 0.0, "percent_statements_covered_display": "0"}, "missing_lines": [40], "excluded_lines": [], "start_line": 38}, "monitoring_drift": {"executed_lines": [53], "summary": {"covered_lines": 1, "num_statements": 1, "percent_covered": 100.0, "percent_covered_display": "100", "missing_lines": 0, "excluded_lines": 0, "percent_statements_covered": 100.0, "percent_statements_covered_display": "100"}, "missing_lines": [], "excluded_lines": [], "start_line": 47}, "monitoring_performance": {"executed_lines": [70], "summary": {"covered_lines": 1, "num_statements": 1, "percent_covered": 100.0, "percent_covered_display": "100", "missing_lines": 0, "excluded_lines": 0, "percent_statements_covered": 100.0, "percent_statements_covered_display": "100"}, "missing_lines": [], "excluded_lines": [], "start_line": 64}, "monitoring_alerts": {"executed_lines": [81], "summary": {"covered_lines": 1, "num_statements": 1, "percent_covered": 100.0, "percent_covered_display": "100", "missing_lines": 0, "excluded_lines": 0, "percent_statements_covered": 100.0, "percent_statements_covered_display": "100"}, "missing_lines": [], "excluded_lines": [], "start_line": 79}, "monitoring_performance_clear": {"executed_lines": [], "summary": {"covered_lines": 0, "num_statements": 3, "percent_covered": 0.0, "percent_covered_display": "0", "missing_lines": 3, "excluded_lines": 0, "percent_statements_covered": 0.0, "percent_statements_covered_display": "0"}, "missing_lines": [90, 91, 92], "excluded_lines": [], "start_line": 85}, "": {"executed_lines": [17, 19, 21, 23, 24, 26, 30, 31, 32, 38, 46, 47, 63, 64, 78, 79, 84, 85], "summary": {"covered_lines": 18, "num_statements": 18, "percent_covered": 100.0, "percent_covered_display": "100", "missing_lines": 0, "excluded_lines": 0, "percent_statements_covered": 100.0, "percent_statements_covered_display": "100"}, "missing_lines": [], "excluded_lines": [], "start_line": 1}}, "classes": {"": {"executed_lines": [17, 19, 21, 23, 24, 26, 30, 31, 32, 38, 46, 47, 53, 63, 64, 70, 78, 79, 81, 84, 85], "summary": {"covered_lines": 21, "num_statements": 25, "percent_covered": 84.0, "percent_covered_display": "84", "missing_lines": 4, "excluded_lines": 0, "percent_statements_covered": 84.0, "percent_statements_covered_display": "84"}, "missing_lines": [40, 90, 91, 92], "excluded_lines": [], "start_line": 1}}}, "src/api/predict.py": {"executed_lines": [19, 21, 22, 23, 24, 26, 27, 28, 29, 30, 31, 32, 33, 34, 35, 56, 57, 58, 59, 60, 61, 62, 63, 65, 67, 73, 74, 76, 77, 80, 81, 83, 84, 85, 93, 94, 96, 97, 100, 101, 103, 104, 107, 108, 113, 114, 116, 122, 123, 126, 127, 128, 129, 131, 132, 133, 144, 152, 153, 173, 174, 176, 177, 191, 192, 194, 195, 207, 208, 210, 211], "summary": {"covered_lines": 71, "num_statements": 85, "percent_covered": 83.52941176470588, "percent_covered_display": "84", "missing_lines": 14, "excluded_lines": 0, "percent_statements_covered": 83.52941176470588, "percent_statements_covered_display": "84"}, "missing_lines": [110, 117, 124, 134, 135, 136, 137, 138, 139, 141, 142, 145, 166, 167], "excluded_lines": [], "functions": {"predict_regime": {"executed_lines": [76, 77], "summary": {"covered_lines": 2, "num_statements": 2, "percent_covered": 100.0, "percent_covered_display": "100", "missing_lines": 0, "excluded_lines": 0, "percent_statements_covered": 100.0, "percent_statements_covered_display": "100"}, "missing_lines": [], "excluded_lines": [], "start_line": 74}, "predict_rankings": {"executed_lines": [83, 84, 85], "summary": {"covered_lines": 3, "num_statements": 3, "percent_covered": 100.0, "percent_covered_display": "100", "missing_lines": 0, "excluded_lines": 0, "percent_statements_covered": 100.0, "percent_statements_covered_display": "100"}, "missing_lines": [], "excluded_lines": [], "start_line": 81}, "predict_strategy": {"executed_lines": [96, 97], "summary": {"covered_lines": 2, "num_statements": 2, "percent_covered": 100.0, "percent_covered_display": "100", "missing_lines": 0, "excluded_lines": 0, "percent_statements_covered": 100.0, "percent_statements_covered_display": "100"}, "missing_lines": [], "excluded_lines": [], "start_line": 94}, "predict_risk": {"executed_lines": [103, 104], "summary": {"covered_lines": 2, "num_statements": 2, "percent_covered": 100.0, "percent_covered_display": "100", "missing_lines": 0, "excluded_lines": 0, "percent_statements_covered": 100.0, "percent_statements_covered_display": "100"}, "missing_lines": [], "excluded_lines": [], "start_line": 101}, "predict_portfolio": {"executed_lines": [], "summary": {"covered_lines": 0, "num_statements": 1, "percent_covered": 0.0, "percent_covered_display": "0", "missing_lines": 1, "excluded_lines": 0, "percent_statements_covered": 0.0, "percent_statements_covered_display": "0"}, "missing_lines": [110], "excluded_lines": [], "start_line": 108}, "predict_portfolio_v2": {"executed_lines": [116, 122, 123, 126, 127, 128, 129, 131, 132, 133, 144, 152, 153], "summary": {"covered_lines": 13, "num_statements": 26, "percent_covered": 50.0, "percent_covered_display": "50", "missing_lines": 13, "excluded_lines": 0, "percent_statements_covered": 50.0, "percent_statements_covered_display": "50"}, "missing_lines": [117, 124, 134, 135, 136, 137, 138, 139, 141, 142, 145, 166, 167], "excluded_lines": [], "start_line": 114}, "predict_price_regime": {"executed_lines": [176, 177], "summary": {"covered_lines": 2, "num_statements": 2, "percent_covered": 100.0, "percent_covered_display": "100", "missing_lines": 0, "excluded_lines": 0, "percent_statements_covered": 100.0, "percent_statements_covered_display": "100"}, "missing_lines": [], "excluded_lines": [], "start_line": 174}, "predict_iv_regime": {"executed_lines": [194, 195], "summary": {"covered_lines": 2, "num_statements": 2, "percent_covered": 100.0, "percent_covered_display": "100", "missing_lines": 0, "excluded_lines": 0, "percent_statements_covered": 100.0, "percent_statements_covered_display": "100"}, "missing_lines": [], "excluded_lines": [], "start_line": 192}, "predict_execution": {"executed_lines": [210, 211], "summary": {"covered_lines": 2, "num_statements": 2, "percent_covered": 100.0, "percent_covered_display": "100", "missing_lines": 0, "excluded_lines": 0, "percent_statements_covered": 100.0, "percent_statements_covered_display": "100"}, "missing_lines": [], "excluded_lines": [], "start_line": 208}, "": {"executed_lines": [19, 21, 22, 23, 24, 26, 27, 28, 29, 30, 31, 32, 33, 34, 35, 56, 57, 58, 59, 60, 61, 62, 63, 65, 67, 73, 74, 80, 81, 93, 94, 100, 101, 107, 108, 113, 114, 173, 174, 191, 192, 207, 208], "summary": {"covered_lines": 43, "num_statements": 43, "percent_covered": 100.0, "percent_covered_display": "100", "missing_lines": 0, "excluded_lines": 0, "percent_statements_covered": 100.0, "percent_statements_covered_display": "100"}, "missing_lines": [], "excluded_lines": [], "start_line": 1}}, "classes": {"": {"executed_lines": [19, 21, 22, 23, 24, 26, 27, 28, 29, 30, 31, 32, 33, 34, 35, 56, 57, 58, 59, 60, 61, 62, 63, 65, 67, 73, 74, 76, 77, 80, 81, 83, 84, 85, 93, 94, 96, 97, 100, 101, 103, 104, 107, 108, 113, 114, 116, 122, 123, 126, 127, 128, 129, 131, 132, 133, 144, 152, 153, 173, 174, 176, 177, 191, 192, 194, 195, 207, 208, 210, 211], "summary": {"covered_lines": 71, "num_statements": 85, "percent_covered": 83.52941176470588, "percent_covered_display": "84", "missing_lines": 14, "excluded_lines": 0, "percent_statements_covered": 83.52941176470588, "percent_statements_covered_display": "84"}, "missing_lines": [110, 117, 124, 134, 135, 136, 137, 138, 139, 141, 142, 145, 166, 167], "excluded_lines": [], "start_line": 1}}}, "src/api/training.py": {"executed_lines": [15, 17, 18, 19, 21, 23, 24, 25, 26, 28, 32, 36, 39, 42, 43, 52, 53, 60, 61, 64, 65, 73, 74, 75, 79, 82, 83, 99, 100, 113, 114], "summary": {"covered_lines": 31, "num_statements": 58, "percent_covered": 53.44827586206897, "percent_covered_display": "53", "missing_lines": 27, "excluded_lines": 0, "percent_statements_covered": 53.44827586206897, "percent_statements_covered_display": "53"}, "missing_lines": [91, 92, 105, 150, 151, 152, 153, 155, 156, 158, 159, 161, 166, 167, 168, 173, 174, 175, 176, 177, 178, 179, 181, 182, 192, 193, 195], "excluded_lines": [], "functions": {"training_run": {"executed_lines": [52, 53, 60, 61], "summary": {"covered_lines": 4, "num_statements": 4, "percent_covered": 100.0, "percent_covered_display": "100", "missing_lines": 0, "excluded_lines": 0, "percent_statements_covered": 100.0, "percent_statements_covered_display": "100"}, "missing_lines": [], "excluded_lines": [], "start_line": 43}, "training_status": {"executed_lines": [73, 74, 75, 79], "summary": {"covered_lines": 4, "num_statements": 4, "percent_covered": 100.0, "percent_covered_display": "100", "missing_lines": 0, "excluded_lines": 0, "percent_statements_covered": 100.0, "percent_statements_covered_display": "100"}, "missing_lines": [], "excluded_lines": [], "start_line": 65}, "train_feedback": {"executed_lines": [], "summary": {"covered_lines": 0, "num_statements": 2, "percent_covered": 0.0, "percent_covered_display": "0", "missing_lines": 2, "excluded_lines": 0, "percent_statements_covered": 0.0, "percent_statements_covered_display": "0"}, "missing_lines": [91, 92], "excluded_lines": [], "start_line": 83}, "train_feedback_summary": {"executed_lines": [], "summary": {"covered_lines": 0, "num_statements": 1, "percent_covered": 0.0, "percent_covered_display": "0", "missing_lines": 1, "excluded_lines": 0, "percent_statements_covered": 0.0, "percent_statements_covered_display": "0"}, "missing_lines": [105], "excluded_lines": [], "start_line": 100}, "training_readiness": {"executed_lines": [], "summary": {"covered_lines": 0, "num_statements": 24, "percent_covered": 0.0, "percent_covered_display": "0", "missing_lines": 24, "excluded_lines": 0, "percent_statements_covered": 0.0, "percent_statements_covered_display": "0"}, "missing_lines": [150, 151, 152, 153, 155, 156, 158, 159, 161, 166, 167, 168, 173, 174, 175, 176, 177, 178, 179, 181, 182, 192, 193, 195], "excluded_lines": [], "start_line": 114}, "": {"executed_lines": [15, 17, 18, 19, 21, 23, 24, 25, 26, 28, 32, 36, 39, 42, 43, 64, 65, 82, 83, 99, 100, 113, 114], "summary": {"covered_lines": 23, "num_statements": 23, "percent_covered": 100.0, "percent_covered_display": "100", "missing_lines": 0, "excluded_lines": 0, "percent_statements_covered": 100.0, "percent_statements_covered_display": "100"}, "missing_lines": [], "excluded_lines": [], "start_line": 1}}, "classes": {"": {"executed_lines": [15, 17, 18, 19, 21, 23, 24, 25, 26, 28, 32, 36, 39, 42, 43, 52, 53, 60, 61, 64, 65, 73, 74, 75, 79, 82, 83, 99, 100, 113, 114], "summary": {"covered_lines": 31, "num_statements": 58, "percent_covered": 53.44827586206897, "percent_covered_display": "53", "missing_lines": 27, "excluded_lines": 0, "percent_statements_covered": 53.44827586206897, "percent_statements_covered_display": "53"}, "missing_lines": [91, 92, 105, 150, 151, 152, 153, 155, 156, 158, 159, 161, 166, 167, 168, 173, 174, 175, 176, 177, 178, 179, 181, 182, 192, 193, 195], "excluded_lines": [], "start_line": 1}}}, "src/audit/logger.py": {"executed_lines": [24, 26, 27, 28, 29, 30, 31, 32, 33, 34, 35, 37, 38, 40, 46, 50, 57, 69, 70, 72, 73, 74, 76, 80, 98, 99, 101, 102, 103, 104, 105, 107, 108, 109, 110, 114, 115, 116, 122, 123, 125, 126, 127, 133, 140, 167, 174, 177, 178, 181, 182, 184, 185, 186, 187, 188, 189, 190, 191, 195, 196, 197, 203, 207, 250, 268, 269, 270, 271, 273, 274, 282, 305, 313, 314, 316, 317, 324, 342, 349, 350, 358, 378, 386, 387], "summary": {"covered_lines": 85, "num_statements": 85, "percent_covered": 100.0, "percent_covered_display": "100", "missing_lines": 0, "excluded_lines": 0, "percent_statements_covered": 100.0, "percent_statements_covered_display": "100"}, "missing_lines": [], "excluded_lines": [], "functions": {"AuditLogger.__init__": {"executed_lines": [73, 74, 76], "summary": {"covered_lines": 3, "num_statements": 3, "percent_covered": 100.0, "percent_covered_display": "100", "missing_lines": 0, "excluded_lines": 0, "percent_statements_covered": 100.0, "percent_statements_covered_display": "100"}, "missing_lines": [], "excluded_lines": [], "start_line": 72}, "AuditLogger._check_append_only": {"executed_lines": [98, 99, 101, 102, 103, 104, 105, 107, 108, 109, 110, 114, 115, 116, 122, 123, 125, 126, 127, 133], "summary": {"covered_lines": 20, "num_statements": 20, "percent_covered": 100.0, "percent_covered_display": "100", "missing_lines": 0, "excluded_lines": 0, "percent_statements_covered": 100.0, "percent_statements_covered_display": "100"}, "missing_lines": [], "excluded_lines": [], "start_line": 80}, "AuditLogger._write_entry": {"executed_lines": [167, 174, 177, 178, 181, 182, 184, 185, 186, 187, 188, 189, 190, 191, 195, 196, 197, 203], "summary": {"covered_lines": 18, "num_statements": 18, "percent_covered": 100.0, "percent_covered_display": "100", "missing_lines": 0, "excluded_lines": 0, "percent_statements_covered": 100.0, "percent_statements_covered_display": "100"}, "missing_lines": [], "excluded_lines": [], "start_line": 140}, "AuditLogger.log_training_run": {"executed_lines": [250, 268, 269, 270, 271, 273, 274], "summary": {"covered_lines": 7, "num_statements": 7, "percent_covered": 100.0, "percent_covered_display": "100", "missing_lines": 0, "excluded_lines": 0, "percent_statements_covered": 100.0, "percent_statements_covered_display": "100"}, "missing_lines": [], "excluded_lines": [], "start_line": 207}, "AuditLogger.log_promotion_decision": {"executed_lines": [305, 313, 314, 316, 317], "summary": {"covered_lines": 5, "num_statements": 5, "percent_covered": 100.0, "percent_covered_display": "100", "missing_lines": 0, "excluded_lines": 0, "percent_statements_covered": 100.0, "percent_statements_covered_display": "100"}, "missing_lines": [], "excluded_lines": [], "start_line": 282}, "AuditLogger.log_online_update": {"executed_lines": [342, 349, 350], "summary": {"covered_lines": 3, "num_statements": 3, "percent_covered": 100.0, "percent_covered_display": "100", "missing_lines": 0, "excluded_lines": 0, "percent_statements_covered": 100.0, "percent_statements_covered_display": "100"}, "missing_lines": [], "excluded_lines": [], "start_line": 324}, "AuditLogger.log_online_update_rejected": {"executed_lines": [378, 386, 387], "summary": {"covered_lines": 3, "num_statements": 3, "percent_covered": 100.0, "percent_covered_display": "100", "missing_lines": 0, "excluded_lines": 0, "percent_statements_covered": 100.0, "percent_statements_covered_display": "100"}, "missing_lines": [], "excluded_lines": [], "start_line": 358}, "": {"executed_lines": [24, 26, 27, 28, 29, 30, 31, 32, 33, 34, 35, 37, 38, 40, 46, 50, 57, 69, 70, 72, 80, 140, 207, 282, 324, 358], "summary": {"covered_lines": 26, "num_statements": 26, "percent_covered": 100.0, "percent_covered_display": "100", "missing_lines": 0, "excluded_lines": 0, "percent_statements_covered": 100.0, "percent_statements_covered_display": "100"}, "missing_lines": [], "excluded_lines": [], "start_line": 1}}, "classes": {"AuditLogViolation": {"executed_lines": [], "summary": {"covered_lines": 0, "num_statements": 0, "percent_covered": 100.0, "percent_covered_display": "100", "missing_lines": 0, "excluded_lines": 0, "percent_statements_covered": 100.0, "percent_statements_covered_display": "100"}, "missing_lines": [], "excluded_lines": [], "start_line": 46}, "AuditLogWriteFailure": {"executed_lines": [], "summary": {"covered_lines": 0, "num_statements": 0, "percent_covered": 100.0, "percent_covered_display": "100", "missing_lines": 0, "excluded_lines": 0, "percent_statements_covered": 100.0, "percent_statements_covered_display": "100"}, "missing_lines": [], "excluded_lines": [], "start_line": 50}, "AuditLogger": {"executed_lines": [73, 74, 76, 98, 99, 101, 102, 103, 104, 105, 107, 108, 109, 110, 114, 115, 116, 122, 123, 125, 126, 127, 133, 167, 174, 177, 178, 181, 182, 184, 185, 186, 187, 188, 189, 190, 191, 195, 196, 197, 203, 250, 268, 269, 270, 271, 273, 274, 305, 313, 314, 316, 317, 342, 349, 350, 378, 386, 387], "summary": {"covered_lines": 59, "num_statements": 59, "percent_covered": 100.0, "percent_covered_display": "100", "missing_lines": 0, "excluded_lines": 0, "percent_statements_covered": 100.0, "percent_statements_covered_display": "100"}, "missing_lines": [], "excluded_lines": [], "start_line": 57}, "": {"executed_lines": [24, 26, 27, 28, 29, 30, 31, 32, 33, 34, 35, 37, 38, 40, 46, 50, 57, 69, 70, 72, 80, 140, 207, 282, 324, 358], "summary": {"covered_lines": 26, "num_statements": 26, "percent_covered": 100.0, "percent_covered_display": "100", "missing_lines": 0, "excluded_lines": 0, "percent_statements_covered": 100.0, "percent_statements_covered_display": "100"}, "missing_lines": [], "excluded_lines": [], "start_line": 1}}}, "src/backtest/engine.py": {"executed_lines": [21, 23, 24, 26, 27, 29, 31, 33, 36, 37, 40, 41, 42, 43, 45, 46, 47, 49, 50, 51, 53, 54, 55, 57, 58, 61, 62, 65, 66, 67, 68, 69, 70, 71, 72, 74, 78, 79, 82, 83, 84, 85, 86, 87, 88, 89, 90, 91, 92, 93, 94, 95, 96, 97, 98, 99, 100, 102, 103, 104, 105, 108, 123, 124, 125, 127, 132, 135, 136, 137, 138, 139, 140, 143, 144, 145, 147, 148, 149, 150, 151, 152, 155, 156, 157, 160, 161, 162, 163, 165, 167, 169, 170, 171, 172, 173, 180, 181, 182, 183, 185, 188, 189, 190, 191, 192, 199, 203, 204, 209, 210, 211, 213, 214, 216, 217, 220, 222, 223, 224, 225, 226, 227, 228, 231, 232, 233, 234, 235, 236, 237, 238, 239, 244, 245, 246, 247, 248, 249, 250, 251, 253, 254, 257, 258, 259, 260, 262, 269, 271, 272, 273, 275, 276, 277, 280, 291, 292, 293, 294, 297, 298, 299, 300], "summary": {"covered_lines": 164, "num_statements": 168, "percent_covered": 97.61904761904762, "percent_covered_display": "98", "missing_lines": 4, "excluded_lines": 0, "percent_statements_covered": 97.61904761904762, "percent_statements_covered_display": "98"}, "missing_lines": [75, 133, 141, 274], "excluded_lines": [], "functions": {"CostModel.entry_cost_bps": {"executed_lines": [47], "summary": {"covered_lines": 1, "num_statements": 1, "percent_covered": 100.0, "percent_covered_display": "100", "missing_lines": 0, "excluded_lines": 0, "percent_statements_covered": 100.0, "percent_statements_covered_display": "100"}, "missing_lines": [], "excluded_lines": [], "start_line": 46}, "CostModel.exit_cost_bps": {"executed_lines": [51], "summary": {"covered_lines": 1, "num_statements": 1, "percent_covered": 100.0, "percent_covered_display": "100", "missing_lines": 0, "excluded_lines": 0, "percent_statements_covered": 100.0, "percent_statements_covered_display": "100"}, "missing_lines": [], "excluded_lines": [], "start_line": 50}, "CostModel.round_trip_fees_bps": {"executed_lines": [55], "summary": {"covered_lines": 1, "num_statements": 1, "percent_covered": 100.0, "percent_covered_display": "100", "missing_lines": 0, "excluded_lines": 0, "percent_statements_covered": 100.0, "percent_statements_covered_display": "100"}, "missing_lines": [], "excluded_lines": [], "start_line": 54}, "CostModel.total_round_trip_bps": {"executed_lines": [58], "summary": {"covered_lines": 1, "num_statements": 1, "percent_covered": 100.0, "percent_covered_display": "100", "missing_lines": 0, "excluded_lines": 0, "percent_statements_covered": 100.0, "percent_statements_covered_display": "100"}, "missing_lines": [], "excluded_lines": [], "start_line": 57}, "Trade.to_dict": {"executed_lines": [], "summary": {"covered_lines": 0, "num_statements": 1, "percent_covered": 0.0, "percent_covered_display": "0", "missing_lines": 1, "excluded_lines": 0, "percent_statements_covered": 0.0, "percent_statements_covered_display": "0"}, "missing_lines": [75], "excluded_lines": [], "start_line": 74}, "BacktestReport.to_dict": {"executed_lines": [103, 104, 105], "summary": {"covered_lines": 3, "num_statements": 3, "percent_covered": 100.0, "percent_covered_display": "100", "missing_lines": 0, "excluded_lines": 0, "percent_statements_covered": 100.0, "percent_statements_covered_display": "100"}, "missing_lines": [], "excluded_lines": [], "start_line": 102}, "BacktestEngine.__init__": {"executed_lines": [124, 125], "summary": {"covered_lines": 2, "num_statements": 2, "percent_covered": 100.0, "percent_covered_display": "100", "missing_lines": 0, "excluded_lines": 0, "percent_statements_covered": 100.0, "percent_statements_covered_display": "100"}, "missing_lines": [], "excluded_lines": [], "start_line": 123}, "BacktestEngine.run": {"executed_lines": [132, 135, 136, 137, 138, 139, 140, 143, 144, 145, 147, 148, 149, 150, 151, 152, 155, 156, 157, 160, 161, 162, 163, 165, 167, 169, 170, 171, 172, 173, 180, 181, 182, 183, 185, 188, 189, 190, 191, 192, 199], "summary": {"covered_lines": 41, "num_statements": 43, "percent_covered": 95.34883720930233, "percent_covered_display": "95", "missing_lines": 2, "excluded_lines": 0, "percent_statements_covered": 95.34883720930233, "percent_statements_covered_display": "95"}, "missing_lines": [133, 141], "excluded_lines": [], "start_line": 127}, "BacktestEngine._report": {"executed_lines": [204, 209, 210, 211, 213, 214, 216, 217, 220, 222, 223, 224, 225, 226, 227, 228, 231, 232, 233, 234, 235, 236, 237, 238, 239, 244, 245, 246, 247, 248, 249, 250, 251, 253, 254, 257, 258, 259, 260, 262, 269], "summary": {"covered_lines": 41, "num_statements": 41, "percent_covered": 100.0, "percent_covered_display": "100", "missing_lines": 0, "excluded_lines": 0, "percent_statements_covered": 100.0, "percent_statements_covered_display": "100"}, "missing_lines": [], "excluded_lines": [], "start_line": 203}, "BacktestEngine._max_drawdown": {"executed_lines": [273, 275, 276, 277], "summary": {"covered_lines": 4, "num_statements": 5, "percent_covered": 80.0, "percent_covered_display": "80", "missing_lines": 1, "excluded_lines": 0, "percent_statements_covered": 80.0, "percent_statements_covered_display": "80"}, "missing_lines": [274], "excluded_lines": [], "start_line": 272}, "cost_sensitivity_analysis": {"executed_lines": [291, 292, 293, 294, 297, 298, 299, 300], "summary": {"covered_lines": 8, "num_statements": 8, "percent_covered": 100.0, "percent_covered_display": "100", "missing_lines": 0, "excluded_lines": 0, "percent_statements_covered": 100.0, "percent_statements_covered_display": "100"}, "missing_lines": [], "excluded_lines": [], "start_line": 280}, "": {"executed_lines": [21, 23, 24, 26, 27, 29, 31, 33, 36, 37, 40, 41, 42, 43, 45, 46, 49, 50, 53, 54, 57, 61, 62, 65, 66, 67, 68, 69, 70, 71, 72, 74, 78, 79, 82, 83, 84, 85, 86, 87, 88, 89, 90, 91, 92, 93, 94, 95, 96, 97, 98, 99, 100, 102, 108, 123, 127, 203, 271, 272, 280], "summary": {"covered_lines": 61, "num_statements": 61, "percent_covered": 100.0, "percent_covered_display": "100", "missing_lines": 0, "excluded_lines": 0, "percent_statements_covered": 100.0, "percent_statements_covered_display": "100"}, "missing_lines": [], "excluded_lines": [], "start_line": 1}}, "classes": {"CostModel": {"executed_lines": [47, 51, 55, 58], "summary": {"covered_lines": 4, "num_statements": 4, "percent_covered": 100.0, "percent_covered_display": "100", "missing_lines": 0, "excluded_lines": 0, "percent_statements_covered": 100.0, "percent_statements_covered_display": "100"}, "missing_lines": [], "excluded_lines": [], "start_line": 37}, "Trade": {"executed_lines": [], "summary": {"covered_lines": 0, "num_statements": 1, "percent_covered": 0.0, "percent_covered_display": "0", "missing_lines": 1, "excluded_lines": 0, "percent_statements_covered": 0.0, "percent_statem
[...]
tatements": 1, "percent_covered": 100.0, "percent_covered_display": "100", "missing_lines": 0, "excluded_lines": 0, "percent_statements_covered": 100.0, "percent_statements_covered_display": "100"}, "missing_lines": [], "excluded_lines": [], "start_line": 67}, "StabilityResult": {"executed_lines": [], "summary": {"covered_lines": 0, "num_statements": 0, "percent_covered": 100.0, "percent_covered_display": "100", "missing_lines": 0, "excluded_lines": 0, "percent_statements_covered": 100.0, "percent_statements_covered_display": "100"}, "missing_lines": [], "excluded_lines": [], "start_line": 87}, "AcceptanceThresholds": {"executed_lines": [], "summary": {"covered_lines": 0, "num_statements": 0, "percent_covered": 100.0, "percent_covered_display": "100", "missing_lines": 0, "excluded_lines": 0, "percent_statements_covered": 100.0, "percent_statements_covered_display": "100"}, "missing_lines": [], "excluded_lines": [], "start_line": 102}, "AcceptanceDecision": {"executed_lines": [], "summary": {"covered_lines": 0, "num_statements": 0, "percent_covered": 100.0, "percent_covered_display": "100", "missing_lines": 0, "excluded_lines": 0, "percent_statements_covered": 100.0, "percent_statements_covered_display": "100"}, "missing_lines": [], "excluded_lines": [], "start_line": 110}, "ValidationResult": {"executed_lines": [134], "summary": {"covered_lines": 1, "num_statements": 1, "percent_covered": 100.0, "percent_covered_display": "100", "missing_lines": 0, "excluded_lines": 0, "percent_statements_covered": 100.0, "percent_statements_covered_display": "100"}, "missing_lines": [], "excluded_lines": [], "start_line": 120}, "FinancialMetricsEvaluator": {"executed_lines": [160, 161, 162, 163, 165, 166, 167, 168, 170, 171, 172, 173, 177, 183, 184, 188, 189, 190, 191, 193, 200, 201, 202, 203, 205, 206, 208, 209, 210, 211, 213, 214, 215, 216, 222, 241, 242, 243], "summary": {"covered_lines": 38, "num_statements": 40, "percent_covered": 95.0, "percent_covered_display": "95", "missing_lines": 2, "excluded_lines": 0, "percent_statements_covered": 95.0, "percent_statements_covered_display": "95"}, "missing_lines": [174, 175], "excluded_lines": [], "start_line": 152}, "ModelAcceptanceGate": {"executed_lines": [342, 351, 352, 353, 355, 356, 357, 361, 362, 363, 368, 369, 370, 375, 376, 377, 381, 382, 383, 387, 389], "summary": {"covered_lines": 21, "num_statements": 21, "percent_covered": 100.0, "percent_covered_display": "100", "missing_lines": 0, "excluded_lines": 0, "percent_statements_covered": 100.0, "percent_statements_covered_display": "100"}, "missing_lines": [], "excluded_lines": [], "start_line": 340}, "": {"executed_lines": [4, 6, 7, 8, 9, 10, 11, 13, 14, 15, 22, 23, 24, 25, 26, 27, 28, 29, 30, 32, 44, 45, 46, 47, 48, 49, 50, 51, 52, 54, 66, 67, 68, 69, 70, 71, 72, 74, 86, 87, 88, 89, 90, 91, 92, 93, 94, 95, 96, 97, 98, 101, 102, 103, 104, 105, 106, 109, 110, 111, 112, 113, 114, 119, 120, 121, 122, 123, 124, 125, 126, 127, 128, 129, 130, 131, 133, 152, 154, 182, 232, 254, 255, 263, 264, 265, 268, 269, 270, 271, 274, 275, 278, 279, 280, 281, 285, 300, 303, 308, 309, 310, 311, 313, 314, 315, 316, 318, 326, 335, 340, 341, 344, 399, 401, 402, 403, 404, 405, 406, 407, 408, 411, 415, 416, 417, 418, 419, 420, 421, 422, 423, 426], "summary": {"covered_lines": 133, "num_statements": 138, "percent_covered": 96.3768115942029, "percent_covered_display": "96", "missing_lines": 5, "excluded_lines": 0, "percent_statements_covered": 96.3768115942029, "percent_statements_covered_display": "96"}, "missing_lines": [256, 283, 304, 424, 425], "excluded_lines": [], "start_line": 1}}}, "src/validation/purged_kfold.py": {"executed_lines": [4, 6, 7, 8, 9, 11, 12, 13, 18, 23, 24, 25, 26, 27, 28, 33, 39, 45, 46, 47, 49, 50, 52, 53, 54, 55, 56, 57, 58, 59, 60, 61, 63, 69, 70, 71, 75, 76, 78, 80, 81, 82, 85, 88, 89, 92, 93, 94, 95, 96, 97, 100, 101, 103, 104, 109, 110, 111, 112, 114, 115, 116, 117, 118, 119, 122, 123, 127, 128, 129, 130, 131, 132, 133, 136, 137, 143, 144, 145, 147, 148, 149, 150, 151, 152, 153, 154, 155, 157, 158, 161, 162, 163, 164, 165, 167, 169, 170, 171, 172, 173, 174, 175, 176, 177, 180, 181, 182, 184, 185, 192, 194, 197, 198, 201, 202, 203, 204, 205, 206, 207, 208, 209, 210, 211, 212, 213, 216, 225, 226, 227], "summary": {"covered_lines": 131, "num_statements": 137, "percent_covered": 95.62043795620438, "percent_covered_display": "96", "missing_lines": 6, "excluded_lines": 0, "percent_statements_covered": 95.62043795620438, "percent_statements_covered_display": "96"}, "missing_lines": [98, 99, 120, 124, 178, 179], "excluded_lines": [], "functions": {"build_t1_series": {"executed_lines": [23, 24, 25, 26, 27, 28], "summary": {"covered_lines": 6, "num_statements": 6, "percent_covered": 100.0, "percent_covered_display": "100", "missing_lines": 0, "excluded_lines": 0, "percent_statements_covered": 100.0, "percent_statements_covered_display": "100"}, "missing_lines": [], "excluded_lines": [], "start_line": 18}, "PurgedKFold.__init__": {"executed_lines": [45, 46, 47], "summary": {"covered_lines": 3, "num_statements": 3, "percent_covered": 100.0, "percent_covered_display": "100", "missing_lines": 0, "excluded_lines": 0, "percent_statements_covered": 100.0, "percent_statements_covered_display": "100"}, "missing_lines": [], "excluded_lines": [], "start_line": 39}, "PurgedKFold.get_n_splits": {"executed_lines": [50], "summary": {"covered_lines": 1, "num_statements": 1, "percent_covered": 100.0, "percent_covered_display": "100", "missing_lines": 0, "excluded_lines": 0, "percent_statements_covered": 100.0, "percent_statements_covered_display": "100"}, "missing_lines": [], "excluded_lines": [], "start_line": 49}, "PurgedKFold._iter_test_masks": {"executed_lines": [53, 54, 55, 56, 57, 58, 59, 60, 61], "summary": {"covered_lines": 9, "num_statements": 9, "percent_covered": 100.0, "percent_covered_display": "100", "missing_lines": 0, "excluded_lines": 0, "percent_statements_covered": 100.0, "percent_statements_covered_display": "100"}, "missing_lines": [], "excluded_lines": [], "start_line": 52}, "PurgedKFold.split": {"executed_lines": [69, 70, 71, 75, 76, 78, 80, 81, 82, 85, 88, 89, 92, 93, 94, 95, 96, 97, 100, 101, 103, 104], "summary": {"covered_lines": 22, "num_statements": 24, "percent_covered": 91.66666666666667, "percent_covered_display": "92", "missing_lines": 2, "excluded_lines": 0, "percent_statements_covered": 91.66666666666667, "percent_statements_covered_display": "92"}, "missing_lines": [98, 99], "excluded_lines": [], "start_line": 63}, "CPCVConfig.__post_init__": {"executed_lines": [115, 116, 117, 118, 119], "summary": {"covered_lines": 5, "num_statements": 6, "percent_covered": 83.33333333333333, "percent_covered_display": "83", "missing_lines": 1, "excluded_lines": 0, "percent_statements_covered": 83.33333333333333, "percent_statements_covered_display": "83"}, "missing_lines": [120], "excluded_lines": [], "start_line": 114}, "CPCVConfig.n_backtest_paths": {"executed_lines": [], "summary": {"covered_lines": 0, "num_statements": 1, "percent_covered": 0.0, "percent_covered_display": "0", "missing_lines": 1, "excluded_lines": 0, "percent_statements_covered": 0.0, "percent_statements_covered_display": "0"}, "missing_lines": [124], "excluded_lines": [], "start_line": 123}, "CombinatorialPurgedCV.__init__": {"executed_lines": [143, 144, 145], "summary": {"covered_lines": 3, "num_statements": 3, "percent_covered": 100.0, "percent_covered_display": "100", "missing_lines": 0, "excluded_lines": 0, "percent_statements_covered": 100.0, "percent_statements_covered_display": "100"}, "missing_lines": [], "excluded_lines": [], "start_line": 137}, "CombinatorialPurgedCV.split": {"executed_lines": [148, 149, 150, 151, 152, 153, 154, 155, 157, 158, 161, 162, 163, 164, 165, 167, 169, 170, 171, 172, 173, 174, 175, 176, 177, 180, 181, 182, 184, 185, 192], "summary": {"covered_lines": 31, "num_statements": 33, "percent_covered": 93.93939393939394, "percent_covered_display": "94", "missing_lines": 2, "excluded_lines": 0, "percent_statements_covered": 93.93939393939394, "percent_statements_covered_display": "94"}, "missing_lines": [178, 179], "excluded_lines": [], "start_line": 147}, "CombinatorialPurgedCV.build_backtest_paths": {"executed_lines": [197, 198, 201, 202, 203, 204, 205, 206, 207, 208, 209, 210, 211, 212, 213], "summary": {"covered_lines": 15, "num_statements": 15, "percent_covered": 100.0, "percent_covered_display": "100", "missing_lines": 0, "excluded_lines": 0, "percent_statements_covered": 100.0, "percent_statements_covered_display": "100"}, "missing_lines": [], "excluded_lines": [], "start_line": 194}, "cpcv_splits": {"executed_lines": [225, 226, 227], "summary": {"covered_lines": 3, "num_statements": 3, "percent_covered": 100.0, "percent_covered_display": "100", "missing_lines": 0, "excluded_lines": 0, "percent_statements_covered": 100.0, "percent_statements_covered_display": "100"}, "missing_lines": [], "excluded_lines": [], "start_line": 216}, "": {"executed_lines": [4, 6, 7, 8, 9, 11, 12, 13, 18, 33, 39, 49, 52, 63, 109, 110, 111, 112, 114, 122, 123, 127, 128, 129, 130, 131, 132, 133, 136, 137, 147, 194, 216], "summary": {"covered_lines": 33, "num_statements": 33, "percent_covered": 100.0, "percent_covered_display": "100", "missing_lines": 0, "excluded_lines": 0, "percent_statements_covered": 100.0, "percent_statements_covered_display": "100"}, "missing_lines": [], "excluded_lines": [], "start_line": 1}}, "classes": {"PurgedKFold": {"executed_lines": [45, 46, 47, 50, 53, 54, 55, 56, 57, 58, 59, 60, 61, 69, 70, 71, 75, 76, 78, 80, 81, 82, 85, 88, 89, 92, 93, 94, 95, 96, 97, 100, 101, 103, 104], "summary": {"covered_lines": 35, "num_statements": 37, "percent_covered": 94.5945945945946, "percent_covered_display": "95", "missing_lines": 2, "excluded_lines": 0, "percent_statements_covered": 94.5945945945946, "percent_statements_covered_display": "95"}, "missing_lines": [98, 99], "excluded_lines": [], "start_line": 33}, "CPCVConfig": {"executed_lines": [115, 116, 117, 118, 119], "summary": {"covered_lines": 5, "num_statements": 7, "percent_covered": 71.42857142857143, "percent_covered_display": "71", "missing_lines": 2, "excluded_lines": 0, "percent_statements_covered": 71.42857142857143, "percent_statements_covered_display": "71"}, "missing_lines": [120, 124], "excluded_lines": [], "start_line": 110}, "CPCVFold": {"executed_lines": [], "summary": {"covered_lines": 0, "num_statements": 0, "percent_covered": 100.0, "percent_covered_display": "100", "missing_lines": 0, "excluded_lines": 0, "percent_statements_covered": 100.0, "percent_statements_covered_display": "100"}, "missing_lines": [], "excluded_lines": [], "start_line": 128}, "CombinatorialPurgedCV": {"executed_lines": [143, 144, 145, 148, 149, 150, 151, 152, 153, 154, 155, 157, 158, 161, 162, 163, 164, 165, 167, 169, 170, 171, 172, 173, 174, 175, 176, 177, 180, 181, 182, 184, 185, 192, 197, 198, 201, 202, 203, 204, 205, 206, 207, 208, 209, 210, 211, 212, 213], "summary": {"covered_lines": 49, "num_statements": 51, "percent_covered": 96.07843137254902, "percent_covered_display": "96", "missing_lines": 2, "excluded_lines": 0, "percent_statements_covered": 96.07843137254902, "percent_statements_covered_display": "96"}, "missing_lines": [178, 179], "excluded_lines": [], "start_line": 136}, "": {"executed_lines": [4, 6, 7, 8, 9, 11, 12, 13, 18, 23, 24, 25, 26, 27, 28, 33, 39, 49, 52, 63, 109, 110, 111, 112, 114, 122, 123, 127, 128, 129, 130, 131, 132, 133, 136, 137, 147, 194, 216, 225, 226, 227], "summary": {"covered_lines": 42, "num_statements": 42, "percent_covered": 100.0, "percent_covered_display": "100", "missing_lines": 0, "excluded_lines": 0, "percent_statements_covered": 100.0, "percent_statements_covered_display": "100"}, "missing_lines": [], "excluded_lines": [], "start_line": 1}}}, "src/validation/walk_forward.py": {"executed_lines": [4, 6, 7, 8, 9, 10, 12, 13, 16, 17, 18, 19, 20, 21, 22, 23, 24, 25, 28, 29, 30, 31, 32, 33, 35, 36, 37, 39, 40, 41, 43, 44, 45, 47, 48, 50, 51, 53, 54, 57, 58, 59, 60, 61, 62, 63, 65, 66, 67, 70, 71, 72, 74, 75, 84, 90, 91, 98, 106, 107, 108, 109, 110, 115, 116, 117, 118, 119, 120, 121, 122, 123, 124, 125, 135, 136, 138, 141, 149, 157, 158, 159, 160, 161, 162, 163, 164, 167, 173, 174, 175, 176, 177, 178, 179, 181, 205, 206, 207], "summary": {"covered_lines": 99, "num_statements": 99, "percent_covered": 100.0, "percent_covered_display": "100", "missing_lines": 0, "excluded_lines": 0, "percent_statements_covered": 100.0, "percent_statements_covered_display": "100"}, "missing_lines": [], "excluded_lines": [], "functions": {"WalkForwardFold.train_indices": {"executed_lines": [37], "summary": {"covered_lines": 1, "num_statements": 1, "percent_covered": 100.0, "percent_covered_display": "100", "missing_lines": 0, "excluded_lines": 0, "percent_statements_covered": 100.0, "percent_statements_covered_display": "100"}, "missing_lines": [], "excluded_lines": [], "start_line": 36}, "WalkForwardFold.val_indices": {"executed_lines": [41], "summary": {"covered_lines": 1, "num_statements": 1, "percent_covered": 100.0, "percent_covered_display": "100", "missing_lines": 0, "excluded_lines": 0, "percent_statements_covered": 100.0, "percent_statements_covered_display": "100"}, "missing_lines": [], "excluded_lines": [], "start_line": 40}, "WalkForwardFold.test_indices": {"executed_lines": [45], "summary": {"covered_lines": 1, "num_statements": 1, "percent_covered": 100.0, "percent_covered_display": "100", "missing_lines": 0, "excluded_lines": 0, "percent_statements_covered": 100.0, "percent_statements_covered_display": "100"}, "missing_lines": [], "excluded_lines": [], "start_line": 44}, "WalkForwardFold.n_train": {"executed_lines": [48], "summary": {"covered_lines": 1, "num_statements": 1, "percent_covered": 100.0, "percent_covered_display": "100", "missing_lines": 0, "excluded_lines": 0, "percent_statements_covered": 100.0, "percent_statements_covered_display": "100"}, "missing_lines": [], "excluded_lines": [], "start_line": 47}, "WalkForwardFold.n_val": {"executed_lines": [51], "summary": {"covered_lines": 1, "num_statements": 1, "percent_covered": 100.0, "percent_covered_display": "100", "missing_lines": 0, "excluded_lines": 0, "percent_statements_covered": 100.0, "percent_statements_covered_display": "100"}, "missing_lines": [], "excluded_lines": [], "start_line": 50}, "WalkForwardFold.n_test": {"executed_lines": [54], "summary": {"covered_lines": 1, "num_statements": 1, "percent_covered": 100.0, "percent_covered_display": "100", "missing_lines": 0, "excluded_lines": 0, "percent_statements_covered": 100.0, "percent_statements_covered_display": "100"}, "missing_lines": [], "excluded_lines": [], "start_line": 53}, "WalkForwardConfig.__post_init__": {"executed_lines": [66, 67], "summary": {"covered_lines": 2, "num_statements": 2, "percent_covered": 100.0, "percent_covered_display": "100", "missing_lines": 0, "excluded_lines": 0, "percent_statements_covered": 100.0, "percent_statements_covered_display": "100"}, "missing_lines": [], "excluded_lines": [], "start_line": 65}, "WalkForwardValidator.__init__": {"executed_lines": [72], "summary": {"covered_lines": 1, "num_statements": 1, "percent_covered": 100.0, "percent_covered_display": "100", "missing_lines": 0, "excluded_lines": 0, "percent_statements_covered": 100.0, "percent_statements_covered_display": "100"}, "missing_lines": [], "excluded_lines": [], "start_line": 71}, "WalkForwardValidator.split": {"executed_lines": [75], "summary": {"covered_lines": 1, "num_statements": 1, "percent_covered": 100.0, "percent_covered_display": "100", "missing_lines": 0, "excluded_lines": 0, "percent_statements_covered": 100.0, "percent_statements_covered_display": "100"}, "missing_lines": [], "excluded_lines": [], "start_line": 74}, "WalkForwardValidator.iter_splits": {"executed_lines": [90, 91], "summary": {"covered_lines": 2, "num_statements": 2, "percent_covered": 100.0, "percent_covered_display": "100", "missing_lines": 0, "excluded_lines": 0, "percent_statements_covered": 100.0, "percent_statements_covered_display": "100"}, "missing_lines": [], "excluded_lines": [], "start_line": 84}, "walk_forward_splits": {"executed_lines": [106, 107, 108, 109, 110, 115, 116, 117, 118, 119, 120, 121, 122, 123, 124, 125, 135, 136, 138], "summary": {"covered_lines": 19, "num_statements": 19, "percent_covered": 100.0, "percent_covered_display": "100", "missing_lines": 0, "excluded_lines": 0, "percent_statements_covered": 100.0, "percent_statements_covered_display": "100"}, "missing_lines": [], "excluded_lines": [], "start_line": 98}, "walk_forward_splits_on_dates": {"executed_lines": [149, 157, 158, 159, 160, 161, 162, 163, 164], "summary": {"covered_lines": 9, "num_statements": 9, "percent_covered": 100.0, "percent_covered_display": "100", "missing_lines": 0, "excluded_lines": 0, "percent_statements_covered": 100.0, "percent_statements_covered_display": "100"}, "missing_lines": [], "excluded_lines": [], "start_line": 141}, "save_fold_manifest": {"executed_lines": [173, 174, 175, 176, 177, 178, 179, 181, 205, 206, 207], "summary": {"covered_lines": 11, "num_statements": 11, "percent_covered": 100.0, "percent_covered_display": "100", "missing_lines": 0, "excluded_lines": 0, "percent_statements_covered": 100.0, "percent_statements_covered_display": "100"}, "missing_lines": [], "excluded_lines": [], "start_line": 167}, "": {"executed_lines": [4, 6, 7, 8, 9, 10, 12, 13, 16, 17, 18, 19, 20, 21, 22, 23, 24, 25, 28, 29, 30, 31, 32, 33, 35, 36, 39, 40, 43, 44, 47, 50, 53, 57, 58, 59, 60, 61, 62, 63, 65, 70, 71, 74, 84, 98, 141, 167], "summary": {"covered_lines": 48, "num_statements": 48, "percent_covered": 100.0, "percent_covered_display": "100", "missing_lines": 0, "excluded_lines": 0, "percent_statements_covered": 100.0, "percent_statements_covered_display": "100"}, "missing_lines": [], "excluded_lines": [], "start_line": 1}}, "classes": {"WalkForwardFold": {"executed_lines": [37, 41, 45, 48, 51, 54], "summary": {"covered_lines": 6, "num_statements": 6, "percent_covered": 100.0, "percent_covered_display": "100", "missing_lines": 0, "excluded_lines": 0, "percent_statements_covered": 100.0, "percent_statements_covered_display": "100"}, "missing_lines": [], "excluded_lines": [], "start_line": 17}, "WalkForwardConfig": {"executed_lines": [66, 67], "summary": {"covered_lines": 2, "num_statements": 2, "percent_covered": 100.0, "percent_covered_display": "100", "missing_lines": 0, "excluded_lines": 0, "percent_statements_covered": 100.0, "percent_statements_covered_display": "100"}, "missing_lines": [], "excluded_lines": [], "start_line": 58}, "WalkForwardValidator": {"executed_lines": [72, 75, 90, 91], "summary": {"covered_lines": 4, "num_statements": 4, "percent_covered": 100.0, "percent_covered_display": "100", "missing_lines": 0, "excluded_lines": 0, "percent_statements_covered": 100.0, "percent_statements_covered_display": "100"}, "missing_lines": [], "excluded_lines": [], "start_line": 70}, "": {"executed_lines": [4, 6, 7, 8, 9, 10, 12, 13, 16, 17, 18, 19, 20, 21, 22, 23, 24, 25, 28, 29, 30, 31, 32, 33, 35, 36, 39, 40, 43, 44, 47, 50, 53, 57, 58, 59, 60, 61, 62, 63, 65, 70, 71, 74, 84, 98, 106, 107, 108, 109, 110, 115, 116, 117, 118, 119, 120, 121, 122, 123, 124, 125, 135, 136, 138, 141, 149, 157, 158, 159, 160, 161, 162, 163, 164, 167, 173, 174, 175, 176, 177, 178, 179, 181, 205, 206, 207], "summary": {"covered_lines": 87, "num_statements": 87, "percent_covered": 100.0, "percent_covered_display": "100", "missing_lines": 0, "excluded_lines": 0, "percent_statements_covered": 100.0, "percent_statements_covered_display": "100"}, "missing_lines": [], "excluded_lines": [], "start_line": 1}}}}, "totals": {"covered_lines": 10144, "num_statements": 12067, "percent_covered": 84.06397613325599, "percent_covered_display": "84", "missing_lines": 1923, "excluded_lines": 11, "percent_statements_covered": 84.06397613325599, "percent_statements_covered_display": "84"}}